dump_birch.py tool
Started on    : 2024-10-25 16:35:29.425541, vmelnik@Uranus
Working dir   : /Users/vmelnik/Projects/Dartmouth/branches/reproflow-data-sync/code
Session path  : /Users/vmelnik/Projects/Dartmouth/branches/typhon/reproflow-data-sync/ses-20241004
Session ID    : ses-20241004
Dumps path    : /Users/vmelnik/Projects/Dartmouth/branches/typhon/reproflow-data-sync/ses-20241004/timing-dumps
DICOMS dump   : /Users/vmelnik/Projects/Dartmouth/branches/typhon/reproflow-data-sync/ses-20241004/timing-dumps/dump_dicoms.jsonl
Birch path    : /Users/vmelnik/Projects/Dartmouth/branches/typhon/reproflow-data-sync/ses-20241004/birch
Loading tmap  : /Users/vmelnik/Projects/Dartmouth/branches/reproflow-data-sync/code/repronim_tmap.jsonl
              : TMap marks count 12 : [0]=2024-05-28T11:09:00.647672, [1]=2024-06-04T13:54:19.385115, [2]=2024-08-09T10:31:40.686521, [3]=2024-08-09T10:33:21.970882, [4]=2024-08-09T10:35:07.839213, [5]=2024-08-30T11:43:13.027994, [6]=2024-08-30T11:44:53.989127, [7]=2024-08-30T11:52:48.702265, [8]=2024-08-30T11:53:27.575961, [9]=2024-08-30T11:54:06.398548, [10]=2024-08-30T11:54:45.238364, [11]=2024-08-30T11:55:24.166825
No dumps config found under /Users/vmelnik/Projects/Dartmouth/branches/typhon/reproflow-data-sync/ses-20241004/timing-dumps-config.yaml path, using defaults
Study range   : dicoms 2024-10-04 09:28:12.917500 - 2024-10-04 09:38:50.497500
use avg period
from_offset=29.998068991742283, to_offset=0.0
offset=-29.998068991742283
use avg period
from_offset=30.010267422693968, to_offset=0.0
offset=-30.010267422693968
              : birch  2024-10-04 09:27:42.919431008 - 2024-10-04 09:38:20.487232577
Reading birch directory: /Users/vmelnik/Projects/Dartmouth/branches/typhon/reproflow-data-sync/ses-20241004/birch
  out.jsonl
Processing    : /Users/vmelnik/Projects/Dartmouth/branches/typhon/reproflow-data-sync/ses-20241004/birch/out.jsonl
Exit on   : 2024-10-25 16:35:29.432737
Exit code : 0
