dump_marks.py tool
Started on    : 2024-08-14 12:27:55.457982, vmelnik@Uranus
Working dir   : /Users/vmelnik/Projects/Dartmouth/branches/reproflow-data-sync/code
Session path  : /Users/vmelnik/Projects/Dartmouth/branches/typhon/reproflow-data-sync/ses-20240528
Session ID    : ses-20240528
Skip birch series (too small=3): ['birch_000001', 'birch_000002', 'birch_000003']
Skip qrinfo series (too small=1): ['qr_000001']
Skip qrinfo series (too small=1): ['qr_000002']
Skip qrinfo series (too small=1): ['qr_000003']
Skip qrinfo series (too small=1): ['qr_000004']
Skip qrinfo series (too small=1): ['qr_000005']
Skip qrinfo series (too small=3): ['qr_000006', 'qr_000007', 'qr_000008']
Skip qrinfo series (too small=1): ['qr_000024']
Skip psychopy series (too small=1): ['psychopy_000001']
Skip psychopy series (too small=1): ['psychopy_000002']
Skip psychopy series (too small=1): ['psychopy_000003']
Skip psychopy series (too small=3): ['psychopy_000004', 'psychopy_000005', 'psychopy_000006']
Skip psychopy series (too small=1): ['psychopy_000007']
Skip psychopy series (too small=1): ['psychopy_000008']
Skip psychopy series (too small=1): ['psychopy_000009']
Skip psychopy series (too small=1): ['psychopy_000025']
Skip reproevents series (too small=3): ['reproevents_000001', 'reproevents_000002', 'reproevents_000003']
Swimlane: dicoms
  Found 3 dicoms series
  Series: 005-func-bold_task-rest_run-1, count: 2, interval: 2.0, next_series_interval: 42.7875, ids: dicom_000140..dicom_000141
  Series: 006-func-bold_task-rest_run-1, count: 15, interval: 2.0, next_series_interval: 109.0075, ids: dicom_000142..dicom_000156
  Series: 007-func-bold_task-rest_run-2, count: 15, interval: 2.0, next_series_interval: 0.0, ids: dicom_000157..dicom_000171
Swimlane: birch
  Found 2 birch series
  Series: birch-series-1, count: 15, interval: 2.0007914285714286, next_series_interval: 108.232684, ids: birch_000004..birch_000018
  Series: birch-series-2, count: 15, interval: 2.0003748571428575, next_series_interval: 0, ids: birch_000019..birch_000033
Swimlane: qrinfo
  Found 1 qrinfo series
  Series: qrinfo-series-1, count: 15, interval: 1.9821428571428572, next_series_interval: 0, ids: qr_000009..qr_000023
Swimlane: psychopy
  Found 1 psychopy series
  Series: psychopy-series-1, count: 15, interval: 2.000010142857143, next_series_interval: 0, ids: psychopy_000010..psychopy_000024
Swimlane: reproevents
  Found 2 reproevents series
  Series: reproevents-series-1, count: 15, interval: 2.0000027142857144, next_series_interval: 108.231076, ids: reproevents_000004..reproevents_000018
  Series: reproevents-series-2, count: 15, interval: 2.0000004285714286, next_series_interval: 0, ids: reproevents_000019..reproevents_000033
dicoms.005-func-bold_task-rest_run-1 : ['dicom_000140', 'dicom_000141']
dicoms.006-func-bold_task-rest_run-1 : ['dicom_000142', 'dicom_000143', 'dicom_000144', 'dicom_000145', 'dicom_000146', 'dicom_000147', 'dicom_000148', 'dicom_000149', 'dicom_000150', 'dicom_000151', 'dicom_000152', 'dicom_000153', 'dicom_000154', 'dicom_000155', 'dicom_000156']
dicoms.007-func-bold_task-rest_run-2 : ['dicom_000157', 'dicom_000158', 'dicom_000159', 'dicom_000160', 'dicom_000161', 'dicom_000162', 'dicom_000163', 'dicom_000164', 'dicom_000165', 'dicom_000166', 'dicom_000167', 'dicom_000168', 'dicom_000169', 'dicom_000170', 'dicom_000171']
birch.birch-series-1 : ['birch_000004', 'birch_000005', 'birch_000006', 'birch_000007', 'birch_000008', 'birch_000009', 'birch_000010', 'birch_000011', 'birch_000012', 'birch_000013', 'birch_000014', 'birch_000015', 'birch_000016', 'birch_000017', 'birch_000018']
birch.birch-series-2 : ['birch_000019', 'birch_000020', 'birch_000021', 'birch_000022', 'birch_000023', 'birch_000024', 'birch_000025', 'birch_000026', 'birch_000027', 'birch_000028', 'birch_000029', 'birch_000030', 'birch_000031', 'birch_000032', 'birch_000033']
qrinfo.qrinfo-series-1 : ['qr_000009', 'qr_000010', 'qr_000011', 'qr_000012', 'qr_000013', 'qr_000014', 'qr_000015', 'qr_000016', 'qr_000017', 'qr_000018', 'qr_000019', 'qr_000020', 'qr_000021', 'qr_000022', 'qr_000023']
psychopy.psychopy-series-1 : ['psychopy_000010', 'psychopy_000011', 'psychopy_000012', 'psychopy_000013', 'psychopy_000014', 'psychopy_000015', 'psychopy_000016', 'psychopy_000017', 'psychopy_000018', 'psychopy_000019', 'psychopy_000020', 'psychopy_000021', 'psychopy_000022', 'psychopy_000023', 'psychopy_000024']
reproevents.reproevents-series-1 : ['reproevents_000004', 'reproevents_000005', 'reproevents_000006', 'reproevents_000007', 'reproevents_000008', 'reproevents_000009', 'reproevents_000010', 'reproevents_000011', 'reproevents_000012', 'reproevents_000013', 'reproevents_000014', 'reproevents_000015', 'reproevents_000016', 'reproevents_000017', 'reproevents_000018']
reproevents.reproevents-series-2 : ['reproevents_000019', 'reproevents_000020', 'reproevents_000021', 'reproevents_000022', 'reproevents_000023', 'reproevents_000024', 'reproevents_000025', 'reproevents_000026', 'reproevents_000027', 'reproevents_000028', 'reproevents_000029', 'reproevents_000030', 'reproevents_000031', 'reproevents_000032', 'reproevents_000033']
{"type":"MarkRecord","session_id":"ses-20240528","id":"mark_000001","kind":"Func series start","name":"005-func-bold_task-rest_run-1_start","target_ids":["dicom_000140"],"dicoms_isotime":"2024-05-28T11:12:39.707500","dicoms_duration":2.0,"birch_isotime":null,"birch_duration":null,"qrinfo_isotime":null,"qrinfo_duration":null,"psychopy_isotime":null,"psychopy_duration":null,"reproevents_isotime":null,"reproevents_duration":null}
{"type":"MarkRecord","session_id":"ses-20240528","id":"mark_000002","kind":"Func series scan","name":"005-func-bold_task-rest_run-1_scan_0","target_ids":["dicom_000140"],"dicoms_isotime":"2024-05-28T11:12:39.707500","dicoms_duration":null,"birch_isotime":null,"birch_duration":null,"qrinfo_isotime":null,"qrinfo_duration":null,"psychopy_isotime":null,"psychopy_duration":null,"reproevents_isotime":null,"reproevents_duration":null}
{"type":"MarkRecord","session_id":"ses-20240528","id":"mark_000003","kind":"Func series scan","name":"005-func-bold_task-rest_run-1_scan_1","target_ids":["dicom_000141"],"dicoms_isotime":"2024-05-28T11:12:41.707500","dicoms_duration":null,"birch_isotime":null,"birch_duration":null,"qrinfo_isotime":null,"qrinfo_duration":null,"psychopy_isotime":null,"psychopy_duration":null,"reproevents_isotime":null,"reproevents_duration":null}
Mark: type='MarkRecord' session_id='ses-20240528' id='mark_000004' kind='Func series end' name='005-func-bold_task-rest_run-1_end' target_ids=['dicom_000141'] dicoms_isotime=Timestamp('2024-05-28 11:12:41.707500') dicoms_duration=None birch_isotime=None birch_duration=None qrinfo_isotime=None qrinfo_duration=None psychopy_isotime=None psychopy_duration=None reproevents_isotime=None reproevents_duration=None
{"type":"MarkRecord","session_id":"ses-20240528","id":"mark_000004","kind":"Func series end","name":"005-func-bold_task-rest_run-1_end","target_ids":["dicom_000141"],"dicoms_isotime":"2024-05-28T11:12:41.707500","dicoms_duration":null,"birch_isotime":null,"birch_duration":null,"qrinfo_isotime":null,"qrinfo_duration":null,"psychopy_isotime":null,"psychopy_duration":null,"reproevents_isotime":null,"reproevents_duration":null}
{"type":"MarkRecord","session_id":"ses-20240528","id":"mark_000005","kind":"Func series start","name":"006-func-bold_task-rest_run-1_start","target_ids":["dicom_000142","birch_000004","reproevents_000004"],"dicoms_isotime":"2024-05-28T11:13:22.495000","dicoms_duration":28.0,"birch_isotime":"2024-05-28T11:07:12.377772","birch_duration":28.01108,"qrinfo_isotime":null,"qrinfo_duration":null,"psychopy_isotime":null,"psychopy_duration":null,"reproevents_isotime":"2024-05-28T11:07:12.383346","reproevents_duration":28.000038}
{"type":"MarkRecord","session_id":"ses-20240528","id":"mark_000006","kind":"Func series scan","name":"006-func-bold_task-rest_run-1_scan_0","target_ids":["dicom_000142","birch_000004","reproevents_000004"],"dicoms_isotime":"2024-05-28T11:13:22.495000","dicoms_duration":null,"birch_isotime":"2024-05-28T11:07:12.377772","birch_duration":null,"qrinfo_isotime":null,"qrinfo_duration":null,"psychopy_isotime":null,"psychopy_duration":null,"reproevents_isotime":"2024-05-28T11:07:12.383346","reproevents_duration":null}
{"type":"MarkRecord","session_id":"ses-20240528","id":"mark_000007","kind":"Func series scan","name":"006-func-bold_task-rest_run-1_scan_1","target_ids":["dicom_000143","birch_000005","reproevents_000005"],"dicoms_isotime":"2024-05-28T11:13:24.495000","dicoms_duration":null,"birch_isotime":"2024-05-28T11:07:14.382652","birch_duration":null,"qrinfo_isotime":null,"qrinfo_duration":null,"psychopy_isotime":null,"psychopy_duration":null,"reproevents_isotime":"2024-05-28T11:07:14.383460","reproevents_duration":null}
{"type":"MarkRecord","session_id":"ses-20240528","id":"mark_000008","kind":"Func series scan","name":"006-func-bold_task-rest_run-1_scan_2","target_ids":["dicom_000144","birch_000006","reproevents_000006"],"dicoms_isotime":"2024-05-28T11:13:26.495000","dicoms_duration":null,"birch_isotime":"2024-05-28T11:07:16.378552","birch_duration":null,"qrinfo_isotime":null,"qrinfo_duration":null,"psychopy_isotime":null,"psychopy_duration":null,"reproevents_isotime":"2024-05-28T11:07:16.383363","reproevents_duration":null}
{"type":"MarkRecord","session_id":"ses-20240528","id":"mark_000009","kind":"Func series scan","name":"006-func-bold_task-rest_run-1_scan_3","target_ids":["dicom_000145","birch_000007","reproevents_000007"],"dicoms_isotime":"2024-05-28T11:13:28.495000","dicoms_duration":null,"birch_isotime":"2024-05-28T11:07:18.384913","birch_duration":null,"qrinfo_isotime":null,"qrinfo_duration":null,"psychopy_isotime":null,"psychopy_duration":null,"reproevents_isotime":"2024-05-28T11:07:18.383377","reproevents_duration":null}
{"type":"MarkRecord","session_id":"ses-20240528","id":"mark_000010","kind":"Func series scan","name":"006-func-bold_task-rest_run-1_scan_4","target_ids":["dicom_000146","birch_000008","reproevents_000008"],"dicoms_isotime":"2024-05-28T11:13:30.495000","dicoms_duration":null,"birch_isotime":"2024-05-28T11:07:20.380289","birch_duration":null,"qrinfo_isotime":null,"qrinfo_duration":null,"psychopy_isotime":null,"psychopy_duration":null,"reproevents_isotime":"2024-05-28T11:07:20.383329","reproevents_duration":null}
{"type":"MarkRecord","session_id":"ses-20240528","id":"mark_000011","kind":"Func series scan","name":"006-func-bold_task-rest_run-1_scan_5","target_ids":["dicom_000147","birch_000009","reproevents_000009"],"dicoms_isotime":"2024-05-28T11:13:32.495000","dicoms_duration":null,"birch_isotime":"2024-05-28T11:07:22.385893","birch_duration":null,"qrinfo_isotime":null,"qrinfo_duration":null,"psychopy_isotime":null,"psychopy_duration":null,"reproevents_isotime":"2024-05-28T11:07:22.383473","reproevents_duration":null}
{"type":"MarkRecord","session_id":"ses-20240528","id":"mark_000012","kind":"Func series scan","name":"006-func-bold_task-rest_run-1_scan_6","target_ids":["dicom_000148","birch_000010","reproevents_000010"],"dicoms_isotime":"2024-05-28T11:13:34.495000","dicoms_duration":null,"birch_isotime":"2024-05-28T11:07:24.389291","birch_duration":null,"qrinfo_isotime":null,"qrinfo_duration":null,"psychopy_isotime":null,"psychopy_duration":null,"reproevents_isotime":"2024-05-28T11:07:24.383348","reproevents_duration":null}
{"type":"MarkRecord","session_id":"ses-20240528","id":"mark_000013","kind":"Func series scan","name":"006-func-bold_task-rest_run-1_scan_7","target_ids":["dicom_000149","birch_000011","reproevents_000011"],"dicoms_isotime":"2024-05-28T11:13:36.495000","dicoms_duration":null,"birch_isotime":"2024-05-28T11:07:26.379962","birch_duration":null,"qrinfo_isotime":null,"qrinfo_duration":null,"psychopy_isotime":null,"psychopy_duration":null,"reproevents_isotime":"2024-05-28T11:07:26.383453","reproevents_duration":null}
{"type":"MarkRecord","session_id":"ses-20240528","id":"mark_000014","kind":"Func series scan","name":"006-func-bold_task-rest_run-1_scan_8","target_ids":["dicom_000150","birch_000012","reproevents_000012"],"dicoms_isotime":"2024-05-28T11:13:38.495000","dicoms_duration":null,"birch_isotime":"2024-05-28T11:07:28.381586","birch_duration":null,"qrinfo_isotime":null,"qrinfo_duration":null,"psychopy_isotime":null,"psychopy_duration":null,"reproevents_isotime":"2024-05-28T11:07:28.383434","reproevents_duration":null}
{"type":"MarkRecord","session_id":"ses-20240528","id":"mark_000015","kind":"Func series scan","name":"006-func-bold_task-rest_run-1_scan_9","target_ids":["dicom_000151","birch_000013","reproevents_000013"],"dicoms_isotime":"2024-05-28T11:13:40.495000","dicoms_duration":null,"birch_isotime":"2024-05-28T11:07:30.389523","birch_duration":null,"qrinfo_isotime":null,"qrinfo_duration":null,"psychopy_isotime":null,"psychopy_duration":null,"reproevents_isotime":"2024-05-28T11:07:30.383448","reproevents_duration":null}
{"type":"MarkRecord","session_id":"ses-20240528","id":"mark_000016","kind":"Func series scan","name":"006-func-bold_task-rest_run-1_scan_10","target_ids":["dicom_000152","birch_000014","reproevents_000014"],"dicoms_isotime":"2024-05-28T11:13:42.495000","dicoms_duration":null,"birch_isotime":"2024-05-28T11:07:32.377277","birch_duration":null,"qrinfo_isotime":null,"qrinfo_duration":null,"psychopy_isotime":null,"psychopy_duration":null,"reproevents_isotime":"2024-05-28T11:07:32.383446","reproevents_duration":null}
{"type":"MarkRecord","session_id":"ses-20240528","id":"mark_000017","kind":"Func series scan","name":"006-func-bold_task-rest_run-1_scan_11","target_ids":["dicom_000153","birch_000015","reproevents_000015"],"dicoms_isotime":"2024-05-28T11:13:44.495000","dicoms_duration":null,"birch_isotime":"2024-05-28T11:07:34.382613","birch_duration":null,"qrinfo_isotime":null,"qrinfo_duration":null,"psychopy_isotime":null,"psychopy_duration":null,"reproevents_isotime":"2024-05-28T11:07:34.383427","reproevents_duration":null}
{"type":"MarkRecord","session_id":"ses-20240528","id":"mark_000018","kind":"Func series scan","name":"006-func-bold_task-rest_run-1_scan_12","target_ids":["dicom_000154","birch_000016","reproevents_000016"],"dicoms_isotime":"2024-05-28T11:13:46.495000","dicoms_duration":null,"birch_isotime":"2024-05-28T11:07:36.389740","birch_duration":null,"qrinfo_isotime":null,"qrinfo_duration":null,"psychopy_isotime":null,"psychopy_duration":null,"reproevents_isotime":"2024-05-28T11:07:36.383415","reproevents_duration":null}
{"type":"MarkRecord","session_id":"ses-20240528","id":"mark_000019","kind":"Func series scan","name":"006-func-bold_task-rest_run-1_scan_13","target_ids":["dicom_000155","birch_000017","reproevents_000017"],"dicoms_isotime":"2024-05-28T11:13:48.495000","dicoms_duration":null,"birch_isotime":"2024-05-28T11:07:38.383853","birch_duration":null,"qrinfo_isotime":null,"qrinfo_duration":null,"psychopy_isotime":null,"psychopy_duration":null,"reproevents_isotime":"2024-05-28T11:07:38.383385","reproevents_duration":null}
{"type":"MarkRecord","session_id":"ses-20240528","id":"mark_000020","kind":"Func series scan","name":"006-func-bold_task-rest_run-1_scan_14","target_ids":["dicom_000156","birch_000018","reproevents_000018"],"dicoms_isotime":"2024-05-28T11:13:50.495000","dicoms_duration":null,"birch_isotime":"2024-05-28T11:07:40.388852","birch_duration":null,"qrinfo_isotime":null,"qrinfo_duration":null,"psychopy_isotime":null,"psychopy_duration":null,"reproevents_isotime":"2024-05-28T11:07:40.383384","reproevents_duration":null}
Mark: type='MarkRecord' session_id='ses-20240528' id='mark_000021' kind='Func series end' name='006-func-bold_task-rest_run-1_end' target_ids=['dicom_000156'] dicoms_isotime=Timestamp('2024-05-28 11:13:50.495000') dicoms_duration=None birch_isotime=None birch_duration=None qrinfo_isotime=None qrinfo_duration=None psychopy_isotime=None psychopy_duration=None reproevents_isotime=None reproevents_duration=None
{"type":"MarkRecord","session_id":"ses-20240528","id":"mark_000021","kind":"Func series end","name":"006-func-bold_task-rest_run-1_end","target_ids":["dicom_000156","birch_000018","reproevents_000018"],"dicoms_isotime":"2024-05-28T11:13:50.495000","dicoms_duration":null,"birch_isotime":"2024-05-28T11:07:40.388852","birch_duration":null,"qrinfo_isotime":null,"qrinfo_duration":null,"psychopy_isotime":null,"psychopy_duration":null,"reproevents_isotime":"2024-05-28T11:07:40.383384","reproevents_duration":null}
{"type":"MarkRecord","session_id":"ses-20240528","id":"mark_000022","kind":"Func series start","name":"007-func-bold_task-rest_run-2_start","target_ids":["dicom_000157"],"dicoms_isotime":"2024-05-28T11:15:11.502500","dicoms_duration":28.0,"birch_isotime":null,"birch_duration":null,"qrinfo_isotime":null,"qrinfo_duration":null,"psychopy_isotime":null,"psychopy_duration":null,"reproevents_isotime":null,"reproevents_duration":null}
{"type":"MarkRecord","session_id":"ses-20240528","id":"mark_000023","kind":"Func series scan","name":"007-func-bold_task-rest_run-2_scan_0","target_ids":["dicom_000157"],"dicoms_isotime":"2024-05-28T11:15:11.502500","dicoms_duration":null,"birch_isotime":null,"birch_duration":null,"qrinfo_isotime":null,"qrinfo_duration":null,"psychopy_isotime":null,"psychopy_duration":null,"reproevents_isotime":null,"reproevents_duration":null}
{"type":"MarkRecord","session_id":"ses-20240528","id":"mark_000024","kind":"Func series scan","name":"007-func-bold_task-rest_run-2_scan_1","target_ids":["dicom_000158"],"dicoms_isotime":"2024-05-28T11:15:13.502500","dicoms_duration":null,"birch_isotime":null,"birch_duration":null,"qrinfo_isotime":null,"qrinfo_duration":null,"psychopy_isotime":null,"psychopy_duration":null,"reproevents_isotime":null,"reproevents_duration":null}
{"type":"MarkRecord","session_id":"ses-20240528","id":"mark_000025","kind":"Func series scan","name":"007-func-bold_task-rest_run-2_scan_2","target_ids":["dicom_000159"],"dicoms_isotime":"2024-05-28T11:15:15.502500","dicoms_duration":null,"birch_isotime":null,"birch_duration":null,"qrinfo_isotime":null,"qrinfo_duration":null,"psychopy_isotime":null,"psychopy_duration":null,"reproevents_isotime":null,"reproevents_duration":null}
{"type":"MarkRecord","session_id":"ses-20240528","id":"mark_000026","kind":"Func series scan","name":"007-func-bold_task-rest_run-2_scan_3","target_ids":["dicom_000160"],"dicoms_isotime":"2024-05-28T11:15:17.502500","dicoms_duration":null,"birch_isotime":null,"birch_duration":null,"qrinfo_isotime":null,"qrinfo_duration":null,"psychopy_isotime":null,"psychopy_duration":null,"reproevents_isotime":null,"reproevents_duration":null}
{"type":"MarkRecord","session_id":"ses-20240528","id":"mark_000027","kind":"Func series scan","name":"007-func-bold_task-rest_run-2_scan_4","target_ids":["dicom_000161"],"dicoms_isotime":"2024-05-28T11:15:19.502500","dicoms_duration":null,"birch_isotime":null,"birch_duration":null,"qrinfo_isotime":null,"qrinfo_duration":null,"psychopy_isotime":null,"psychopy_duration":null,"reproevents_isotime":null,"reproevents_duration":null}
{"type":"MarkRecord","session_id":"ses-20240528","id":"mark_000028","kind":"Func series scan","name":"007-func-bold_task-rest_run-2_scan_5","target_ids":["dicom_000162"],"dicoms_isotime":"2024-05-28T11:15:21.502500","dicoms_duration":null,"birch_isotime":null,"birch_duration":null,"qrinfo_isotime":null,"qrinfo_duration":null,"psychopy_isotime":null,"psychopy_duration":null,"reproevents_isotime":null,"reproevents_duration":null}
{"type":"MarkRecord","session_id":"ses-20240528","id":"mark_000029","kind":"Func series scan","name":"007-func-bold_task-rest_run-2_scan_6","target_ids":["dicom_000163"],"dicoms_isotime":"2024-05-28T11:15:23.502500","dicoms_duration":null,"birch_isotime":null,"birch_duration":null,"qrinfo_isotime":null,"qrinfo_duration":null,"psychopy_isotime":null,"psychopy_duration":null,"reproevents_isotime":null,"reproevents_duration":null}
{"type":"MarkRecord","session_id":"ses-20240528","id":"mark_000030","kind":"Func series scan","name":"007-func-bold_task-rest_run-2_scan_7","target_ids":["dicom_000164"],"dicoms_isotime":"2024-05-28T11:15:25.502500","dicoms_duration":null,"birch_isotime":null,"birch_duration":null,"qrinfo_isotime":null,"qrinfo_duration":null,"psychopy_isotime":null,"psychopy_duration":null,"reproevents_isotime":null,"reproevents_duration":null}
{"type":"MarkRecord","session_id":"ses-20240528","id":"mark_000031","kind":"Func series scan","name":"007-func-bold_task-rest_run-2_scan_8","target_ids":["dicom_000165"],"dicoms_isotime":"2024-05-28T11:15:27.502500","dicoms_duration":null,"birch_isotime":null,"birch_duration":null,"qrinfo_isotime":null,"qrinfo_duration":null,"psychopy_isotime":null,"psychopy_duration":null,"reproevents_isotime":null,"reproevents_duration":null}
{"type":"MarkRecord","session_id":"ses-20240528","id":"mark_000032","kind":"Func series scan","name":"007-func-bold_task-rest_run-2_scan_9","target_ids":["dicom_000166"],"dicoms_isotime":"2024-05-28T11:15:29.502500","dicoms_duration":null,"birch_isotime":null,"birch_duration":null,"qrinfo_isotime":null,"qrinfo_duration":null,"psychopy_isotime":null,"psychopy_duration":null,"reproevents_isotime":null,"reproevents_duration":null}
{"type":"MarkRecord","session_id":"ses-20240528","id":"mark_000033","kind":"Func series scan","name":"007-func-bold_task-rest_run-2_scan_10","target_ids":["dicom_000167"],"dicoms_isotime":"2024-05-28T11:15:31.502500","dicoms_duration":null,"birch_isotime":null,"birch_duration":null,"qrinfo_isotime":null,"qrinfo_duration":null,"psychopy_isotime":null,"psychopy_duration":null,"reproevents_isotime":null,"reproevents_duration":null}
{"type":"MarkRecord","session_id":"ses-20240528","id":"mark_000034","kind":"Func series scan","name":"007-func-bold_task-rest_run-2_scan_11","target_ids":["dicom_000168"],"dicoms_isotime":"2024-05-28T11:15:33.502500","dicoms_duration":null,"birch_isotime":null,"birch_duration":null,"qrinfo_isotime":null,"qrinfo_duration":null,"psychopy_isotime":null,"psychopy_duration":null,"reproevents_isotime":null,"reproevents_duration":null}
{"type":"MarkRecord","session_id":"ses-20240528","id":"mark_000035","kind":"Func series scan","name":"007-func-bold_task-rest_run-2_scan_12","target_ids":["dicom_000169"],"dicoms_isotime":"2024-05-28T11:15:35.502500","dicoms_duration":null,"birch_isotime":null,"birch_duration":null,"qrinfo_isotime":null,"qrinfo_duration":null,"psychopy_isotime":null,"psychopy_duration":null,"reproevents_isotime":null,"reproevents_duration":null}
{"type":"MarkRecord","session_id":"ses-20240528","id":"mark_000036","kind":"Func series scan","name":"007-func-bold_task-rest_run-2_scan_13","target_ids":["dicom_000170"],"dicoms_isotime":"2024-05-28T11:15:37.502500","dicoms_duration":null,"birch_isotime":null,"birch_duration":null,"qrinfo_isotime":null,"qrinfo_duration":null,"psychopy_isotime":null,"psychopy_duration":null,"reproevents_isotime":null,"reproevents_duration":null}
{"type":"MarkRecord","session_id":"ses-20240528","id":"mark_000037","kind":"Func series scan","name":"007-func-bold_task-rest_run-2_scan_14","target_ids":["dicom_000171"],"dicoms_isotime":"2024-05-28T11:15:39.502500","dicoms_duration":null,"birch_isotime":null,"birch_duration":null,"qrinfo_isotime":null,"qrinfo_duration":null,"psychopy_isotime":null,"psychopy_duration":null,"reproevents_isotime":null,"reproevents_duration":null}
Mark: type='MarkRecord' session_id='ses-20240528' id='mark_000038' kind='Func series end' name='007-func-bold_task-rest_run-2_end' target_ids=['dicom_000171'] dicoms_isotime=Timestamp('2024-05-28 11:15:39.502500') dicoms_duration=None birch_isotime=None birch_duration=None qrinfo_isotime=None qrinfo_duration=None psychopy_isotime=None psychopy_duration=None reproevents_isotime=None reproevents_duration=None
{"type":"MarkRecord","session_id":"ses-20240528","id":"mark_000038","kind":"Func series end","name":"007-func-bold_task-rest_run-2_end","target_ids":["dicom_000171"],"dicoms_isotime":"2024-05-28T11:15:39.502500","dicoms_duration":null,"birch_isotime":null,"birch_duration":null,"qrinfo_isotime":null,"qrinfo_duration":null,"psychopy_isotime":null,"psychopy_duration":null,"reproevents_isotime":null,"reproevents_duration":null}
Dicoms offsets: {'birch-series-1': 370.117228, 'reproevents-series-1': 370.111654}
Generated marks after pass 1, done:
  mark_000001 : ['dicom_000140']
  mark_000002 : ['dicom_000140']
  mark_000003 : ['dicom_000141']
  mark_000004 : ['dicom_000141']
  mark_000005 : ['dicom_000142', 'birch_000004', 'reproevents_000004']
  mark_000006 : ['dicom_000142', 'birch_000004', 'reproevents_000004']
  mark_000007 : ['dicom_000143', 'birch_000005', 'reproevents_000005']
  mark_000008 : ['dicom_000144', 'birch_000006', 'reproevents_000006']
  mark_000009 : ['dicom_000145', 'birch_000007', 'reproevents_000007']
  mark_000010 : ['dicom_000146', 'birch_000008', 'reproevents_000008']
  mark_000011 : ['dicom_000147', 'birch_000009', 'reproevents_000009']
  mark_000012 : ['dicom_000148', 'birch_000010', 'reproevents_000010']
  mark_000013 : ['dicom_000149', 'birch_000011', 'reproevents_000011']
  mark_000014 : ['dicom_000150', 'birch_000012', 'reproevents_000012']
  mark_000015 : ['dicom_000151', 'birch_000013', 'reproevents_000013']
  mark_000016 : ['dicom_000152', 'birch_000014', 'reproevents_000014']
  mark_000017 : ['dicom_000153', 'birch_000015', 'reproevents_000015']
  mark_000018 : ['dicom_000154', 'birch_000016', 'reproevents_000016']
  mark_000019 : ['dicom_000155', 'birch_000017', 'reproevents_000017']
  mark_000020 : ['dicom_000156', 'birch_000018', 'reproevents_000018']
  mark_000021 : ['dicom_000156', 'birch_000018', 'reproevents_000018']
  mark_000022 : ['dicom_000157']
  mark_000023 : ['dicom_000157']
  mark_000024 : ['dicom_000158']
  mark_000025 : ['dicom_000159']
  mark_000026 : ['dicom_000160']
  mark_000027 : ['dicom_000161']
  mark_000028 : ['dicom_000162']
  mark_000029 : ['dicom_000163']
  mark_000030 : ['dicom_000164']
  mark_000031 : ['dicom_000165']
  mark_000032 : ['dicom_000166']
  mark_000033 : ['dicom_000167']
  mark_000034 : ['dicom_000168']
  mark_000035 : ['dicom_000169']
  mark_000036 : ['dicom_000170']
  mark_000037 : ['dicom_000171']
  mark_000038 : ['dicom_000171']
Try to match marks with tmap service
Time matched : 006-func-bold_task-rest_run-1_scan_1
             : 0.005157 sec, (2024-05-28 11:07:12.377772 - 2024-05-28 11:07:12.372615)
             : dicom_000143 = 2024-05-28 11:13:24.495000
             : birch_000004 = 2024-05-28 11:07:12.372615
             : set birch_isotime = 2024-05-28 11:07:12.377772
Time matched : 006-func-bold_task-rest_run-1_scan_1
             : 0.018685 sec, (2024-05-28 11:07:12.383346 - 2024-05-28 11:07:12.364661)
             : dicom_000143 = 2024-05-28 11:13:24.495000
             : reproevents_000004 = 2024-05-28 11:07:12.364661
             : set reproevents_isotime = 2024-05-28 11:07:12.383346
Time matched : 006-func-bold_task-rest_run-1_scan_2
             : 0.010037 sec, (2024-05-28 11:07:14.382652 - 2024-05-28 11:07:14.372615)
             : dicom_000144 = 2024-05-28 11:13:26.495000
             : birch_000005 = 2024-05-28 11:07:14.372615
             : set birch_isotime = 2024-05-28 11:07:14.382652
Time matched : 006-func-bold_task-rest_run-1_scan_2
             : 0.018799 sec, (2024-05-28 11:07:14.383460 - 2024-05-28 11:07:14.364661)
             : dicom_000144 = 2024-05-28 11:13:26.495000
             : reproevents_000005 = 2024-05-28 11:07:14.364661
             : set reproevents_isotime = 2024-05-28 11:07:14.383460
Time matched : 006-func-bold_task-rest_run-1_scan_3
             : 0.005937 sec, (2024-05-28 11:07:16.378552 - 2024-05-28 11:07:16.372615)
             : dicom_000145 = 2024-05-28 11:13:28.495000
             : birch_000006 = 2024-05-28 11:07:16.372615
             : set birch_isotime = 2024-05-28 11:07:16.378552
Time matched : 006-func-bold_task-rest_run-1_scan_3
             : 0.018702 sec, (2024-05-28 11:07:16.383363 - 2024-05-28 11:07:16.364661)
             : dicom_000145 = 2024-05-28 11:13:28.495000
             : reproevents_000006 = 2024-05-28 11:07:16.364661
             : set reproevents_isotime = 2024-05-28 11:07:16.383363
Time matched : 006-func-bold_task-rest_run-1_scan_4
             : 0.012298 sec, (2024-05-28 11:07:18.384913 - 2024-05-28 11:07:18.372615)
             : dicom_000146 = 2024-05-28 11:13:30.495000
             : birch_000007 = 2024-05-28 11:07:18.372615
             : set birch_isotime = 2024-05-28 11:07:18.384913
Time matched : 006-func-bold_task-rest_run-1_scan_4
             : 0.018716 sec, (2024-05-28 11:07:18.383377 - 2024-05-28 11:07:18.364661)
             : dicom_000146 = 2024-05-28 11:13:30.495000
             : reproevents_000007 = 2024-05-28 11:07:18.364661
             : set reproevents_isotime = 2024-05-28 11:07:18.383377
Time matched : 006-func-bold_task-rest_run-1_scan_5
             : 0.007674 sec, (2024-05-28 11:07:20.380289 - 2024-05-28 11:07:20.372615)
             : dicom_000147 = 2024-05-28 11:13:32.495000
             : birch_000008 = 2024-05-28 11:07:20.372615
             : set birch_isotime = 2024-05-28 11:07:20.380289
Time matched : 006-func-bold_task-rest_run-1_scan_5
             : 0.018668 sec, (2024-05-28 11:07:20.383329 - 2024-05-28 11:07:20.364661)
             : dicom_000147 = 2024-05-28 11:13:32.495000
             : reproevents_000008 = 2024-05-28 11:07:20.364661
             : set reproevents_isotime = 2024-05-28 11:07:20.383329
Time matched : 006-func-bold_task-rest_run-1_scan_6
             : 0.013278 sec, (2024-05-28 11:07:22.385893 - 2024-05-28 11:07:22.372615)
             : dicom_000148 = 2024-05-28 11:13:34.495000
             : birch_000009 = 2024-05-28 11:07:22.372615
             : set birch_isotime = 2024-05-28 11:07:22.385893
Time matched : 006-func-bold_task-rest_run-1_scan_6
             : 0.018812 sec, (2024-05-28 11:07:22.383473 - 2024-05-28 11:07:22.364661)
             : dicom_000148 = 2024-05-28 11:13:34.495000
             : reproevents_000009 = 2024-05-28 11:07:22.364661
             : set reproevents_isotime = 2024-05-28 11:07:22.383473
Time matched : 006-func-bold_task-rest_run-1_scan_7
             : 0.016676 sec, (2024-05-28 11:07:24.389291 - 2024-05-28 11:07:24.372615)
             : dicom_000149 = 2024-05-28 11:13:36.495000
             : birch_000010 = 2024-05-28 11:07:24.372615
             : set birch_isotime = 2024-05-28 11:07:24.389291
Time matched : 006-func-bold_task-rest_run-1_scan_7
             : 0.018687 sec, (2024-05-28 11:07:24.383348 - 2024-05-28 11:07:24.364661)
             : dicom_000149 = 2024-05-28 11:13:36.495000
             : reproevents_000010 = 2024-05-28 11:07:24.364661
             : set reproevents_isotime = 2024-05-28 11:07:24.383348
Time matched : 006-func-bold_task-rest_run-1_scan_8
             : 0.007347 sec, (2024-05-28 11:07:26.379962 - 2024-05-28 11:07:26.372615)
             : dicom_000150 = 2024-05-28 11:13:38.495000
             : birch_000011 = 2024-05-28 11:07:26.372615
             : set birch_isotime = 2024-05-28 11:07:26.379962
Time matched : 006-func-bold_task-rest_run-1_scan_8
             : 0.018792 sec, (2024-05-28 11:07:26.383453 - 2024-05-28 11:07:26.364661)
             : dicom_000150 = 2024-05-28 11:13:38.495000
             : reproevents_000011 = 2024-05-28 11:07:26.364661
             : set reproevents_isotime = 2024-05-28 11:07:26.383453
Time matched : 006-func-bold_task-rest_run-1_scan_9
             : 0.008971 sec, (2024-05-28 11:07:28.381586 - 2024-05-28 11:07:28.372615)
             : dicom_000151 = 2024-05-28 11:13:40.495000
             : birch_000012 = 2024-05-28 11:07:28.372615
             : set birch_isotime = 2024-05-28 11:07:28.381586
Time matched : 006-func-bold_task-rest_run-1_scan_9
             : 0.018773 sec, (2024-05-28 11:07:28.383434 - 2024-05-28 11:07:28.364661)
             : dicom_000151 = 2024-05-28 11:13:40.495000
             : reproevents_000012 = 2024-05-28 11:07:28.364661
             : set reproevents_isotime = 2024-05-28 11:07:28.383434
Time matched : 006-func-bold_task-rest_run-1_scan_10
             : 0.016908 sec, (2024-05-28 11:07:30.389523 - 2024-05-28 11:07:30.372615)
             : dicom_000152 = 2024-05-28 11:13:42.495000
             : birch_000013 = 2024-05-28 11:07:30.372615
             : set birch_isotime = 2024-05-28 11:07:30.389523
Time matched : 006-func-bold_task-rest_run-1_scan_10
             : 0.018787 sec, (2024-05-28 11:07:30.383448 - 2024-05-28 11:07:30.364661)
             : dicom_000152 = 2024-05-28 11:13:42.495000
             : reproevents_000013 = 2024-05-28 11:07:30.364661
             : set reproevents_isotime = 2024-05-28 11:07:30.383448
Time matched : 006-func-bold_task-rest_run-1_scan_11
             : 0.004662 sec, (2024-05-28 11:07:32.377277 - 2024-05-28 11:07:32.372615)
             : dicom_000153 = 2024-05-28 11:13:44.495000
             : birch_000014 = 2024-05-28 11:07:32.372615
             : set birch_isotime = 2024-05-28 11:07:32.377277
Time matched : 006-func-bold_task-rest_run-1_scan_11
             : 0.018785 sec, (2024-05-28 11:07:32.383446 - 2024-05-28 11:07:32.364661)
             : dicom_000153 = 2024-05-28 11:13:44.495000
             : reproevents_000014 = 2024-05-28 11:07:32.364661
             : set reproevents_isotime = 2024-05-28 11:07:32.383446
Time matched : 006-func-bold_task-rest_run-1_scan_12
             : 0.009998 sec, (2024-05-28 11:07:34.382613 - 2024-05-28 11:07:34.372615)
             : dicom_000154 = 2024-05-28 11:13:46.495000
             : birch_000015 = 2024-05-28 11:07:34.372615
             : set birch_isotime = 2024-05-28 11:07:34.382613
Time matched : 006-func-bold_task-rest_run-1_scan_12
             : 0.018766 sec, (2024-05-28 11:07:34.383427 - 2024-05-28 11:07:34.364661)
             : dicom_000154 = 2024-05-28 11:13:46.495000
             : reproevents_000015 = 2024-05-28 11:07:34.364661
             : set reproevents_isotime = 2024-05-28 11:07:34.383427
Time matched : 006-func-bold_task-rest_run-1_scan_13
             : 0.017125 sec, (2024-05-28 11:07:36.389740 - 2024-05-28 11:07:36.372615)
             : dicom_000155 = 2024-05-28 11:13:48.495000
             : birch_000016 = 2024-05-28 11:07:36.372615
             : set birch_isotime = 2024-05-28 11:07:36.389740
Time matched : 006-func-bold_task-rest_run-1_scan_13
             : 0.018754 sec, (2024-05-28 11:07:36.383415 - 2024-05-28 11:07:36.364661)
             : dicom_000155 = 2024-05-28 11:13:48.495000
             : reproevents_000016 = 2024-05-28 11:07:36.364661
             : set reproevents_isotime = 2024-05-28 11:07:36.383415
Time matched : 006-func-bold_task-rest_run-1_scan_14
             : 0.011238 sec, (2024-05-28 11:07:38.383853 - 2024-05-28 11:07:38.372615)
             : dicom_000156 = 2024-05-28 11:13:50.495000
             : birch_000017 = 2024-05-28 11:07:38.372615
             : set birch_isotime = 2024-05-28 11:07:38.383853
Time matched : 006-func-bold_task-rest_run-1_scan_14
             : 0.018724 sec, (2024-05-28 11:07:38.383385 - 2024-05-28 11:07:38.364661)
             : dicom_000156 = 2024-05-28 11:13:50.495000
             : reproevents_000017 = 2024-05-28 11:07:38.364661
             : set reproevents_isotime = 2024-05-28 11:07:38.383385
Time matched : 006-func-bold_task-rest_run-1_end
             : 0.011238 sec, (2024-05-28 11:07:38.383853 - 2024-05-28 11:07:38.372615)
             : dicom_000156 = 2024-05-28 11:13:50.495000
             : birch_000017 = 2024-05-28 11:07:38.372615
             : set birch_isotime = 2024-05-28 11:07:38.383853
Time matched : 006-func-bold_task-rest_run-1_end
             : 0.018724 sec, (2024-05-28 11:07:38.383385 - 2024-05-28 11:07:38.364661)
             : dicom_000156 = 2024-05-28 11:13:50.495000
             : reproevents_000017 = 2024-05-28 11:07:38.364661
             : set reproevents_isotime = 2024-05-28 11:07:38.383385
Time matched : 007-func-bold_task-rest_run-2_scan_1
             : -0.769659 sec, (2024-05-28 11:09:00.610456 - 2024-05-28 11:09:01.380115)
             : dicom_000158 = 2024-05-28 11:15:13.502500
             : birch_000019 = 2024-05-28 11:09:01.380115
             : set birch_isotime = 2024-05-28 11:09:00.610456
Time matched : 007-func-bold_task-rest_run-2_scan_1
             : -0.889 sec, (2024-05-28 11:09:00.809000 - 2024-05-28 11:09:01.698000)
             : dicom_000158 = 2024-05-28 11:15:13.502500
             : qr_000009 = 2024-05-28 11:09:01.698000
             : set qrinfo_isotime = 2024-05-28 11:09:00.809000
Time matched : 007-func-bold_task-rest_run-2_scan_1
             : 0.861 sec, (2024-05-28 11:09:02.559000 - 2024-05-28 11:09:01.698000)
             : dicom_000158 = 2024-05-28 11:15:13.502500
             : qr_000010 = 2024-05-28 11:09:01.698000
             : set qrinfo_isotime = 2024-05-28 11:09:02.559000
Time matched : 007-func-bold_task-rest_run-2_scan_1
             : -0.783603 sec, (2024-05-28 11:09:00.581286 - 2024-05-28 11:09:01.364889)
             : dicom_000158 = 2024-05-28 11:15:13.502500
             : psychopy_000010 = 2024-05-28 11:09:01.364889
             : set psychopy_isotime = 2024-05-28 11:09:00.581286
Time matched : 007-func-bold_task-rest_run-2_scan_1
             : -0.7577389999999999 sec, (2024-05-28 11:09:00.614422 - 2024-05-28 11:09:01.372161)
             : dicom_000158 = 2024-05-28 11:15:13.502500
             : reproevents_000019 = 2024-05-28 11:09:01.372161
             : set reproevents_isotime = 2024-05-28 11:09:00.614422
Time matched : 007-func-bold_task-rest_run-2_scan_2
             : -0.770178 sec, (2024-05-28 11:09:02.609937 - 2024-05-28 11:09:03.380115)
             : dicom_000159 = 2024-05-28 11:15:15.502500
             : birch_000020 = 2024-05-28 11:09:03.380115
             : set birch_isotime = 2024-05-28 11:09:02.609937
Time matched : 007-func-bold_task-rest_run-2_scan_2
             : 0.861 sec, (2024-05-28 11:09:04.559000 - 2024-05-28 11:09:03.698000)
             : dicom_000159 = 2024-05-28 11:15:15.502500
             : qr_000011 = 2024-05-28 11:09:03.698000
             : set qrinfo_isotime = 2024-05-28 11:09:04.559000
Time matched : 007-func-bold_task-rest_run-2_scan_2
             : -0.784829 sec, (2024-05-28 11:09:02.580060 - 2024-05-28 11:09:03.364889)
             : dicom_000159 = 2024-05-28 11:15:15.502500
             : psychopy_000011 = 2024-05-28 11:09:03.364889
             : set psychopy_isotime = 2024-05-28 11:09:02.580060
Time matched : 007-func-bold_task-rest_run-2_scan_2
             : -0.757767 sec, (2024-05-28 11:09:02.614394 - 2024-05-28 11:09:03.372161)
             : dicom_000159 = 2024-05-28 11:15:15.502500
             : reproevents_000020 = 2024-05-28 11:09:03.372161
             : set reproevents_isotime = 2024-05-28 11:09:02.614394
Time matched : 007-func-bold_task-rest_run-2_scan_3
             : -0.759559 sec, (2024-05-28 11:09:04.620556 - 2024-05-28 11:09:05.380115)
             : dicom_000160 = 2024-05-28 11:15:17.502500
             : birch_000021 = 2024-05-28 11:09:05.380115
             : set birch_isotime = 2024-05-28 11:09:04.620556
Time matched : 007-func-bold_task-rest_run-2_scan_3
             : 0.895 sec, (2024-05-28 11:09:06.593000 - 2024-05-28 11:09:05.698000)
             : dicom_000160 = 2024-05-28 11:15:17.502500
             : qr_000012 = 2024-05-28 11:09:05.698000
             : set qrinfo_isotime = 2024-05-28 11:09:06.593000
Time matched : 007-func-bold_task-rest_run-2_scan_3
             : -0.784825 sec, (2024-05-28 11:09:04.580064 - 2024-05-28 11:09:05.364889)
             : dicom_000160 = 2024-05-28 11:15:17.502500
             : psychopy_000012 = 2024-05-28 11:09:05.364889
             : set psychopy_isotime = 2024-05-28 11:09:04.580064
Time matched : 007-func-bold_task-rest_run-2_scan_3
             : -0.75769 sec, (2024-05-28 11:09:04.614471 - 2024-05-28 11:09:05.372161)
             : dicom_000160 = 2024-05-28 11:15:17.502500
             : reproevents_000021 = 2024-05-28 11:09:05.372161
             : set reproevents_isotime = 2024-05-28 11:09:04.614471
Time matched : 007-func-bold_task-rest_run-2_scan_4
             : -0.7631410000000001 sec, (2024-05-28 11:09:06.616974 - 2024-05-28 11:09:07.380115)
             : dicom_000161 = 2024-05-28 11:15:19.502500
             : birch_000022 = 2024-05-28 11:09:07.380115
             : set birch_isotime = 2024-05-28 11:09:06.616974
Time matched : 007-func-bold_task-rest_run-2_scan_4
             : 0.861 sec, (2024-05-28 11:09:08.559000 - 2024-05-28 11:09:07.698000)
             : dicom_000161 = 2024-05-28 11:15:19.502500
             : qr_000013 = 2024-05-28 11:09:07.698000
             : set qrinfo_isotime = 2024-05-28 11:09:08.559000
Time matched : 007-func-bold_task-rest_run-2_scan_4
             : -0.784801 sec, (2024-05-28 11:09:06.580088 - 2024-05-28 11:09:07.364889)
             : dicom_000161 = 2024-05-28 11:15:19.502500
             : psychopy_000013 = 2024-05-28 11:09:07.364889
             : set psychopy_isotime = 2024-05-28 11:09:06.580088
Time matched : 007-func-bold_task-rest_run-2_scan_4
             : -0.757754 sec, (2024-05-28 11:09:06.614407 - 2024-05-28 11:09:07.372161)
             : dicom_000161 = 2024-05-28 11:15:19.502500
             : reproevents_000022 = 2024-05-28 11:09:07.372161
             : set reproevents_isotime = 2024-05-28 11:09:06.614407
Time matched : 007-func-bold_task-rest_run-2_scan_5
             : -0.742075 sec, (2024-05-28 11:09:08.638040 - 2024-05-28 11:09:09.380115)
             : dicom_000162 = 2024-05-28 11:15:21.502500
             : birch_000023 = 2024-05-28 11:09:09.380115
             : set birch_isotime = 2024-05-28 11:09:08.638040
Time matched : 007-func-bold_task-rest_run-2_scan_5
             : 0.861 sec, (2024-05-28 11:09:10.559000 - 2024-05-28 11:09:09.698000)
             : dicom_000162 = 2024-05-28 11:15:21.502500
             : qr_000014 = 2024-05-28 11:09:09.698000
             : set qrinfo_isotime = 2024-05-28 11:09:10.559000
Time matched : 007-func-bold_task-rest_run-2_scan_5
             : -0.7845949999999999 sec, (2024-05-28 11:09:08.580294 - 2024-05-28 11:09:09.364889)
             : dicom_000162 = 2024-05-28 11:15:21.502500
             : psychopy_000014 = 2024-05-28 11:09:09.364889
             : set psychopy_isotime = 2024-05-28 11:09:08.580294
Time matched : 007-func-bold_task-rest_run-2_scan_5
             : -0.757718 sec, (2024-05-28 11:09:08.614443 - 2024-05-28 11:09:09.372161)
             : dicom_000162 = 2024-05-28 11:15:21.502500
             : reproevents_000023 = 2024-05-28 11:09:09.372161
             : set reproevents_isotime = 2024-05-28 11:09:08.614443
Time matched : 007-func-bold_task-rest_run-2_scan_6
             : -0.769748 sec, (2024-05-28 11:09:10.610367 - 2024-05-28 11:09:11.380115)
             : dicom_000163 = 2024-05-28 11:15:23.502500
             : birch_000024 = 2024-05-28 11:09:11.380115
             : set birch_isotime = 2024-05-28 11:09:10.610367
Time matched : 007-func-bold_task-rest_run-2_scan_6
             : 0.878 sec, (2024-05-28 11:09:12.576000 - 2024-05-28 11:09:11.698000)
             : dicom_000163 = 2024-05-28 11:15:23.502500
             : qr_000015 = 2024-05-28 11:09:11.698000
             : set qrinfo_isotime = 2024-05-28 11:09:12.576000
Time matched : 007-func-bold_task-rest_run-2_scan_6
             : -0.784505 sec, (2024-05-28 11:09:10.580384 - 2024-05-28 11:09:11.364889)
             : dicom_000163 = 2024-05-28 11:15:23.502500
             : psychopy_000015 = 2024-05-28 11:09:11.364889
             : set psychopy_isotime = 2024-05-28 11:09:10.580384
Time matched : 007-func-bold_task-rest_run-2_scan_6
             : -0.7577039999999999 sec, (2024-05-28 11:09:10.614457 - 2024-05-28 11:09:11.372161)
             : dicom_000163 = 2024-05-28 11:15:23.502500
             : reproevents_000024 = 2024-05-28 11:09:11.372161
             : set reproevents_isotime = 2024-05-28 11:09:10.614457
Time matched : 007-func-bold_task-rest_run-2_scan_7
             : -0.764667 sec, (2024-05-28 11:09:12.615448 - 2024-05-28 11:09:13.380115)
             : dicom_000164 = 2024-05-28 11:15:25.502500
             : birch_000025 = 2024-05-28 11:09:13.380115
             : set birch_isotime = 2024-05-28 11:09:12.615448
Time matched : 007-func-bold_task-rest_run-2_scan_7
             : 0.861 sec, (2024-05-28 11:09:14.559000 - 2024-05-28 11:09:13.698000)
             : dicom_000164 = 2024-05-28 11:15:25.502500
             : qr_000016 = 2024-05-28 11:09:13.698000
             : set qrinfo_isotime = 2024-05-28 11:09:14.559000
Time matched : 007-func-bold_task-rest_run-2_scan_7
             : -0.784338 sec, (2024-05-28 11:09:12.580551 - 2024-05-28 11:09:13.364889)
             : dicom_000164 = 2024-05-28 11:15:25.502500
             : psychopy_000016 = 2024-05-28 11:09:13.364889
             : set psychopy_isotime = 2024-05-28 11:09:12.580551
Time matched : 007-func-bold_task-rest_run-2_scan_7
             : -0.757714 sec, (2024-05-28 11:09:12.614447 - 2024-05-28 11:09:13.372161)
             : dicom_000164 = 2024-05-28 11:15:25.502500
             : reproevents_000025 = 2024-05-28 11:09:13.372161
             : set reproevents_isotime = 2024-05-28 11:09:12.614447
Time matched : 007-func-bold_task-rest_run-2_scan_8
             : -0.760473 sec, (2024-05-28 11:09:14.619642 - 2024-05-28 11:09:15.380115)
             : dicom_000165 = 2024-05-28 11:15:27.502500
             : birch_000026 = 2024-05-28 11:09:15.380115
             : set birch_isotime = 2024-05-28 11:09:14.619642
Time matched : 007-func-bold_task-rest_run-2_scan_8
             : 0.861 sec, (2024-05-28 11:09:16.559000 - 2024-05-28 11:09:15.698000)
             : dicom_000165 = 2024-05-28 11:15:27.502500
             : qr_000017 = 2024-05-28 11:09:15.698000
             : set qrinfo_isotime = 2024-05-28 11:09:16.559000
Time matched : 007-func-bold_task-rest_run-2_scan_8
             : -0.78422 sec, (2024-05-28 11:09:14.580669 - 2024-05-28 11:09:15.364889)
             : dicom_000165 = 2024-05-28 11:15:27.502500
             : psychopy_000017 = 2024-05-28 11:09:15.364889
             : set psychopy_isotime = 2024-05-28 11:09:14.580669
Time matched : 007-func-bold_task-rest_run-2_scan_8
             : -0.757761 sec, (2024-05-28 11:09:14.614400 - 2024-05-28 11:09:15.372161)
             : dicom_000165 = 2024-05-28 11:15:27.502500
             : reproevents_000026 = 2024-05-28 11:09:15.372161
             : set reproevents_isotime = 2024-05-28 11:09:14.614400
Time matched : 007-func-bold_task-rest_run-2_scan_9
             : -0.768027 sec, (2024-05-28 11:09:16.612088 - 2024-05-28 11:09:17.380115)
             : dicom_000166 = 2024-05-28 11:15:29.502500
             : birch_000027 = 2024-05-28 11:09:17.380115
             : set birch_isotime = 2024-05-28 11:09:16.612088
Time matched : 007-func-bold_task-rest_run-2_scan_9
             : 0.878 sec, (2024-05-28 11:09:18.576000 - 2024-05-28 11:09:17.698000)
             : dicom_000166 = 2024-05-28 11:15:29.502500
             : qr_000018 = 2024-05-28 11:09:17.698000
             : set qrinfo_isotime = 2024-05-28 11:09:18.576000
Time matched : 007-func-bold_task-rest_run-2_scan_9
             : -0.784147 sec, (2024-05-28 11:09:16.580742 - 2024-05-28 11:09:17.364889)
             : dicom_000166 = 2024-05-28 11:15:29.502500
             : psychopy_000018 = 2024-05-28 11:09:17.364889
             : set psychopy_isotime = 2024-05-28 11:09:16.580742
Time matched : 007-func-bold_task-rest_run-2_scan_9
             : -0.757711 sec, (2024-05-28 11:09:16.614450 - 2024-05-28 11:09:17.372161)
             : dicom_000166 = 2024-05-28 11:15:29.502500
             : reproevents_000027 = 2024-05-28 11:09:17.372161
             : set reproevents_isotime = 2024-05-28 11:09:16.614450
Time matched : 007-func-bold_task-rest_run-2_scan_10
             : -0.760502 sec, (2024-05-28 11:09:18.619613 - 2024-05-28 11:09:19.380115)
             : dicom_000167 = 2024-05-28 11:15:31.502500
             : birch_000028 = 2024-05-28 11:09:19.380115
             : set birch_isotime = 2024-05-28 11:09:18.619613
Time matched : 007-func-bold_task-rest_run-2_scan_10
             : 0.861 sec, (2024-05-28 11:09:20.559000 - 2024-05-28 11:09:19.698000)
             : dicom_000167 = 2024-05-28 11:15:31.502500
             : qr_000019 = 2024-05-28 11:09:19.698000
             : set qrinfo_isotime = 2024-05-28 11:09:20.559000
Time matched : 007-func-bold_task-rest_run-2_scan_10
             : -0.784041 sec, (2024-05-28 11:09:18.580848 - 2024-05-28 11:09:19.364889)
             : dicom_000167 = 2024-05-28 11:15:31.502500
             : psychopy_000019 = 2024-05-28 11:09:19.364889
             : set psychopy_isotime = 2024-05-28 11:09:18.580848
Time matched : 007-func-bold_task-rest_run-2_scan_10
             : -0.757741 sec, (2024-05-28 11:09:18.614420 - 2024-05-28 11:09:19.372161)
             : dicom_000167 = 2024-05-28 11:15:31.502500
             : reproevents_000028 = 2024-05-28 11:09:19.372161
             : set reproevents_isotime = 2024-05-28 11:09:18.614420
Time matched : 007-func-bold_task-rest_run-2_scan_11
             : -0.768482 sec, (2024-05-28 11:09:20.611633 - 2024-05-28 11:09:21.380115)
             : dicom_000168 = 2024-05-28 11:15:33.502500
             : birch_000029 = 2024-05-28 11:09:21.380115
             : set birch_isotime = 2024-05-28 11:09:20.611633
Time matched : 007-func-bold_task-rest_run-2_scan_11
             : 0.878 sec, (2024-05-28 11:09:22.576000 - 2024-05-28 11:09:21.698000)
             : dicom_000168 = 2024-05-28 11:15:33.502500
             : qr_000020 = 2024-05-28 11:09:21.698000
             : set qrinfo_isotime = 2024-05-28 11:09:22.576000
Time matched : 007-func-bold_task-rest_run-2_scan_11
             : -0.783918 sec, (2024-05-28 11:09:20.580971 - 2024-05-28 11:09:21.364889)
             : dicom_000168 = 2024-05-28 11:15:33.502500
             : psychopy_000020 = 2024-05-28 11:09:21.364889
             : set psychopy_isotime = 2024-05-28 11:09:20.580971
Time matched : 007-func-bold_task-rest_run-2_scan_11
             : -0.757769 sec, (2024-05-28 11:09:20.614392 - 2024-05-28 11:09:21.372161)
             : dicom_000168 = 2024-05-28 11:15:33.502500
             : reproevents_000029 = 2024-05-28 11:09:21.372161
             : set reproevents_isotime = 2024-05-28 11:09:20.614392
Time matched : 007-func-bold_task-rest_run-2_scan_12
             : -0.764001 sec, (2024-05-28 11:09:22.616114 - 2024-05-28 11:09:23.380115)
             : dicom_000169 = 2024-05-28 11:15:35.502500
             : birch_000030 = 2024-05-28 11:09:23.380115
             : set birch_isotime = 2024-05-28 11:09:22.616114
Time matched : 007-func-bold_task-rest_run-2_scan_12
             : 0.878 sec, (2024-05-28 11:09:24.576000 - 2024-05-28 11:09:23.698000)
             : dicom_000169 = 2024-05-28 11:15:35.502500
             : qr_000021 = 2024-05-28 11:09:23.698000
             : set qrinfo_isotime = 2024-05-28 11:09:24.576000
Time matched : 007-func-bold_task-rest_run-2_scan_12
             : -0.7838769999999999 sec, (2024-05-28 11:09:22.581012 - 2024-05-28 11:09:23.364889)
             : dicom_000169 = 2024-05-28 11:15:35.502500
             : psychopy_000021 = 2024-05-28 11:09:23.364889
             : set psychopy_isotime = 2024-05-28 11:09:22.581012
Time matched : 007-func-bold_task-rest_run-2_scan_12
             : -0.757786 sec, (2024-05-28 11:09:22.614375 - 2024-05-28 11:09:23.372161)
             : dicom_000169 = 2024-05-28 11:15:35.502500
             : reproevents_000030 = 2024-05-28 11:09:23.372161
             : set reproevents_isotime = 2024-05-28 11:09:22.614375
Time matched : 007-func-bold_task-rest_run-2_scan_13
             : -0.760579 sec, (2024-05-28 11:09:24.619536 - 2024-05-28 11:09:25.380115)
             : dicom_000170 = 2024-05-28 11:15:37.502500
             : birch_000031 = 2024-05-28 11:09:25.380115
             : set birch_isotime = 2024-05-28 11:09:24.619536
Time matched : 007-func-bold_task-rest_run-2_scan_13
             : 0.861 sec, (2024-05-28 11:09:26.559000 - 2024-05-28 11:09:25.698000)
             : dicom_000170 = 2024-05-28 11:15:37.502500
             : qr_000022 = 2024-05-28 11:09:25.698000
             : set qrinfo_isotime = 2024-05-28 11:09:26.559000
Time matched : 007-func-bold_task-rest_run-2_scan_13
             : -0.783735 sec, (2024-05-28 11:09:24.581154 - 2024-05-28 11:09:25.364889)
             : dicom_000170 = 2024-05-28 11:15:37.502500
             : psychopy_000022 = 2024-05-28 11:09:25.364889
             : set psychopy_isotime = 2024-05-28 11:09:24.581154
Time matched : 007-func-bold_task-rest_run-2_scan_13
             : -0.757719 sec, (2024-05-28 11:09:24.614442 - 2024-05-28 11:09:25.372161)
             : dicom_000170 = 2024-05-28 11:15:37.502500
             : reproevents_000031 = 2024-05-28 11:09:25.372161
             : set reproevents_isotime = 2024-05-28 11:09:24.614442
Time matched : 007-func-bold_task-rest_run-2_scan_14
             : -0.7683800000000001 sec, (2024-05-28 11:09:26.611735 - 2024-05-28 11:09:27.380115)
             : dicom_000171 = 2024-05-28 11:15:39.502500
             : birch_000032 = 2024-05-28 11:09:27.380115
             : set birch_isotime = 2024-05-28 11:09:26.611735
Time matched : 007-func-bold_task-rest_run-2_scan_14
             : 0.861 sec, (2024-05-28 11:09:28.559000 - 2024-05-28 11:09:27.698000)
             : dicom_000171 = 2024-05-28 11:15:39.502500
             : qr_000023 = 2024-05-28 11:09:27.698000
             : set qrinfo_isotime = 2024-05-28 11:09:28.559000
Time matched : 007-func-bold_task-rest_run-2_scan_14
             : -0.7835840000000001 sec, (2024-05-28 11:09:26.581305 - 2024-05-28 11:09:27.364889)
             : dicom_000171 = 2024-05-28 11:15:39.502500
             : psychopy_000023 = 2024-05-28 11:09:27.364889
             : set psychopy_isotime = 2024-05-28 11:09:26.581305
Time matched : 007-func-bold_task-rest_run-2_scan_14
             : -0.757718 sec, (2024-05-28 11:09:26.614443 - 2024-05-28 11:09:27.372161)
             : dicom_000171 = 2024-05-28 11:15:39.502500
             : reproevents_000032 = 2024-05-28 11:09:27.372161
             : set reproevents_isotime = 2024-05-28 11:09:26.614443
Time matched : 007-func-bold_task-rest_run-2_end
             : -0.7683800000000001 sec, (2024-05-28 11:09:26.611735 - 2024-05-28 11:09:27.380115)
             : dicom_000171 = 2024-05-28 11:15:39.502500
             : birch_000032 = 2024-05-28 11:09:27.380115
             : set birch_isotime = 2024-05-28 11:09:26.611735
Time matched : 007-func-bold_task-rest_run-2_end
             : 0.861 sec, (2024-05-28 11:09:28.559000 - 2024-05-28 11:09:27.698000)
             : dicom_000171 = 2024-05-28 11:15:39.502500
             : qr_000023 = 2024-05-28 11:09:27.698000
             : set qrinfo_isotime = 2024-05-28 11:09:28.559000
Time matched : 007-func-bold_task-rest_run-2_end
             : -0.7835840000000001 sec, (2024-05-28 11:09:26.581305 - 2024-05-28 11:09:27.364889)
             : dicom_000171 = 2024-05-28 11:15:39.502500
             : psychopy_000023 = 2024-05-28 11:09:27.364889
             : set psychopy_isotime = 2024-05-28 11:09:26.581305
Time matched : 007-func-bold_task-rest_run-2_end
             : -0.757718 sec, (2024-05-28 11:09:26.614443 - 2024-05-28 11:09:27.372161)
             : dicom_000171 = 2024-05-28 11:15:39.502500
             : reproevents_000032 = 2024-05-28 11:09:27.372161
             : set reproevents_isotime = 2024-05-28 11:09:26.614443
Done match marks with tmap service
Generated marks after pass 2, done:
  mark_000001 : ['dicom_000140']
  mark_000002 : ['dicom_000140']
  mark_000003 : ['dicom_000141']
  mark_000004 : ['dicom_000141']
  mark_000005 : ['dicom_000142', 'birch_000004', 'reproevents_000004']
  mark_000006 : ['dicom_000142', 'birch_000004', 'reproevents_000004']
  mark_000007 : ['dicom_000143', 'birch_000005', 'reproevents_000005', 'birch_000004', 'reproevents_000004']
  mark_000008 : ['dicom_000144', 'birch_000006', 'reproevents_000006', 'birch_000005', 'reproevents_000005']
  mark_000009 : ['dicom_000145', 'birch_000007', 'reproevents_000007', 'birch_000006', 'reproevents_000006']
  mark_000010 : ['dicom_000146', 'birch_000008', 'reproevents_000008', 'birch_000007', 'reproevents_000007']
  mark_000011 : ['dicom_000147', 'birch_000009', 'reproevents_000009', 'birch_000008', 'reproevents_000008']
  mark_000012 : ['dicom_000148', 'birch_000010', 'reproevents_000010', 'birch_000009', 'reproevents_000009']
  mark_000013 : ['dicom_000149', 'birch_000011', 'reproevents_000011', 'birch_000010', 'reproevents_000010']
  mark_000014 : ['dicom_000150', 'birch_000012', 'reproevents_000012', 'birch_000011', 'reproevents_000011']
  mark_000015 : ['dicom_000151', 'birch_000013', 'reproevents_000013', 'birch_000012', 'reproevents_000012']
  mark_000016 : ['dicom_000152', 'birch_000014', 'reproevents_000014', 'birch_000013', 'reproevents_000013']
  mark_000017 : ['dicom_000153', 'birch_000015', 'reproevents_000015', 'birch_000014', 'reproevents_000014']
  mark_000018 : ['dicom_000154', 'birch_000016', 'reproevents_000016', 'birch_000015', 'reproevents_000015']
  mark_000019 : ['dicom_000155', 'birch_000017', 'reproevents_000017', 'birch_000016', 'reproevents_000016']
  mark_000020 : ['dicom_000156', 'birch_000018', 'reproevents_000018', 'birch_000017', 'reproevents_000017']
  mark_000021 : ['dicom_000156', 'birch_000018', 'reproevents_000018', 'birch_000017', 'reproevents_000017']
  mark_000022 : ['dicom_000157']
  mark_000023 : ['dicom_000157']
  mark_000024 : ['dicom_000158', 'birch_000019', 'qr_000009', 'qr_000010', 'psychopy_000010', 'reproevents_000019']
  mark_000025 : ['dicom_000159', 'birch_000020', 'qr_000011', 'psychopy_000011', 'reproevents_000020']
  mark_000026 : ['dicom_000160', 'birch_000021', 'qr_000012', 'psychopy_000012', 'reproevents_000021']
  mark_000027 : ['dicom_000161', 'birch_000022', 'qr_000013', 'psychopy_000013', 'reproevents_000022']
  mark_000028 : ['dicom_000162', 'birch_000023', 'qr_000014', 'psychopy_000014', 'reproevents_000023']
  mark_000029 : ['dicom_000163', 'birch_000024', 'qr_000015', 'psychopy_000015', 'reproevents_000024']
  mark_000030 : ['dicom_000164', 'birch_000025', 'qr_000016', 'psychopy_000016', 'reproevents_000025']
  mark_000031 : ['dicom_000165', 'birch_000026', 'qr_000017', 'psychopy_000017', 'reproevents_000026']
  mark_000032 : ['dicom_000166', 'birch_000027', 'qr_000018', 'psychopy_000018', 'reproevents_000027']
  mark_000033 : ['dicom_000167', 'birch_000028', 'qr_000019', 'psychopy_000019', 'reproevents_000028']
  mark_000034 : ['dicom_000168', 'birch_000029', 'qr_000020', 'psychopy_000020', 'reproevents_000029']
  mark_000035 : ['dicom_000169', 'birch_000030', 'qr_000021', 'psychopy_000021', 'reproevents_000030']
  mark_000036 : ['dicom_000170', 'birch_000031', 'qr_000022', 'psychopy_000022', 'reproevents_000031']
  mark_000037 : ['dicom_000171', 'birch_000032', 'qr_000023', 'psychopy_000023', 'reproevents_000032']
  mark_000038 : ['dicom_000171', 'birch_000032', 'qr_000023', 'psychopy_000023', 'reproevents_000032']
Exit on   : 2024-08-14 12:27:55.674854
Exit code : 0
