dump_qrinfo.py tool
Started on    : 2024-08-06 17:46:50.228115, vmelnik@Uranus
Working dir   : /Users/vmelnik/Projects/Dartmouth/branches/reproflow-data-sync/code
Session path  : /Users/vmelnik/Projects/Dartmouth/branches/typhon/reproflow-data-sync/ses-20240528
Dumps path    : /Users/vmelnik/Projects/Dartmouth/branches/typhon/reproflow-data-sync/ses-20240528/timing-dumps
DICOMS dump   : /Users/vmelnik/Projects/Dartmouth/branches/typhon/reproflow-data-sync/ses-20240528/timing-dumps/dump_dicoms.jsonl
Parsed QRs    : /Users/vmelnik/Projects/Dartmouth/branches/typhon/reproflow-data-sync/ses-20240528/timing-reprostim-videos
Study range   : 2024-05-28 10:04:59.930000 - 2024-05-28 12:15:39.502500
Reading parsed video QRs directory: /Users/vmelnik/Projects/Dartmouth/branches/typhon/reproflow-data-sync/ses-20240528/timing-reprostim-videos
  2024.05.28.11.01.49.915_2024.05.28.11.08.26.672.qrinfo.jsonl
Processing QR : /Users/vmelnik/Projects/Dartmouth/branches/typhon/reproflow-data-sync/ses-20240528/timing-reprostim-videos/2024.05.28.11.01.49.915_2024.05.28.11.08.26.672.qrinfo.jsonl
  Skipping 2024.05.28.11.01.49.915_2024.05.28.11.08.26.672.qrinfo.log
  2024.05.28.11.08.37.837_2024.05.28.11.08.44.617.qrinfo.jsonl
Processing QR : /Users/vmelnik/Projects/Dartmouth/branches/typhon/reproflow-data-sync/ses-20240528/timing-reprostim-videos/2024.05.28.11.08.37.837_2024.05.28.11.08.44.617.qrinfo.jsonl
  Skipping 2024.05.28.11.08.37.837_2024.05.28.11.08.44.617.qrinfo.log
  2024.05.28.11.08.50.176_2024.05.28.11.10.31.855.qrinfo.jsonl
Processing QR : /Users/vmelnik/Projects/Dartmouth/branches/typhon/reproflow-data-sync/ses-20240528/timing-reprostim-videos/2024.05.28.11.08.50.176_2024.05.28.11.10.31.855.qrinfo.jsonl
  Skipping 2024.05.28.11.08.50.176_2024.05.28.11.10.31.855.qrinfo.log
  2024.05.28.11.11.35.277_2024.05.28.11.12.06.156.qrinfo.jsonl
Processing QR : /Users/vmelnik/Projects/Dartmouth/branches/typhon/reproflow-data-sync/ses-20240528/timing-reprostim-videos/2024.05.28.11.11.35.277_2024.05.28.11.12.06.156.qrinfo.jsonl
  Skipping 2024.05.28.11.11.35.277_2024.05.28.11.12.06.156.qrinfo.log
  2024.05.28.11.18.01.667_2024.05.28.11.18.47.953.qrinfo.jsonl
Processing QR : /Users/vmelnik/Projects/Dartmouth/branches/typhon/reproflow-data-sync/ses-20240528/timing-reprostim-videos/2024.05.28.11.18.01.667_2024.05.28.11.18.47.953.qrinfo.jsonl
  Skipping 2024.05.28.11.18.01.667_2024.05.28.11.18.47.953.qrinfo.log
Exit on   : 2024-08-06 17:46:50.253762
Exit code : 0
