dump_birch.py tool
Started on    : 2024-08-19 20:45:03.849964, vmelnik@Uranus
Working dir   : /Users/vmelnik/Projects/Dartmouth/branches/reproflow-data-sync/code
Session path  : /Users/vmelnik/Projects/Dartmouth/branches/typhon/reproflow-data-sync/ses-20240528
Session ID    : ses-20240528
Dumps path    : /Users/vmelnik/Projects/Dartmouth/branches/typhon/reproflow-data-sync/ses-20240528/timing-dumps
DICOMS dump   : /Users/vmelnik/Projects/Dartmouth/branches/typhon/reproflow-data-sync/ses-20240528/timing-dumps/dump_dicoms.jsonl
Birch path    : /Users/vmelnik/Projects/Dartmouth/branches/typhon/reproflow-data-sync/ses-20240528/birch
Study range   : dicoms 2024-05-28 11:02:59.930000 - 2024-05-28 11:17:39.502500
              : birch  2024-05-28 10:56:47.807615 - 2024-05-28 11:11:27.380115
Reading birch directory: /Users/vmelnik/Projects/Dartmouth/branches/typhon/reproflow-data-sync/ses-20240528/birch
  20240528-105648.jsonl
Processing    : /Users/vmelnik/Projects/Dartmouth/branches/typhon/reproflow-data-sync/ses-20240528/birch/20240528-105648.jsonl
Skipping by alink_byte/alink_flags filter {'time': 0, 'tick': 2242210581, 'description': 'File opened.', 'epoch_time': 1716908208.4539888, 'iso_time': '2024-05-28T14:56:48.453989+00:00'}
Skipping by alink_byte/alink_flags filter {'time': 0, 'tick': 2253250858, 'description': 'Handheld auto-detected', 'epoch_time': 1716908219.4941795, 'iso_time': '2024-05-28T14:56:59.494179+00:00', 'handheld': 'HHSC-2x2', 'gains': [6, 0, 10, 3, 0, 0, 0, 0]}
Skipping by alink_byte/alink_flags filter {'time': 0, 'tick': 2259389374, 'description': 'Output mode selected.', 'epoch_time': 1716908225.632641, 'iso_time': '2024-05-28T14:57:05.632641+00:00', 'output_mode': 'HID_NAR_BYGRT'}
  2024-05-28T10:57:29.069111 242 1
Skipping by alink_byte/alink_flags filter {'epoch_time': 1716908249.339844, 'iso_time': '2024-05-28T14:57:29.339844+00:00', 'time': 0.26499599999988277, 'alink_byte': 240, 'alink_flags': 0}
  2024-05-28T10:57:29.621840 241 1
Skipping by alink_byte/alink_flags filter {'epoch_time': 1716908249.8358026, 'iso_time': '2024-05-28T14:57:29.835803+00:00', 'time': 0.75573200000008, 'alink_byte': 240, 'alink_flags': 0}
  2024-05-28T10:57:30.028999 244 1
Skipping by alink_byte/alink_flags filter {'epoch_time': 1716908250.218889, 'iso_time': '2024-05-28T14:57:30.218889+00:00', 'time': 1.1413379999999052, 'alink_byte': 240, 'alink_flags': 0}
  2024-05-28T10:57:30.344535 248 1
Skipping by alink_byte/alink_flags filter {'epoch_time': 1716908250.536756, 'iso_time': '2024-05-28T14:57:30.536756+00:00', 'time': 1.4650339999998323, 'alink_byte': 240, 'alink_flags': 0}
Skipping by alink_byte/alink_flags filter {'epoch_time': 1716908310.5412133, 'iso_time': '2024-05-28T14:58:30.541213+00:00', 'time': 61.46561500000007, 'alink_byte': 240, 'alink_flags': 0}
Skipping by alink_byte/alink_flags filter {'epoch_time': 1716908370.5356216, 'iso_time': '2024-05-28T14:59:30.535622+00:00', 'time': 121.46601699999974, 'alink_byte': 240, 'alink_flags': 0}
Skipping by alink_byte/alink_flags filter {'epoch_time': 1716908430.5369256, 'iso_time': '2024-05-28T15:00:30.536926+00:00', 'time': 181.46679399999994, 'alink_byte': 240, 'alink_flags': 0}
Skipping by alink_byte/alink_flags filter {'time': 0, 'tick': 2504719601, 'description': 'Output mode selected.', 'epoch_time': 1716908470.9613526, 'iso_time': '2024-05-28T15:01:10.961353+00:00', 'output_mode': 'HID_NAR_BYGRT'}
Skipping by alink_byte/alink_flags filter {'time': 0, 'tick': 2507544781, 'description': 'Output mode selected.', 'epoch_time': 1716908473.7865207, 'iso_time': '2024-05-28T15:01:13.786521+00:00', 'output_mode': 'HID_KEY_12345'}
  2024-05-28T11:02:13.784278 240 1
  2024-05-28T11:03:13.795320 240 1
  2024-05-28T11:04:13.791516 240 1
  2024-05-28T11:05:13.792910 240 1
  2024-05-28T11:06:13.789828 240 1
Skipping by alink_byte/alink_flags filter {'epoch_time': 1716908789.472027, 'iso_time': '2024-05-28T15:06:29.472027+00:00', 'time': 255.68067199999996, 'alink_byte': 496, 'alink_flags': 2}
  2024-05-28T11:06:29.512310 240 1
Skipping by alink_byte/alink_flags filter {'epoch_time': 1716908791.4755263, 'iso_time': '2024-05-28T15:06:31.475526+00:00', 'time': 257.68071199999986, 'alink_byte': 496, 'alink_flags': 2}
  2024-05-28T11:06:31.517102 240 1
Skipping by alink_byte/alink_flags filter {'epoch_time': 1716908793.4668477, 'iso_time': '2024-05-28T15:06:33.466848+00:00', 'time': 259.6806919999999, 'alink_byte': 496, 'alink_flags': 2}
  2024-05-28T11:06:33.508164 240 1
Skipping by alink_byte/alink_flags filter {'epoch_time': 1716908832.3777716, 'iso_time': '2024-05-28T15:07:12.377772+00:00', 'time': 298.5940999999998, 'alink_byte': 496, 'alink_flags': 2}
  2024-05-28T11:07:12.404886 240 1
Skipping by alink_byte/alink_flags filter {'epoch_time': 1716908834.3826516, 'iso_time': '2024-05-28T15:07:14.382652+00:00', 'time': 300.5941349999998, 'alink_byte': 496, 'alink_flags': 2}
  2024-05-28T11:07:14.397601 240 1
Skipping by alink_byte/alink_flags filter {'epoch_time': 1716908836.378552, 'iso_time': '2024-05-28T15:07:16.378552+00:00', 'time': 302.5941149999999, 'alink_byte': 496, 'alink_flags': 2}
  2024-05-28T11:07:16.433616 240 1
Skipping by alink_byte/alink_flags filter {'epoch_time': 1716908838.384913, 'iso_time': '2024-05-28T15:07:18.384913+00:00', 'time': 304.59411999999975, 'alink_byte': 496, 'alink_flags': 2}
  2024-05-28T11:07:18.428178 240 1
Skipping by alink_byte/alink_flags filter {'epoch_time': 1716908840.3802888, 'iso_time': '2024-05-28T15:07:20.380289+00:00', 'time': 306.5941359999997, 'alink_byte': 496, 'alink_flags': 2}
  2024-05-28T11:07:20.422900 240 1
Skipping by alink_byte/alink_flags filter {'epoch_time': 1716908842.3858929, 'iso_time': '2024-05-28T15:07:22.385893+00:00', 'time': 308.59414100000004, 'alink_byte': 496, 'alink_flags': 2}
  2024-05-28T11:07:22.398704 240 1
Skipping by alink_byte/alink_flags filter {'epoch_time': 1716908844.3892906, 'iso_time': '2024-05-28T15:07:24.389291+00:00', 'time': 310.5941459999999, 'alink_byte': 496, 'alink_flags': 2}
  2024-05-28T11:07:24.402219 240 1
Skipping by alink_byte/alink_flags filter {'epoch_time': 1716908846.379962, 'iso_time': '2024-05-28T15:07:26.379962+00:00', 'time': 312.59415599999966, 'alink_byte': 496, 'alink_flags': 2}
  2024-05-28T11:07:26.405085 240 1
Skipping by alink_byte/alink_flags filter {'epoch_time': 1716908848.3815863, 'iso_time': '2024-05-28T15:07:28.381586+00:00', 'time': 314.59416599999986, 'alink_byte': 496, 'alink_flags': 2}
  2024-05-28T11:07:28.408813 240 1
Skipping by alink_byte/alink_flags filter {'epoch_time': 1716908850.389523, 'iso_time': '2024-05-28T15:07:30.389523+00:00', 'time': 316.59417600000006, 'alink_byte': 496, 'alink_flags': 2}
  2024-05-28T11:07:30.402382 240 1
Skipping by alink_byte/alink_flags filter {'epoch_time': 1716908852.3772771, 'iso_time': '2024-05-28T15:07:32.377277+00:00', 'time': 318.59418099999994, 'alink_byte': 496, 'alink_flags': 2}
  2024-05-28T11:07:32.402399 240 1
Skipping by alink_byte/alink_flags filter {'epoch_time': 1716908854.382613, 'iso_time': '2024-05-28T15:07:34.382613+00:00', 'time': 320.5941909999997, 'alink_byte': 496, 'alink_flags': 2}
  2024-05-28T11:07:34.409559 240 1
Skipping by alink_byte/alink_flags filter {'epoch_time': 1716908856.3897395, 'iso_time': '2024-05-28T15:07:36.389740+00:00', 'time': 322.5942009999999, 'alink_byte': 496, 'alink_flags': 2}
  2024-05-28T11:07:36.402583 240 1
Skipping by alink_byte/alink_flags filter {'epoch_time': 1716908858.3838532, 'iso_time': '2024-05-28T15:07:38.383853+00:00', 'time': 324.59420599999976, 'alink_byte': 496, 'alink_flags': 2}
  2024-05-28T11:07:38.408850 240 1
Skipping by alink_byte/alink_flags filter {'epoch_time': 1716908860.3888521, 'iso_time': '2024-05-28T15:07:40.388852+00:00', 'time': 326.5942409999998, 'alink_byte': 496, 'alink_flags': 2}
  2024-05-28T11:07:40.401556 240 1
  2024-05-28T11:08:40.407058 240 1
Skipping by alink_byte/alink_flags filter {'epoch_time': 1716908940.610456, 'iso_time': '2024-05-28T15:09:00.610456+00:00', 'time': 406.82571899999994, 'alink_byte': 496, 'alink_flags': 2}
  2024-05-28T11:09:00.647672 240 1
Skipping by alink_byte/alink_flags filter {'epoch_time': 1716908942.6099374, 'iso_time': '2024-05-28T15:09:02.609937+00:00', 'time': 408.8257289999997, 'alink_byte': 496, 'alink_flags': 2}
  2024-05-28T11:09:02.658655 240 1
Skipping by alink_byte/alink_flags filter {'epoch_time': 1716908944.620556, 'iso_time': '2024-05-28T15:09:04.620556+00:00', 'time': 410.825734, 'alink_byte': 496, 'alink_flags': 2}
  2024-05-28T11:09:04.657614 240 1
Skipping by alink_byte/alink_flags filter {'epoch_time': 1716908946.6169739, 'iso_time': '2024-05-28T15:09:06.616974+00:00', 'time': 412.8257739999999, 'alink_byte': 496, 'alink_flags': 2}
  2024-05-28T11:09:06.654341 240 1
Skipping by alink_byte/alink_flags filter {'epoch_time': 1716908948.6380396, 'iso_time': '2024-05-28T15:09:08.638040+00:00', 'time': 414.82575399999996, 'alink_byte': 496, 'alink_flags': 2}
  2024-05-28T11:09:08.638930 240 1
Skipping by alink_byte/alink_flags filter {'epoch_time': 1716908950.610367, 'iso_time': '2024-05-28T15:09:10.610367+00:00', 'time': 416.82575899999983, 'alink_byte': 496, 'alink_flags': 2}
  2024-05-28T11:09:10.647207 240 1
Skipping by alink_byte/alink_flags filter {'epoch_time': 1716908952.6154478, 'iso_time': '2024-05-28T15:09:12.615448+00:00', 'time': 418.8257739999999, 'alink_byte': 496, 'alink_flags': 2}
  2024-05-28T11:09:12.663810 240 1
Skipping by alink_byte/alink_flags filter {'epoch_time': 1716908954.6196418, 'iso_time': '2024-05-28T15:09:14.619642+00:00', 'time': 420.82577999999967, 'alink_byte': 496, 'alink_flags': 2}
  2024-05-28T11:09:14.632451 240 1
Skipping by alink_byte/alink_flags filter {'epoch_time': 1716908956.612088, 'iso_time': '2024-05-28T15:09:16.612088+00:00', 'time': 422.825785, 'alink_byte': 496, 'alink_flags': 2}
  2024-05-28T11:09:16.650877 240 1
Skipping by alink_byte/alink_flags filter {'epoch_time': 1716908958.6196134, 'iso_time': '2024-05-28T15:09:18.619613+00:00', 'time': 424.82579499999974, 'alink_byte': 496, 'alink_flags': 2}
  2024-05-28T11:09:18.658434 240 1
Skipping by alink_byte/alink_flags filter {'epoch_time': 1716908960.6116326, 'iso_time': '2024-05-28T15:09:20.611633+00:00', 'time': 426.82580499999995, 'alink_byte': 496, 'alink_flags': 2}
  2024-05-28T11:09:20.638572 240 1
Skipping by alink_byte/alink_flags filter {'epoch_time': 1716908962.6161144, 'iso_time': '2024-05-28T15:09:22.616114+00:00', 'time': 428.8258149999997, 'alink_byte': 496, 'alink_flags': 2}
  2024-05-28T11:09:22.628844 240 1
Skipping by alink_byte/alink_flags filter {'epoch_time': 1716908964.6195362, 'iso_time': '2024-05-28T15:09:24.619536+00:00', 'time': 430.82584499999984, 'alink_byte': 496, 'alink_flags': 2}
  2024-05-28T11:09:24.632337 240 1
Skipping by alink_byte/alink_flags filter {'epoch_time': 1716908966.6117349, 'iso_time': '2024-05-28T15:09:26.611735+00:00', 'time': 432.82588499999974, 'alink_byte': 496, 'alink_flags': 2}
  2024-05-28T11:09:26.638672 240 1
Skipping by alink_byte/alink_flags filter {'epoch_time': 1716908968.6157036, 'iso_time': '2024-05-28T15:09:28.615704+00:00', 'time': 434.82583499999964, 'alink_byte': 496, 'alink_flags': 2}
  2024-05-28T11:09:28.640737 240 1
  2024-05-28T11:10:28.636413 240 1
  2024-05-28T11:11:28.638113 240 1
Skipping out of study range isotime=2024-05-28T11:11:28.638113,  {'epoch_time': 1716909088.6381135, 'iso_time': '2024-05-28T15:11:28.638113+00:00', 'time': 554.8474039999996, 'alink_byte': 240, 'alink_flags': 1}
  2024-05-28T11:12:28.637846 240 1
Skipping out of study range isotime=2024-05-28T11:12:28.637846,  {'epoch_time': 1716909148.6378465, 'iso_time': '2024-05-28T15:12:28.637846+00:00', 'time': 614.8474309999997, 'alink_byte': 240, 'alink_flags': 1}
  2024-05-28T11:13:28.629886 240 1
Skipping out of study range isotime=2024-05-28T11:13:28.629886,  {'epoch_time': 1716909208.6298864, 'iso_time': '2024-05-28T15:13:28.629886+00:00', 'time': 674.8477079999998, 'alink_byte': 240, 'alink_flags': 1}
  2024-05-28T11:14:28.629400 240 1
Skipping out of study range isotime=2024-05-28T11:14:28.629400,  {'epoch_time': 1716909268.6294, 'iso_time': '2024-05-28T15:14:28.629400+00:00', 'time': 734.847984, 'alink_byte': 240, 'alink_flags': 1}
  2024-05-28T11:15:28.639384 240 1
Skipping out of study range isotime=2024-05-28T11:15:28.639384,  {'epoch_time': 1716909328.6393838, 'iso_time': '2024-05-28T15:15:28.639384+00:00', 'time': 794.8481360000001, 'alink_byte': 240, 'alink_flags': 1}
  2024-05-28T11:16:28.634191 240 1
Skipping out of study range isotime=2024-05-28T11:16:28.634191,  {'epoch_time': 1716909388.6341913, 'iso_time': '2024-05-28T15:16:28.634191+00:00', 'time': 854.8490379999998, 'alink_byte': 240, 'alink_flags': 1}
Exit on   : 2024-08-19 20:45:04.067480
Exit code : 0
