parse_wQR.py tool
Working dir      : /home/vmelnik/projects/reprostim/Parsing
Video full path  : /home/vmelnik/projects/typhon/reproflow-data-sync/ses-20240528/timing-reprostim-videos/2024.05.28.11.11.35.277_2024.05.28.11.12.06.156.mkv
Video file name  : 2024.05.28.11.11.35.277_2024.05.28.11.12.06.156.mkv
Video start time : 2024-05-28 11:11:35.277000
Video end time   : 2024-05-28 11:12:06.156000
Video duration   : 30.879 sec
Video media info : 
    - resolution : 1920x1080
    - frame rate : 60.0 FPS
    - duration   : 21.683333333333334 sec
    - frame count: 1301
iframe=50 8.262769220358075
iframe=100 8.392395165884706
iframe=150 8.337199921727999
iframe=200 8.818812430283993
iframe=250 8.819324898790015
iframe=300 8.8642160249463
iframe=350 8.90660104263871
iframe=400 8.896304621776034
iframe=450 8.807732455342414
iframe=500 8.745868187144211
iframe=550 8.732967452457334
iframe=600 8.74221492071197
iframe=650 8.726086319661816
iframe=700 8.74326273395698
iframe=750 8.71363531520162
iframe=800 8.749757727780366
iframe=850 8.781840192021669
iframe=900 8.530872802289906
iframe=950 8.539421270502205
iframe=1000 8.549286612441572
iframe=1050 8.523896712665028
iframe=1100 8.517394782606708
iframe=1150 8.504785637336283
iframe=1200 8.485525090884888
iframe=1250 8.478138354285607
iframe=1300 8.472181108590096
