parse_wQR.py tool
Working dir      : /home/vmelnik/projects/reprostim/Parsing
Video full path  : /home/vmelnik/projects/typhon/reproflow-data-sync/ses-20240528/timing-reprostim-videos/2024.05.28.11.18.01.667_2024.05.28.11.18.47.953.mkv
Video file name  : 2024.05.28.11.18.01.667_2024.05.28.11.18.47.953.mkv
Video start time : 2024-05-28 11:18:01.667000
Video end time   : 2024-05-28 11:18:47.953000
Video duration   : 46.286 sec
Video media info : 
    - resolution : 1920x1080
    - frame rate : 60.0 FPS
    - duration   : 45.55 sec
    - frame count: 2733
iframe=50 37.97075057860841
iframe=100 38.010001348096814
iframe=150 38.18769588127607
iframe=200 38.149291089445136
iframe=250 38.16218537041484
iframe=300 38.21589680344823
iframe=350 38.21299810022264
iframe=400 38.21324738272433
iframe=450 38.21211222262363
iframe=500 38.207201218362385
iframe=550 38.22953718292017
iframe=600 38.22729408935237
iframe=650 38.22163039782713
iframe=700 38.22045555223811
iframe=750 38.21264710104247
iframe=800 38.24822537716014
iframe=850 38.229672818712004
iframe=900 38.19776167629146
iframe=950 38.184433383496476
iframe=1000 38.149643412478945
iframe=1050 38.13045476175445
iframe=1100 38.12491193622369
iframe=1150 38.15178442495577
iframe=1200 38.1498486681727
iframe=1250 38.12084143201878
iframe=1300 38.04616897941992
iframe=1350 38.03700563348794
iframe=1400 38.00176101163444
iframe=1450 37.997972859772254
iframe=1500 37.89333376871322
iframe=1550 37.8757081194302
iframe=1600 37.87106895432048
iframe=1650 38.00495582816672
iframe=1700 37.97976537952045
iframe=1750 37.944308923036644
iframe=1800 37.909812879182105
iframe=1850 37.92551880864747
iframe=1900 37.92498157431061
iframe=1950 37.95433950716647
iframe=2000 38.53367758462814
iframe=2050 38.00749132092879
iframe=2100 38.00235588853104
iframe=2150 37.99421831023315
iframe=2200 37.999675986114035
iframe=2250 37.780665234538255
iframe=2300 37.98531114571571
iframe=2350 37.983873981268026
iframe=2400 37.98577101454751
iframe=2450 37.98507253467739
iframe=2500 37.97396020522429
iframe=2550 37.95904764995895
iframe=2600 37.95672081707647
iframe=2650 37.95768294165693
iframe=2700 37.95641799447744
