parse_wQR.py tool
Working dir      : /home/vmelnik/projects/reprostim/Parsing
Video full path  : /home/vmelnik/projects/typhon/reproflow-data-sync/ses-20240809/timing-reprostim-videos/2024.08.09-09.40.48.277--2024.08.09-09.44.04.955.mkv
Video file name  : 2024.08.09-09.40.48.277--2024.08.09-09.44.04.955.mkv
Video start time : 2024-08-09 09:40:48.277000
Video end time   : 2024-08-09 09:44:04.955000
Video duration   : 196.678 sec
Video media info : 
    - resolution : 1920x1080
    - frame rate : 60.0 FPS
    - duration   : 195.9 sec
    - frame count: 11754
iframe=50 11.789387564240979
iframe=100 11.789329604480647
iframe=150 11.78722268581538
iframe=200 11.78650643066962
iframe=250 11.793443708842144
iframe=300 11.788591583894373
iframe=350 11.786975444989514
iframe=400 11.78722672300943
iframe=450 11.784817683964718
iframe=500 11.784468671212334
iframe=550 11.780511633552697
iframe=600 11.778057948215887
iframe=650 11.777220167756026
iframe=700 11.775234588939888
iframe=750 11.771094664807153
iframe=800 11.763130623679535
iframe=850 11.764401148248263
iframe=900 11.763392733866347
iframe=950 11.762365467112849
iframe=1000 11.756867880839904
iframe=1050 11.755845896840354
iframe=1100 11.75590925922665
iframe=1150 11.756438132460982
iframe=1200 11.755834401471718
iframe=1250 11.761986702457229
iframe=1300 11.763302253706811
iframe=1350 11.759657934797884
iframe=1400 11.762345527884548
iframe=1450 11.7604732880255
iframe=1500 11.760196667834425
iframe=1550 11.76000407010382
iframe=1600 11.760858170597944
iframe=1650 11.759578646984687
iframe=1700 11.75867826446867
iframe=1750 11.760515153112923
iframe=1800 11.759625879014637
iframe=1850 11.761929306392114
iframe=1900 11.75812935036381
iframe=1950 11.759399229231793
iframe=2000 11.768488147579554
iframe=2050 11.767421383929385
iframe=2100 11.766363432253252
iframe=2150 11.765145137114864
iframe=2200 11.765245626837181
iframe=2250 11.753944751900214
iframe=2300 11.755484331429805
iframe=2350 11.753068389581099
iframe=2400 11.755431104253482
iframe=2450 11.752249030737614
iframe=2500 11.759231878207796
iframe=2550 11.758374641148329
iframe=2600 11.758359956263021
iframe=2650 11.757562545442427
iframe=2700 11.755846265086864
iframe=2750 11.750684872456494
iframe=2800 11.750003623513525
iframe=2850 11.748556953615251
iframe=2900 11.749712339169095
iframe=2950 11.757278128769167
iframe=3000 11.7548311630271
iframe=3050 11.753700370475642
iframe=3100 11.752118361785529
iframe=3150 11.749894340711219
iframe=3200 11.755435043417933
iframe=3250 11.747667380026556
iframe=3300 11.747764343222867
iframe=3350 11.745804890753707
iframe=3400 11.747192812367123
iframe=3450 11.744392886745732
iframe=3500 11.739079062056499
iframe=3550 11.7403395591386
iframe=3600 11.739958053103244
iframe=3650 11.7393313687637
iframe=3700 11.754866764571501
iframe=3750 11.74755515175656
iframe=3800 11.748782874787572
iframe=3850 11.747392520218437
iframe=3900 11.746258766800269
iframe=3950 11.74259231613872
iframe=4000 11.73950579736005
iframe=4050 11.7386840998704
iframe=4100 11.739425585919259
iframe=4150 11.738422272627568
iframe=4200 11.750523001572533
iframe=4250 11.742261518309363
iframe=4300 11.741391085640554
iframe=4350 11.741210324084028
iframe=4400 11.741495544060376
iframe=4450 11.7446717131838
iframe=4500 11.739217183970782
iframe=4550 11.739252643495949
iframe=4600 11.738333372856333
iframe=4650 11.738802131395559
iframe=4700 11.756599972647203
iframe=4750 11.745796382742357
iframe=4800 11.747577832548355
iframe=4850 11.747171885531278
iframe=4900 11.746504758076432
iframe=4950 11.747082054718339
iframe=5000 11.740194163363057
iframe=5050 11.741123807849613
iframe=5100 11.73989702948303
iframe=5150 11.738841100027951
iframe=5200 11.742748426156206
iframe=5250 11.737403300423194
iframe=5300 11.736293493162801
iframe=5350 11.736677328542514
iframe=5400 11.735352772662559
iframe=5450 11.737983333758647
iframe=5500 11.732584553949554
iframe=5550 11.730548394223826
iframe=5600 11.730841943367029
iframe=5650 11.7321960882019
iframe=5700 11.745495644614433
iframe=5750 11.739083735593235
iframe=5800 11.738812210047602
iframe=5850 11.740240994347063
iframe=5900 11.736048586200285
iframe=5950 11.747083147552136
iframe=6000 11.738968643714038
iframe=6050 11.738968152176906
iframe=6100 11.739346337395274
iframe=6150 11.738970387660848
iframe=6200 11.734085502221182
iframe=6250 11.732568589861094
iframe=6300 11.729872262488382
iframe=6350 11.729701770863421
iframe=6400 11.72934779411474
iframe=6450 11.736640999609017
iframe=6500 11.727570662792779
iframe=6550 11.725767959839947
iframe=6600 11.72525958538548
iframe=6650 11.728038215568208
iframe=6700 11.72843501811866
iframe=6750 11.724474594446674
iframe=6800 11.723596329710665
iframe=6850 11.722887009489511
iframe=6900 11.724628555378601
iframe=6950 11.737580018476713
iframe=7000 11.733640932086486
iframe=7050 11.73325986658722
iframe=7100 11.731422613009705
iframe=7150 11.730042565780833
iframe=7200 11.73741244272229
iframe=7250 11.734581406493787
iframe=7300 11.732769885789514
iframe=7350 11.732712047364759
iframe=7400 11.730293298492851
iframe=7450 11.736779055037998
iframe=7500 11.72992172998228
iframe=7550 11.727753900211221
iframe=7600 11.727864693953482
iframe=7650 11.729052418177618
iframe=7700 11.728355439096791
iframe=7750 11.724037122976684
iframe=7800 11.723235923053126
iframe=7850 11.724496785877404
iframe=7900 11.722634282928897
iframe=7950 11.740675007280476
iframe=8000 11.731040082543862
iframe=8050 11.730317318096557
iframe=8100 11.726527932498085
iframe=8150 11.729360968866311
iframe=8200 11.732530695748707
iframe=8250 11.728398688671149
iframe=8300 11.727715332064415
iframe=8350 11.728304442949002
iframe=8400 11.728865682513145
iframe=8450 11.737321597128169
iframe=8500 11.728532526206228
iframe=8550 11.72879934774444
iframe=8600 11.728342238033793
iframe=8650 11.726069694178111
iframe=8700 11.725051221948899
iframe=8750 11.719835608700022
iframe=8800 11.719932574774816
iframe=8850 11.719354552255835
iframe=8900 11.719508605345561
iframe=8950 11.731288212694931
iframe=9000 11.725607484067938
iframe=9050 11.723559612976507
iframe=9100 11.72409644306695
iframe=9150 11.726056840407805
iframe=9200 11.732812140709235
iframe=9250 11.725865223166979
iframe=9300 11.727804778187966
iframe=9350 11.724894124365061
iframe=9400 11.726308279348258
iframe=9450 11.741466003472901
iframe=9500 11.732312258504052
iframe=9550 11.731396233452564
iframe=9600 11.730461048876805
iframe=9650 11.730418999196614
iframe=9700 11.732941478107877
iframe=9750 11.727448856345758
iframe=9800 11.72523915932716
iframe=9850 11.726188518385579
iframe=9900 11.72866553199819
iframe=9950 11.73106709009509
iframe=10000 11.726835324459131
iframe=10050 11.726098825531356
iframe=10100 11.72142629122061
iframe=10150 11.723862795637654
iframe=10200 11.736512590337286
iframe=10250 11.728963299882295
iframe=10300 11.729983055853285
iframe=10350 11.728945765775903
iframe=10400 11.731390644154363
iframe=10450 11.72651632100898
iframe=10500 11.721588027645453
iframe=10550 11.720925774349865
iframe=10600 11.720745279916303
iframe=10650 11.72148392672507
iframe=10700 11.734813524623991
iframe=10750 11.72817526302537
iframe=10800 11.725414491151046
iframe=10850 11.728354742283017
iframe=10900 11.726863648807337
iframe=10950 11.729179008796127
iframe=11000 11.724095966891696
iframe=11050 11.722803074955571
iframe=11100 11.722003378384816
iframe=11150 11.722392719395184
iframe=11200 11.73841468480836
iframe=11250 11.729391247572268
iframe=11300 11.731015847025041
iframe=11350 11.732877052436947
iframe=11400 11.728486963220972
iframe=11450 11.73622255221008
iframe=11500 11.729099917572583
iframe=11550 11.729178204028274
iframe=11600 11.730399998411176
iframe=11650 11.728963968237743
iframe=11700 11.737122882025856
iframe=11750 80.66039976246677
