parse_wQR.py tool
Working dir      : /home/vmelnik/projects/reprostim/Parsing
Video full path  : /home/vmelnik/projects/typhon/reproflow-data-sync/ses-20241004/timing-reprostim-videos/2024.10.04-09.04.39.304--2024.10.04-09.05.24.132.mkv
Video file name  : 2024.10.04-09.04.39.304--2024.10.04-09.05.24.132.mkv
Video start time : 2024-10-04 09:04:39.304000
Video end time   : 2024-10-04 09:05:24.132000
Video duration   : 44.828 sec
Video media info : 
    - resolution : 1920x1080
    - frame rate : 60.0 FPS
    - duration   : 44.53333333333333 sec
    - frame count: 2672
iframe=50 11.75687716733919
iframe=100 11.755506985937563
iframe=150 11.752966832060928
iframe=200 11.753228175247433
iframe=250 11.749789492241174
iframe=300 100.52711180163917
iframe=350 100.50417756461142
iframe=400 100.48897869454541
iframe=450 100.49499549354849
iframe=500 100.48760352496285
iframe=550 100.47283536466117
iframe=600 100.47121031796571
iframe=650 106.91526600002307
iframe=700 100.46659824023683
iframe=750 99.43985232544424
iframe=800 80.41113507060886
iframe=850 80.40810351257667
iframe=900 80.3999997800758
iframe=950 80.42008153935656
iframe=1000 100.2909081353122
iframe=1050 82.0282990565104
iframe=1100 89.81506478909576
iframe=1150 88.40295261210257
iframe=1200 72.3016010118172
iframe=1250 72.28798304355111
iframe=1300 72.27710462391461
iframe=1350 70.03575371613064
iframe=1400 68.33328742154512
iframe=1450 74.34773414247644
iframe=1500 32.168883217912004
iframe=1550 67.48736319013858
iframe=1600 67.51641439855389
iframe=1650 67.52164875261248
iframe=1700 67.53590333875097
iframe=1750 67.55728815271956
iframe=1800 67.54160340892136
iframe=1850 69.93464556917954
iframe=1900 69.86176280056851
iframe=1950 67.54075577653654
iframe=2000 65.6755817217763
iframe=2050 82.19866107019217
iframe=2100 82.07128364504345
iframe=2150 82.21468260494117
iframe=2200 82.21966404085373
iframe=2250 82.87514119222956
iframe=2300 82.88570097028183
iframe=2350 82.88838447234569
iframe=2400 82.8876188370118
iframe=2450 82.86721943192008
iframe=2500 82.87155914621667
iframe=2550 82.89560866863489
iframe=2600 82.89114389091795
iframe=2650 80.67835543862913
