dump_psychopy.py tool
Started on    : 2024-09-02 15:03:57.251306, vmelnik@Uranus
Working dir   : /Users/vmelnik/Projects/Dartmouth/branches/reproflow-data-sync/code
Session path  : /Users/vmelnik/Projects/Dartmouth/branches/typhon/reproflow-data-sync/ses-20240830
Session ID    : ses-20240830
Dumps path    : /Users/vmelnik/Projects/Dartmouth/branches/typhon/reproflow-data-sync/ses-20240830/timing-dumps
DICOMS dump   : /Users/vmelnik/Projects/Dartmouth/branches/typhon/reproflow-data-sync/ses-20240830/timing-dumps/dump_dicoms.jsonl
Psychopy path : /Users/vmelnik/Projects/Dartmouth/branches/typhon/reproflow-data-sync/ses-20240830/psychopy
QRInfo path   : /Users/vmelnik/Projects/Dartmouth/branches/typhon/reproflow-data-sync/ses-20240830/timing-dumps/dump_qrinfo.jsonl
Study range   : dicoms    2024-08-30 11:21:52.667500 - 2024-08-30 11:57:24.477500
              : psychopy  2024-08-30 11:15:21.053861 - 2024-08-30 11:50:52.863861
Loading QRInfo map from /Users/vmelnik/Projects/Dartmouth/branches/typhon/reproflow-data-sync/ses-20240830/timing-dumps/dump_qrinfo.jsonl
Psychopy log files: ['20240830_acq-med1_run-01.log', '20240830_acq-short2_run-01-05.log', '20240830_acq-short1_run-01.log', '20240830_acq-short1_run-03.log', '20240830_acq-short1_run-02.log', '20240830_acq-short1_run-04.log']
Psychopy log file: /Users/vmelnik/Projects/Dartmouth/branches/typhon/reproflow-data-sync/ses-20240830/psychopy/20240830_acq-med1_run-01.log
Time: 2024-08-30 11:44:39.749255, event: started, key0: None
Skip, out of study range: {'event': 'started', 'logfn': '20240830_acq-med1_run-01.log', 'time': 1725032679.7492554, 'time_formatted': '2024-08-30T11:44:39.749255-04:00'}
Time: 2024-08-30 11:44:40.866563, event: started, key0: None
Skip, out of study range: {'event': 'started', 'logfn': '20240830_acq-med1_run-01.log', 'time': 1725032680.8665633, 'time_formatted': '2024-08-30T11:44:40.866563-04:00'}
Time: 2024-08-30 11:44:41.012900, event: trigger, key0: 5
Time: 2024-08-30 11:44:54.552909, event: trigger, key0: 5
Time: 2024-08-30 11:44:56.543565, event: trigger, key0: 5
Time: 2024-08-30 11:44:58.609391, event: trigger, key0: 5
Time: 2024-08-30 11:45:00.569105, event: trigger, key0: 5
Time: 2024-08-30 11:45:02.555062, event: trigger, key0: 5
Time: 2024-08-30 11:45:04.554587, event: trigger, key0: 5
Time: 2024-08-30 11:45:06.557545, event: trigger, key0: 5
Time: 2024-08-30 11:45:08.537613, event: trigger, key0: 5
Time: 2024-08-30 11:45:10.541874, event: trigger, key0: 5
Time: 2024-08-30 11:45:12.543208, event: trigger, key0: 5
Time: 2024-08-30 11:45:14.535890, event: trigger, key0: 5
Time: 2024-08-30 11:45:16.551873, event: trigger, key0: 5
Time: 2024-08-30 11:45:18.535697, event: trigger, key0: 5
Time: 2024-08-30 11:45:20.555899, event: trigger, key0: 5
Time: 2024-08-30 11:45:22.555493, event: trigger, key0: 5
Time: 2024-08-30 11:45:24.543654, event: trigger, key0: 5
Time: 2024-08-30 11:45:26.535535, event: trigger, key0: 5
Time: 2024-08-30 11:45:28.552963, event: trigger, key0: 5
Time: 2024-08-30 11:45:30.540695, event: trigger, key0: 5
Time: 2024-08-30 11:45:32.535201, event: trigger, key0: 5
Time: 2024-08-30 11:45:34.535638, event: trigger, key0: 5
Time: 2024-08-30 11:45:36.535574, event: trigger, key0: 5
Time: 2024-08-30 11:45:38.534937, event: trigger, key0: 5
Time: 2024-08-30 11:45:40.543975, event: trigger, key0: 5
Time: 2024-08-30 11:45:42.564016, event: trigger, key0: 5
Time: 2024-08-30 11:45:44.542662, event: trigger, key0: 5
Time: 2024-08-30 11:45:46.545291, event: trigger, key0: 5
Time: 2024-08-30 11:45:48.535263, event: trigger, key0: 5
Time: 2024-08-30 11:45:50.552050, event: trigger, key0: 5
Time: 2024-08-30 11:45:52.557803, event: trigger, key0: 5
Time: 2024-08-30 11:45:54.552122, event: trigger, key0: 5
Time: 2024-08-30 11:45:56.534353, event: trigger, key0: 5
Time: 2024-08-30 11:45:58.534589, event: trigger, key0: 5
Time: 2024-08-30 11:46:00.539734, event: trigger, key0: 5
Time: 2024-08-30 11:46:02.568419, event: trigger, key0: 5
Time: 2024-08-30 11:46:04.535503, event: trigger, key0: 5
Time: 2024-08-30 11:46:06.530070, event: trigger, key0: 5
Time: 2024-08-30 11:46:08.534763, event: trigger, key0: 5
Time: 2024-08-30 11:46:10.544412, event: trigger, key0: 5
Time: 2024-08-30 11:46:12.534622, event: trigger, key0: 5
Time: 2024-08-30 11:46:14.533113, event: trigger, key0: 5
Time: 2024-08-30 11:46:16.534796, event: trigger, key0: 5
Time: 2024-08-30 11:46:18.534397, event: trigger, key0: 5
Time: 2024-08-30 11:46:20.544675, event: trigger, key0: 5
Time: 2024-08-30 11:46:22.535434, event: trigger, key0: 5
Time: 2024-08-30 11:46:24.540603, event: trigger, key0: 5
Time: 2024-08-30 11:46:26.536123, event: trigger, key0: 5
Time: 2024-08-30 11:46:28.550920, event: trigger, key0: 5
Time: 2024-08-30 11:46:30.544845, event: trigger, key0: 5
Time: 2024-08-30 11:46:32.550195, event: trigger, key0: 5
Time: 2024-08-30 11:46:34.541399, event: trigger, key0: 5
Time: 2024-08-30 11:46:36.544105, event: trigger, key0: 5
Time: 2024-08-30 11:46:38.535403, event: trigger, key0: 5
Time: 2024-08-30 11:46:40.546937, event: trigger, key0: 5
Time: 2024-08-30 11:46:42.534122, event: trigger, key0: 5
Time: 2024-08-30 11:46:44.566588, event: trigger, key0: 5
Time: 2024-08-30 11:46:46.533779, event: trigger, key0: 5
Time: 2024-08-30 11:46:48.535188, event: trigger, key0: 5
Time: 2024-08-30 11:46:50.543606, event: trigger, key0: 5
Time: 2024-08-30 11:46:52.559758, event: trigger, key0: 5
Time: 2024-08-30 11:46:54.547422, event: trigger, key0: 5
Time: 2024-08-30 11:46:56.533715, event: trigger, key0: 5
Time: 2024-08-30 11:46:58.535501, event: trigger, key0: 5
Time: 2024-08-30 11:47:00.552120, event: trigger, key0: 5
Time: 2024-08-30 11:47:02.534510, event: trigger, key0: 5
Time: 2024-08-30 11:47:04.538557, event: trigger, key0: 5
Time: 2024-08-30 11:47:06.535873, event: trigger, key0: 5
Time: 2024-08-30 11:47:08.535829, event: trigger, key0: 5
Time: 2024-08-30 11:47:10.533647, event: trigger, key0: 5
Time: 2024-08-30 11:47:12.533368, event: trigger, key0: 5
Time: 2024-08-30 11:47:14.529732, event: trigger, key0: 5
Time: 2024-08-30 11:47:16.530994, event: trigger, key0: 5
Time: 2024-08-30 11:47:18.533895, event: trigger, key0: 5
Time: 2024-08-30 11:47:20.533809, event: trigger, key0: 5
Time: 2024-08-30 11:47:22.534037, event: trigger, key0: 5
Time: 2024-08-30 11:47:24.538943, event: trigger, key0: 5
Time: 2024-08-30 11:47:26.540524, event: trigger, key0: 5
Time: 2024-08-30 11:47:28.534292, event: trigger, key0: 5
Time: 2024-08-30 11:47:30.535095, event: trigger, key0: 5
Time: 2024-08-30 11:47:32.534573, event: trigger, key0: 5
Time: 2024-08-30 11:47:34.541835, event: trigger, key0: 5
Time: 2024-08-30 11:47:36.549881, event: trigger, key0: 5
Time: 2024-08-30 11:47:38.535108, event: trigger, key0: 5
Time: 2024-08-30 11:47:40.535628, event: trigger, key0: 5
Time: 2024-08-30 11:47:42.534142, event: trigger, key0: 5
Time: 2024-08-30 11:47:44.538248, event: trigger, key0: 5
Time: 2024-08-30 11:47:46.544938, event: trigger, key0: 5
Time: 2024-08-30 11:47:48.543322, event: trigger, key0: 5
Time: 2024-08-30 11:47:50.534044, event: trigger, key0: 5
Time: 2024-08-30 11:47:52.535874, event: trigger, key0: 5
Time: 2024-08-30 11:47:54.533417, event: trigger, key0: 5
Time: 2024-08-30 11:47:56.540822, event: trigger, key0: 5
Time: 2024-08-30 11:47:58.535069, event: trigger, key0: 5
Time: 2024-08-30 11:48:00.539019, event: trigger, key0: 5
Time: 2024-08-30 11:48:02.550724, event: trigger, key0: 5
Time: 2024-08-30 11:48:04.534891, event: trigger, key0: 5
Time: 2024-08-30 11:48:06.552104, event: trigger, key0: 5
Time: 2024-08-30 11:48:08.537189, event: trigger, key0: 5
Time: 2024-08-30 11:48:10.545941, event: trigger, key0: 5
Time: 2024-08-30 11:48:12.533652, event: trigger, key0: 5
Time: 2024-08-30 11:48:14.542254, event: trigger, key0: 5
Time: 2024-08-30 11:48:16.544522, event: trigger, key0: 5
Time: 2024-08-30 11:48:18.553670, event: trigger, key0: 5
Time: 2024-08-30 11:48:20.546401, event: trigger, key0: 5
Time: 2024-08-30 11:48:22.562462, event: trigger, key0: 5
Time: 2024-08-30 11:48:24.551657, event: trigger, key0: 5
Time: 2024-08-30 11:48:26.546215, event: trigger, key0: 5
Time: 2024-08-30 11:48:28.538645, event: trigger, key0: 5
Time: 2024-08-30 11:48:30.543755, event: trigger, key0: 5
Time: 2024-08-30 11:48:32.533942, event: trigger, key0: 5
Time: 2024-08-30 11:48:34.534961, event: trigger, key0: 5
Time: 2024-08-30 11:48:36.553112, event: trigger, key0: 5
Time: 2024-08-30 11:48:38.544939, event: trigger, key0: 5
Time: 2024-08-30 11:48:40.545776, event: trigger, key0: 5
Time: 2024-08-30 11:48:42.533782, event: trigger, key0: 5
Time: 2024-08-30 11:48:44.545754, event: trigger, key0: 5
Time: 2024-08-30 11:48:46.546480, event: trigger, key0: 5
Time: 2024-08-30 11:48:48.532984, event: trigger, key0: 5
Time: 2024-08-30 11:48:50.543686, event: trigger, key0: 5
Time: 2024-08-30 11:48:52.550645, event: trigger, key0: 5
Time: 2024-08-30 11:48:54.534430, event: trigger, key0: 5
Time: 2024-08-30 11:48:56.540065, event: trigger, key0: 5
Time: 2024-08-30 11:48:58.529699, event: trigger, key0: 5
Time: 2024-08-30 11:49:00.543327, event: trigger, key0: 5
Time: 2024-08-30 11:49:02.540287, event: trigger, key0: 5
Time: 2024-08-30 11:49:04.534239, event: trigger, key0: 5
Time: 2024-08-30 11:49:06.552522, event: trigger, key0: 5
Time: 2024-08-30 11:49:08.537886, event: trigger, key0: 5
Time: 2024-08-30 11:49:10.534570, event: trigger, key0: 5
Time: 2024-08-30 11:49:12.534644, event: trigger, key0: 5
Time: 2024-08-30 11:49:14.535070, event: trigger, key0: 5
Time: 2024-08-30 11:49:16.544758, event: trigger, key0: 5
Time: 2024-08-30 11:49:18.561036, event: trigger, key0: 5
Time: 2024-08-30 11:49:20.546330, event: trigger, key0: 5
Time: 2024-08-30 11:49:22.535135, event: trigger, key0: 5
Time: 2024-08-30 11:49:24.534945, event: trigger, key0: 5
Time: 2024-08-30 11:49:26.555578, event: trigger, key0: 5
Time: 2024-08-30 11:49:28.556475, event: trigger, key0: 5
Time: 2024-08-30 11:49:30.550271, event: trigger, key0: 5
Time: 2024-08-30 11:49:32.535140, event: trigger, key0: 5
Time: 2024-08-30 11:49:34.533723, event: trigger, key0: 5
Time: 2024-08-30 11:49:36.551238, event: trigger, key0: 5
Time: 2024-08-30 11:49:38.540790, event: trigger, key0: 5
Time: 2024-08-30 11:49:40.551698, event: trigger, key0: 5
Time: 2024-08-30 11:49:42.543703, event: trigger, key0: 5
Time: 2024-08-30 11:49:44.551991, event: trigger, key0: 5
Time: 2024-08-30 11:49:46.533712, event: trigger, key0: 5
Time: 2024-08-30 11:49:48.564943, event: trigger, key0: 5
Time: 2024-08-30 11:49:50.538067, event: trigger, key0: 5
Time: 2024-08-30 11:49:52.542979, event: trigger, key0: q
Skip, out of study range: {'event': 'trigger', 'acqNum': 150, 'logfn': '20240830_acq-med1_run-01.log', 'time': 1725032992.5429785, 'time_formatted': '2024-08-30T11:49:52.542979-04:00', 'keys': ['q'], 'keys_time': 1725033006.4456651, 'keys_time_str': '2024-08-30T11:50:06.445665-04:00', 'time_flip': 1725033006.5091784, 'time_flip_formatted': '2024-08-30T11:50:06.509178-04:00', 'prior_time_off': 1725033007.02715, 'prior_time_off_str': '2024-08-30T11:50:07.027150-04:00'}
Psychopy log file: /Users/vmelnik/Projects/Dartmouth/branches/typhon/reproflow-data-sync/ses-20240830/psychopy/20240830_acq-short2_run-01-05.log
Time: 2024-08-30 11:52:32.581711, event: started, key0: None
Skip, out of study range: {'event': 'started', 'logfn': '20240830_acq-short2_run-01-05.log', 'time': 1725033152.581711, 'time_formatted': '2024-08-30T11:52:32.581711-04:00'}
Time: 2024-08-30 11:52:33.357298, event: started, key0: None
Skip, out of study range: {'event': 'started', 'logfn': '20240830_acq-short2_run-01-05.log', 'time': 1725033153.3572977, 'time_formatted': '2024-08-30T11:52:33.357298-04:00'}
Time: 2024-08-30 11:52:33.504947, event: trigger, key0: 5
Skip, out of study range: {'event': 'trigger', 'acqNum': 0, 'logfn': '20240830_acq-short2_run-01-05.log', 'time': 1725033153.5049472, 'time_formatted': '2024-08-30T11:52:33.504947-04:00', 'keys': ['5'], 'keys_time': 1725033168.676354, 'keys_time_str': '2024-08-30T11:52:48.676354-04:00', 'time_flip': 1725033168.7499785, 'time_flip_formatted': '2024-08-30T11:52:48.749979-04:00', 'prior_time_off': 1725033169.2555125, 'prior_time_off_str': '2024-08-30T11:52:49.255512-04:00'}
Time: 2024-08-30 11:52:49.255662, event: trigger, key0: 5
Skip, out of study range: {'event': 'trigger', 'acqNum': 1, 'logfn': '20240830_acq-short2_run-01-05.log', 'time': 1725033169.2556617, 'time_formatted': '2024-08-30T11:52:49.255662-04:00', 'keys': ['5'], 'keys_time': 1725033170.6752577, 'keys_time_str': '2024-08-30T11:52:50.675258-04:00', 'time_flip': 1725033170.7305152, 'time_flip_formatted': '2024-08-30T11:52:50.730515-04:00', 'prior_time_off': 1725033171.238672, 'prior_time_off_str': '2024-08-30T11:52:51.238672-04:00'}
Time: 2024-08-30 11:52:51.238811, event: trigger, key0: 5
Skip, out of study range: {'event': 'trigger', 'acqNum': 2, 'logfn': '20240830_acq-short2_run-01-05.log', 'time': 1725033171.2388108, 'time_formatted': '2024-08-30T11:52:51.238811-04:00', 'keys': ['5'], 'keys_time': 1725033172.6753101, 'keys_time_str': '2024-08-30T11:52:52.675310-04:00', 'time_flip': 1725033172.7302613, 'time_flip_formatted': '2024-08-30T11:52:52.730261-04:00', 'prior_time_off': 1725033173.2461164, 'prior_time_off_str': '2024-08-30T11:52:53.246116-04:00'}
Time: 2024-08-30 11:52:53.246263, event: trigger, key0: 5
Skip, out of study range: {'event': 'trigger', 'acqNum': 3, 'logfn': '20240830_acq-short2_run-01-05.log', 'time': 1725033173.246263, 'time_formatted': '2024-08-30T11:52:53.246263-04:00', 'keys': ['5'], 'keys_time': 1725033174.675177, 'keys_time_str': '2024-08-30T11:52:54.675177-04:00', 'time_flip': 1725033174.7309096, 'time_flip_formatted': '2024-08-30T11:52:54.730910-04:00', 'prior_time_off': 1725033175.2394304, 'prior_time_off_str': '2024-08-30T11:52:55.239430-04:00'}
Time: 2024-08-30 11:52:55.239587, event: trigger, key0: 5
Skip, out of study range: {'event': 'trigger', 'acqNum': 4, 'logfn': '20240830_acq-short2_run-01-05.log', 'time': 1725033175.2395873, 'time_formatted': '2024-08-30T11:52:55.239587-04:00', 'keys': ['5'], 'keys_time': 1725033176.6754937, 'keys_time_str': '2024-08-30T11:52:56.675494-04:00', 'time_flip': 1725033176.7352123, 'time_flip_formatted': '2024-08-30T11:52:56.735212-04:00', 'prior_time_off': 1725033177.243726, 'prior_time_off_str': '2024-08-30T11:52:57.243726-04:00'}
Time: 2024-08-30 11:52:57.243866, event: trigger, key0: 5
Skip, out of study range: {'event': 'trigger', 'acqNum': 5, 'logfn': '20240830_acq-short2_run-01-05.log', 'time': 1725033177.243866, 'time_formatted': '2024-08-30T11:52:57.243866-04:00', 'keys': ['5'], 'keys_time': 1725033178.6753986, 'keys_time_str': '2024-08-30T11:52:58.675399-04:00', 'time_flip': 1725033178.7402804, 'time_flip_formatted': '2024-08-30T11:52:58.740280-04:00', 'prior_time_off': 1725033179.2482529, 'prior_time_off_str': '2024-08-30T11:52:59.248253-04:00'}
Time: 2024-08-30 11:52:59.248416, event: trigger, key0: 5
Skip, out of study range: {'event': 'trigger', 'acqNum': 6, 'logfn': '20240830_acq-short2_run-01-05.log', 'time': 1725033179.2484157, 'time_formatted': '2024-08-30T11:52:59.248416-04:00', 'keys': ['5'], 'keys_time': 1725033180.6752622, 'keys_time_str': '2024-08-30T11:53:00.675262-04:00', 'time_flip': 1725033180.750303, 'time_flip_formatted': '2024-08-30T11:53:00.750303-04:00', 'prior_time_off': 1725033181.258684, 'prior_time_off_str': '2024-08-30T11:53:01.258684-04:00'}
Time: 2024-08-30 11:53:01.258859, event: trigger, key0: 5
Skip, out of study range: {'event': 'trigger', 'acqNum': 7, 'logfn': '20240830_acq-short2_run-01-05.log', 'time': 1725033181.258859, 'time_formatted': '2024-08-30T11:53:01.258859-04:00', 'keys': ['5'], 'keys_time': 1725033182.6752803, 'keys_time_str': '2024-08-30T11:53:02.675280-04:00', 'time_flip': 1725033182.7281883, 'time_flip_formatted': '2024-08-30T11:53:02.728188-04:00', 'prior_time_off': 1725033183.2367015, 'prior_time_off_str': '2024-08-30T11:53:03.236701-04:00'}
Time: 2024-08-30 11:53:03.236819, event: trigger, key0: 5
Skip, out of study range: {'event': 'trigger', 'acqNum': 8, 'logfn': '20240830_acq-short2_run-01-05.log', 'time': 1725033183.2368193, 'time_formatted': '2024-08-30T11:53:03.236819-04:00', 'keys': ['5'], 'keys_time': 1725033184.6753445, 'keys_time_str': '2024-08-30T11:53:04.675344-04:00', 'time_flip': 1725033184.7425086, 'time_flip_formatted': '2024-08-30T11:53:04.742509-04:00', 'prior_time_off': 1725033185.2509713, 'prior_time_off_str': '2024-08-30T11:53:05.250971-04:00'}
Time: 2024-08-30 11:53:05.251097, event: trigger, key0: 5
Skip, out of study range: {'event': 'trigger', 'acqNum': 9, 'logfn': '20240830_acq-short2_run-01-05.log', 'time': 1725033185.2510972, 'time_formatted': '2024-08-30T11:53:05.251097-04:00', 'keys': ['5'], 'keys_time': 1725033186.6753144, 'keys_time_str': '2024-08-30T11:53:06.675314-04:00', 'time_flip': 1725033186.7494218, 'time_flip_formatted': '2024-08-30T11:53:06.749422-04:00', 'prior_time_off': 1725033187.2666714, 'prior_time_off_str': '2024-08-30T11:53:07.266671-04:00'}
Time: 2024-08-30 11:53:07.266930, event: trigger, key0: 5
Skip, out of study range: {'event': 'trigger', 'acqNum': 10, 'logfn': '20240830_acq-short2_run-01-05.log', 'time': 1725033187.26693, 'time_formatted': '2024-08-30T11:53:07.266930-04:00', 'keys': ['5'], 'keys_time': 1725033188.6752446, 'keys_time_str': '2024-08-30T11:53:08.675245-04:00', 'time_flip': 1725033188.7410653, 'time_flip_formatted': '2024-08-30T11:53:08.741065-04:00', 'prior_time_off': 1725033189.2439685, 'prior_time_off_str': '2024-08-30T11:53:09.243968-04:00'}
Time: 2024-08-30 11:53:09.244126, event: trigger, key0: 5
Skip, out of study range: {'event': 'trigger', 'acqNum': 11, 'logfn': '20240830_acq-short2_run-01-05.log', 'time': 1725033189.2441258, 'time_formatted': '2024-08-30T11:53:09.244126-04:00', 'keys': ['5'], 'keys_time': 1725033190.6753123, 'keys_time_str': '2024-08-30T11:53:10.675312-04:00', 'time_flip': 1725033190.7290568, 'time_flip_formatted': '2024-08-30T11:53:10.729057-04:00', 'prior_time_off': 1725033191.2373126, 'prior_time_off_str': '2024-08-30T11:53:11.237313-04:00'}
Time: 2024-08-30 11:53:11.237461, event: trigger, key0: 5
Skip, out of study range: {'event': 'trigger', 'acqNum': 12, 'logfn': '20240830_acq-short2_run-01-05.log', 'time': 1725033191.237461, 'time_formatted': '2024-08-30T11:53:11.237461-04:00', 'keys': ['5'], 'keys_time': 1725033192.6752207, 'keys_time_str': '2024-08-30T11:53:12.675221-04:00', 'time_flip': 1725033192.7495136, 'time_flip_formatted': '2024-08-30T11:53:12.749514-04:00', 'prior_time_off': 1725033193.2580485, 'prior_time_off_str': '2024-08-30T11:53:13.258049-04:00'}
Time: 2024-08-30 11:53:13.258191, event: trigger, key0: 5
Skip, out of study range: {'event': 'trigger', 'acqNum': 13, 'logfn': '20240830_acq-short2_run-01-05.log', 'time': 1725033193.258191, 'time_formatted': '2024-08-30T11:53:13.258191-04:00', 'keys': ['5'], 'keys_time': 1725033194.6753879, 'keys_time_str': '2024-08-30T11:53:14.675388-04:00', 'time_flip': 1725033194.7304466, 'time_flip_formatted': '2024-08-30T11:53:14.730447-04:00', 'prior_time_off': 1725033195.2387617, 'prior_time_off_str': '2024-08-30T11:53:15.238762-04:00'}
Time: 2024-08-30 11:53:15.238899, event: trigger, key0: 5
Skip, out of study range: {'event': 'trigger', 'acqNum': 14, 'logfn': '20240830_acq-short2_run-01-05.log', 'time': 1725033195.2388988, 'time_formatted': '2024-08-30T11:53:15.238899-04:00', 'keys': ['5'], 'keys_time': 1725033196.6755013, 'keys_time_str': '2024-08-30T11:53:16.675501-04:00', 'time_flip': 1725033196.7306674, 'time_flip_formatted': '2024-08-30T11:53:16.730667-04:00', 'prior_time_off': 1725033197.238993, 'prior_time_off_str': '2024-08-30T11:53:17.238993-04:00'}
Time: 2024-08-30 11:53:17.239134, event: trigger, key0: 5
Skip, out of study range: {'event': 'trigger', 'acqNum': 15, 'logfn': '20240830_acq-short2_run-01-05.log', 'time': 1725033197.2391338, 'time_formatted': '2024-08-30T11:53:17.239134-04:00', 'keys': ['5'], 'keys_time': 1725033207.5484035, 'keys_time_str': '2024-08-30T11:53:27.548404-04:00', 'time_flip': 1725033207.6005719, 'time_flip_formatted': '2024-08-30T11:53:27.600572-04:00', 'prior_time_off': 1725033208.110374, 'prior_time_off_str': '2024-08-30T11:53:28.110374-04:00'}
Time: 2024-08-30 11:53:28.110528, event: trigger, key0: 5
Skip, out of study range: {'event': 'trigger', 'acqNum': 16, 'logfn': '20240830_acq-short2_run-01-05.log', 'time': 1725033208.1105282, 'time_formatted': '2024-08-30T11:53:28.110528-04:00', 'keys': ['5'], 'keys_time': 1725033209.54841, 'keys_time_str': '2024-08-30T11:53:29.548410-04:00', 'time_flip': 1725033209.6064663, 'time_flip_formatted': '2024-08-30T11:53:29.606466-04:00', 'prior_time_off': 1725033210.1125147, 'prior_time_off_str': '2024-08-30T11:53:30.112515-04:00'}
Time: 2024-08-30 11:53:30.112653, event: trigger, key0: 5
Skip, out of study range: {'event': 'trigger', 'acqNum': 17, 'logfn': '20240830_acq-short2_run-01-05.log', 'time': 1725033210.1126525, 'time_formatted': '2024-08-30T11:53:30.112653-04:00', 'keys': ['5'], 'keys_time': 1725033211.548512, 'keys_time_str': '2024-08-30T11:53:31.548512-04:00', 'time_flip': 1725033211.6053762, 'time_flip_formatted': '2024-08-30T11:53:31.605376-04:00', 'prior_time_off': 1725033212.113978, 'prior_time_off_str': '2024-08-30T11:53:32.113978-04:00'}
Time: 2024-08-30 11:53:32.114219, event: trigger, key0: 5
Skip, out of study range: {'event': 'trigger', 'acqNum': 18, 'logfn': '20240830_acq-short2_run-01-05.log', 'time': 1725033212.114219, 'time_formatted': '2024-08-30T11:53:32.114219-04:00', 'keys': ['5'], 'keys_time': 1725033213.548479, 'keys_time_str': '2024-08-30T11:53:33.548479-04:00', 'time_flip': 1725033213.6145227, 'time_flip_formatted': '2024-08-30T11:53:33.614523-04:00', 'prior_time_off': 1725033214.1199276, 'prior_time_off_str': '2024-08-30T11:53:34.119928-04:00'}
Time: 2024-08-30 11:53:34.120063, event: trigger, key0: 5
Skip, out of study range: {'event': 'trigger', 'acqNum': 19, 'logfn': '20240830_acq-short2_run-01-05.log', 'time': 1725033214.1200633, 'time_formatted': '2024-08-30T11:53:34.120063-04:00', 'keys': ['5'], 'keys_time': 1725033215.5484643, 'keys_time_str': '2024-08-30T11:53:35.548464-04:00', 'time_flip': 1725033215.6049726, 'time_flip_formatted': '2024-08-30T11:53:35.604973-04:00', 'prior_time_off': 1725033216.1198742, 'prior_time_off_str': '2024-08-30T11:53:36.119874-04:00'}
Time: 2024-08-30 11:53:36.120052, event: trigger, key0: 5
Skip, out of study range: {'event': 'trigger', 'acqNum': 20, 'logfn': '20240830_acq-short2_run-01-05.log', 'time': 1725033216.1200516, 'time_formatted': '2024-08-30T11:53:36.120052-04:00', 'keys': ['5'], 'keys_time': 1725033217.5485213, 'keys_time_str': '2024-08-30T11:53:37.548521-04:00', 'time_flip': 1725033217.605505, 'time_flip_formatted': '2024-08-30T11:53:37.605505-04:00', 'prior_time_off': 1725033218.1106553, 'prior_time_off_str': '2024-08-30T11:53:38.110655-04:00'}
Time: 2024-08-30 11:53:38.110854, event: trigger, key0: 5
Skip, out of study range: {'event': 'trigger', 'acqNum': 21, 'logfn': '20240830_acq-short2_run-01-05.log', 'time': 1725033218.1108544, 'time_formatted': '2024-08-30T11:53:38.110854-04:00', 'keys': ['5'], 'keys_time': 1725033219.5485783, 'keys_time_str': '2024-08-30T11:53:39.548578-04:00', 'time_flip': 1725033219.6040716, 'time_flip_formatted': '2024-08-30T11:53:39.604072-04:00', 'prior_time_off': 1725033220.1188004, 'prior_time_off_str': '2024-08-30T11:53:40.118800-04:00'}
Time: 2024-08-30 11:53:40.119039, event: trigger, key0: 5
Skip, out of study range: {'event': 'trigger', 'acqNum': 22, 'logfn': '20240830_acq-short2_run-01-05.log', 'time': 1725033220.1190393, 'time_formatted': '2024-08-30T11:53:40.119039-04:00', 'keys': ['5'], 'keys_time': 1725033221.5488334, 'keys_time_str': '2024-08-30T11:53:41.548833-04:00', 'time_flip': 1725033221.6353416, 'time_flip_formatted': '2024-08-30T11:53:41.635342-04:00', 'prior_time_off': 1725033222.1433368, 'prior_time_off_str': '2024-08-30T11:53:42.143337-04:00'}
Time: 2024-08-30 11:53:42.143476, event: trigger, key0: 5
Skip, out of study range: {'event': 'trigger', 'acqNum': 23, 'logfn': '20240830_acq-short2_run-01-05.log', 'time': 1725033222.1434765, 'time_formatted': '2024-08-30T11:53:42.143476-04:00', 'keys': ['5'], 'keys_time': 1725033223.5485618, 'keys_time_str': '2024-08-30T11:53:43.548562-04:00', 'time_flip': 1725033223.5988874, 'time_flip_formatted': '2024-08-30T11:53:43.598887-04:00', 'prior_time_off': 1725033224.110465, 'prior_time_off_str': '2024-08-30T11:53:44.110465-04:00'}
Time: 2024-08-30 11:53:44.110642, event: trigger, key0: 5
Skip, out of study range: {'event': 'trigger', 'acqNum': 24, 'logfn': '20240830_acq-short2_run-01-05.log', 'time': 1725033224.1106417, 'time_formatted': '2024-08-30T11:53:44.110642-04:00', 'keys': ['5'], 'keys_time': 1725033225.5485277, 'keys_time_str': '2024-08-30T11:53:45.548528-04:00', 'time_flip': 1725033225.605953, 'time_flip_formatted': '2024-08-30T11:53:45.605953-04:00', 'prior_time_off': 1725033226.1104155, 'prior_time_off_str': '2024-08-30T11:53:46.110415-04:00'}
Time: 2024-08-30 11:53:46.110539, event: trigger, key0: 5
Skip, out of study range: {'event': 'trigger', 'acqNum': 25, 'logfn': '20240830_acq-short2_run-01-05.log', 'time': 1725033226.1105394, 'time_formatted': '2024-08-30T11:53:46.110539-04:00', 'keys': ['5'], 'keys_time': 1725033227.5485258, 'keys_time_str': '2024-08-30T11:53:47.548526-04:00', 'time_flip': 1725033227.6040494, 'time_flip_formatted': '2024-08-30T11:53:47.604049-04:00', 'prior_time_off': 1725033228.1104388, 'prior_time_off_str': '2024-08-30T11:53:48.110439-04:00'}
Time: 2024-08-30 11:53:48.110614, event: trigger, key0: 5
Skip, out of study range: {'event': 'trigger', 'acqNum': 26, 'logfn': '20240830_acq-short2_run-01-05.log', 'time': 1725033228.1106136, 'time_formatted': '2024-08-30T11:53:48.110614-04:00', 'keys': ['5'], 'keys_time': 1725033229.5486534, 'keys_time_str': '2024-08-30T11:53:49.548653-04:00', 'time_flip': 1725033229.6123705, 'time_flip_formatted': '2024-08-30T11:53:49.612370-04:00', 'prior_time_off': 1725033230.1184604, 'prior_time_off_str': '2024-08-30T11:53:50.118460-04:00'}
Time: 2024-08-30 11:53:50.118628, event: trigger, key0: 5
Skip, out of study range: {'event': 'trigger', 'acqNum': 27, 'logfn': '20240830_acq-short2_run-01-05.log', 'time': 1725033230.1186275, 'time_formatted': '2024-08-30T11:53:50.118628-04:00', 'keys': ['5'], 'keys_time': 1725033231.5485559, 'keys_time_str': '2024-08-30T11:53:51.548556-04:00', 'time_flip': 1725033231.6044192, 'time_flip_formatted': '2024-08-30T11:53:51.604419-04:00', 'prior_time_off': 1725033232.1125522, 'prior_time_off_str': '2024-08-30T11:53:52.112552-04:00'}
Time: 2024-08-30 11:53:52.112711, event: trigger, key0: 5
Skip, out of study range: {'event': 'trigger', 'acqNum': 28, 'logfn': '20240830_acq-short2_run-01-05.log', 'time': 1725033232.1127107, 'time_formatted': '2024-08-30T11:53:52.112711-04:00', 'keys': ['5'], 'keys_time': 1725033233.5485916, 'keys_time_str': '2024-08-30T11:53:53.548592-04:00', 'time_flip': 1725033233.6045935, 'time_flip_formatted': '2024-08-30T11:53:53.604594-04:00', 'prior_time_off': 1725033234.1076, 'prior_time_off_str': '2024-08-30T11:53:54.107600-04:00'}
Time: 2024-08-30 11:53:54.107702, event: trigger, key0: 5
Skip, out of study range: {'event': 'trigger', 'acqNum': 29, 'logfn': '20240830_acq-short2_run-01-05.log', 'time': 1725033234.1077025, 'time_formatted': '2024-08-30T11:53:54.107702-04:00', 'keys': ['5'], 'keys_time': 1725033235.5486028, 'keys_time_str': '2024-08-30T11:53:55.548603-04:00', 'time_flip': 1725033235.6054552, 'time_flip_formatted': '2024-08-30T11:53:55.605455-04:00', 'prior_time_off': 1725033236.1120877, 'prior_time_off_str': '2024-08-30T11:53:56.112088-04:00'}
Time: 2024-08-30 11:53:56.112262, event: trigger, key0: 5
Skip, out of study range: {'event': 'trigger', 'acqNum': 30, 'logfn': '20240830_acq-short2_run-01-05.log', 'time': 1725033236.1122625, 'time_formatted': '2024-08-30T11:53:56.112262-04:00', 'keys': ['5'], 'keys_time': 1725033246.373875, 'keys_time_str': '2024-08-30T11:54:06.373875-04:00', 'time_flip': 1725033246.4312532, 'time_flip_formatted': '2024-08-30T11:54:06.431253-04:00', 'prior_time_off': 1725033246.939557, 'prior_time_off_str': '2024-08-30T11:54:06.939557-04:00'}
Time: 2024-08-30 11:54:06.939700, event: trigger, key0: 5
Skip, out of study range: {'event': 'trigger', 'acqNum': 31, 'logfn': '20240830_acq-short2_run-01-05.log', 'time': 1725033246.9396996, 'time_formatted': '2024-08-30T11:54:06.939700-04:00', 'keys': ['5'], 'keys_time': 1725033248.3738072, 'keys_time_str': '2024-08-30T11:54:08.373807-04:00', 'time_flip': 1725033248.4365063, 'time_flip_formatted': '2024-08-30T11:54:08.436506-04:00', 'prior_time_off': 1725033248.94507, 'prior_time_off_str': '2024-08-30T11:54:08.945070-04:00'}
Time: 2024-08-30 11:54:08.945208, event: trigger, key0: 5
Skip, out of study range: {'event': 'trigger', 'acqNum': 32, 'logfn': '20240830_acq-short2_run-01-05.log', 'time': 1725033248.945208, 'time_formatted': '2024-08-30T11:54:08.945208-04:00', 'keys': ['5'], 'keys_time': 1725033250.3736842, 'keys_time_str': '2024-08-30T11:54:10.373684-04:00', 'time_flip': 1725033250.4258373, 'time_flip_formatted': '2024-08-30T11:54:10.425837-04:00', 'prior_time_off': 1725033250.9341373, 'prior_time_off_str': '2024-08-30T11:54:10.934137-04:00'}
Time: 2024-08-30 11:54:10.934275, event: trigger, key0: 5
Skip, out of study range: {'event': 'trigger', 'acqNum': 33, 'logfn': '20240830_acq-short2_run-01-05.log', 'time': 1725033250.934275, 'time_formatted': '2024-08-30T11:54:10.934275-04:00', 'keys': ['5'], 'keys_time': 1725033252.3728366, 'keys_time_str': '2024-08-30T11:54:12.372837-04:00', 'time_flip': 1725033252.4269028, 'time_flip_formatted': '2024-08-30T11:54:12.426903-04:00', 'prior_time_off': 1725033252.9352202, 'prior_time_off_str': '2024-08-30T11:54:12.935220-04:00'}
Time: 2024-08-30 11:54:12.935355, event: trigger, key0: 5
Skip, out of study range: {'event': 'trigger', 'acqNum': 34, 'logfn': '20240830_acq-short2_run-01-05.log', 'time': 1725033252.935355, 'time_formatted': '2024-08-30T11:54:12.935355-04:00', 'keys': ['5'], 'keys_time': 1725033254.372847, 'keys_time_str': '2024-08-30T11:54:14.372847-04:00', 'time_flip': 1725033254.4437606, 'time_flip_formatted': '2024-08-30T11:54:14.443761-04:00', 'prior_time_off': 1725033254.947041, 'prior_time_off_str': '2024-08-30T11:54:14.947041-04:00'}
Time: 2024-08-30 11:54:14.947200, event: trigger, key0: 5
Skip, out of study range: {'event': 'trigger', 'acqNum': 35, 'logfn': '20240830_acq-short2_run-01-05.log', 'time': 1725033254.9471996, 'time_formatted': '2024-08-30T11:54:14.947200-04:00', 'keys': ['5'], 'keys_time': 1725033256.3728437, 'keys_time_str': '2024-08-30T11:54:16.372844-04:00', 'time_flip': 1725033256.4277928, 'time_flip_formatted': '2024-08-30T11:54:16.427793-04:00', 'prior_time_off': 1725033256.9365973, 'prior_time_off_str': '2024-08-30T11:54:16.936597-04:00'}
Time: 2024-08-30 11:54:16.936901, event: trigger, key0: 5
Skip, out of study range: {'event': 'trigger', 'acqNum': 36, 'logfn': '20240830_acq-short2_run-01-05.log', 'time': 1725033256.9369006, 'time_formatted': '2024-08-30T11:54:16.936901-04:00', 'keys': ['5'], 'keys_time': 1725033258.3729045, 'keys_time_str': '2024-08-30T11:54:18.372905-04:00', 'time_flip': 1725033258.4297063, 'time_flip_formatted': '2024-08-30T11:54:18.429706-04:00', 'prior_time_off': 1725033258.9450843, 'prior_time_off_str': '2024-08-30T11:54:18.945084-04:00'}
Time: 2024-08-30 11:54:18.945313, event: trigger, key0: 5
Skip, out of study range: {'event': 'trigger', 'acqNum': 37, 'logfn': '20240830_acq-short2_run-01-05.log', 'time': 1725033258.9453132, 'time_formatted': '2024-08-30T11:54:18.945313-04:00', 'keys': ['5'], 'keys_time': 1725033260.3728964, 'keys_time_str': '2024-08-30T11:54:20.372896-04:00', 'time_flip': 1725033260.428816, 'time_flip_formatted': '2024-08-30T11:54:20.428816-04:00', 'prior_time_off': 1725033260.9369364, 'prior_time_off_str': '2024-08-30T11:54:20.936936-04:00'}
Time: 2024-08-30 11:54:20.937096, event: trigger, key0: 5
Skip, out of study range: {'event': 'trigger', 'acqNum': 38, 'logfn': '20240830_acq-short2_run-01-05.log', 'time': 1725033260.937096, 'time_formatted': '2024-08-30T11:54:20.937096-04:00', 'keys': ['5'], 'keys_time': 1725033262.3728979, 'keys_time_str': '2024-08-30T11:54:22.372898-04:00', 'time_flip': 1725033262.4294395, 'time_flip_formatted': '2024-08-30T11:54:22.429440-04:00', 'prior_time_off': 1725033262.9376354, 'prior_time_off_str': '2024-08-30T11:54:22.937635-04:00'}
Time: 2024-08-30 11:54:22.937784, event: trigger, key0: 5
Skip, out of study range: {'event': 'trigger', 'acqNum': 39, 'logfn': '20240830_acq-short2_run-01-05.log', 'time': 1725033262.937784, 'time_formatted': '2024-08-30T11:54:22.937784-04:00', 'keys': ['5'], 'keys_time': 1725033264.3729382, 'keys_time_str': '2024-08-30T11:54:24.372938-04:00', 'time_flip': 1725033264.4334462, 'time_flip_formatted': '2024-08-30T11:54:24.433446-04:00', 'prior_time_off': 1725033264.9417949, 'prior_time_off_str': '2024-08-30T11:54:24.941795-04:00'}
Time: 2024-08-30 11:54:24.941974, event: trigger, key0: 5
Skip, out of study range: {'event': 'trigger', 'acqNum': 40, 'logfn': '20240830_acq-short2_run-01-05.log', 'time': 1725033264.9419737, 'time_formatted': '2024-08-30T11:54:24.941974-04:00', 'keys': ['5'], 'keys_time': 1725033266.3730187, 'keys_time_str': '2024-08-30T11:54:26.373019-04:00', 'time_flip': 1725033266.4476733, 'time_flip_formatted': '2024-08-30T11:54:26.447673-04:00', 'prior_time_off': 1725033266.9559236, 'prior_time_off_str': '2024-08-30T11:54:26.955924-04:00'}
Time: 2024-08-30 11:54:26.956058, event: trigger, key0: 5
Skip, out of study range: {'event': 'trigger', 'acqNum': 41, 'logfn': '20240830_acq-short2_run-01-05.log', 'time': 1725033266.9560578, 'time_formatted': '2024-08-30T11:54:26.956058-04:00', 'keys': ['5'], 'keys_time': 1725033268.3729599, 'keys_time_str': '2024-08-30T11:54:28.372960-04:00', 'time_flip': 1725033268.4338603, 'time_flip_formatted': '2024-08-30T11:54:28.433860-04:00', 'prior_time_off': 1725033268.9423695, 'prior_time_off_str': '2024-08-30T11:54:28.942369-04:00'}
Time: 2024-08-30 11:54:28.942552, event: trigger, key0: 5
Skip, out of study range: {'event': 'trigger', 'acqNum': 42, 'logfn': '20240830_acq-short2_run-01-05.log', 'time': 1725033268.942552, 'time_formatted': '2024-08-30T11:54:28.942552-04:00', 'keys': ['5'], 'keys_time': 1725033270.3729305, 'keys_time_str': '2024-08-30T11:54:30.372931-04:00', 'time_flip': 1725033270.4276009, 'time_flip_formatted': '2024-08-30T11:54:30.427601-04:00', 'prior_time_off': 1725033270.935258, 'prior_time_off_str': '2024-08-30T11:54:30.935258-04:00'}
Time: 2024-08-30 11:54:30.935439, event: trigger, key0: 5
Skip, out of study range: {'event': 'trigger', 'acqNum': 43, 'logfn': '20240830_acq-short2_run-01-05.log', 'time': 1725033270.9354389, 'time_formatted': '2024-08-30T11:54:30.935439-04:00', 'keys': ['5'], 'keys_time': 1725033272.3729644, 'keys_time_str': '2024-08-30T11:54:32.372964-04:00', 'time_flip': 1725033272.42674, 'time_flip_formatted': '2024-08-30T11:54:32.426740-04:00', 'prior_time_off': 1725033272.9352927, 'prior_time_off_str': '2024-08-30T11:54:32.935293-04:00'}
Time: 2024-08-30 11:54:32.935457, event: trigger, key0: 5
Skip, out of study range: {'event': 'trigger', 'acqNum': 44, 'logfn': '20240830_acq-short2_run-01-05.log', 'time': 1725033272.935457, 'time_formatted': '2024-08-30T11:54:32.935457-04:00', 'keys': ['5'], 'keys_time': 1725033274.373052, 'keys_time_str': '2024-08-30T11:54:34.373052-04:00', 'time_flip': 1725033274.4394996, 'time_flip_formatted': '2024-08-30T11:54:34.439500-04:00', 'prior_time_off': 1725033274.9476545, 'prior_time_off_str': '2024-08-30T11:54:34.947654-04:00'}
Time: 2024-08-30 11:54:34.947781, event: trigger, key0: 5
Skip, out of study range: {'event': 'trigger', 'acqNum': 45, 'logfn': '20240830_acq-short2_run-01-05.log', 'time': 1725033274.9477806, 'time_formatted': '2024-08-30T11:54:34.947781-04:00', 'keys': ['5'], 'keys_time': 1725033285.2170331, 'keys_time_str': '2024-08-30T11:54:45.217033-04:00', 'time_flip': 1725033285.2736118, 'time_flip_formatted': '2024-08-30T11:54:45.273612-04:00', 'prior_time_off': 1725033285.7820833, 'prior_time_off_str': '2024-08-30T11:54:45.782083-04:00'}
Time: 2024-08-30 11:54:45.782319, event: trigger, key0: 5
Skip, out of study range: {'event': 'trigger', 'acqNum': 46, 'logfn': '20240830_acq-short2_run-01-05.log', 'time': 1725033285.7823186, 'time_formatted': '2024-08-30T11:54:45.782319-04:00', 'keys': ['5'], 'keys_time': 1725033287.2170029, 'keys_time_str': '2024-08-30T11:54:47.217003-04:00', 'time_flip': 1725033287.2704275, 'time_flip_formatted': '2024-08-30T11:54:47.270427-04:00', 'prior_time_off': 1725033287.7787962, 'prior_time_off_str': '2024-08-30T11:54:47.778796-04:00'}
Time: 2024-08-30 11:54:47.778975, event: trigger, key0: 5
Skip, out of study range: {'event': 'trigger', 'acqNum': 47, 'logfn': '20240830_acq-short2_run-01-05.log', 'time': 1725033287.7789755, 'time_formatted': '2024-08-30T11:54:47.778975-04:00', 'keys': ['5'], 'keys_time': 1725033289.2169697, 'keys_time_str': '2024-08-30T11:54:49.216970-04:00', 'time_flip': 1725033289.2892606, 'time_flip_formatted': '2024-08-30T11:54:49.289261-04:00', 'prior_time_off': 1725033289.7974732, 'prior_time_off_str': '2024-08-30T11:54:49.797473-04:00'}
Time: 2024-08-30 11:54:49.797597, event: trigger, key0: 5
Skip, out of study range: {'event': 'trigger', 'acqNum': 48, 'logfn': '20240830_acq-short2_run-01-05.log', 'time': 1725033289.7975974, 'time_formatted': '2024-08-30T11:54:49.797597-04:00', 'keys': ['5'], 'keys_time': 1725033291.217028, 'keys_time_str': '2024-08-30T11:54:51.217028-04:00', 'time_flip': 1725033291.2754261, 'time_flip_formatted': '2024-08-30T11:54:51.275426-04:00', 'prior_time_off': 1725033291.7834914, 'prior_time_off_str': '2024-08-30T11:54:51.783491-04:00'}
Time: 2024-08-30 11:54:51.783615, event: trigger, key0: 5
Skip, out of study range: {'event': 'trigger', 'acqNum': 49, 'logfn': '20240830_acq-short2_run-01-05.log', 'time': 1725033291.7836154, 'time_formatted': '2024-08-30T11:54:51.783615-04:00', 'keys': ['5'], 'keys_time': 1725033293.2170439, 'keys_time_str': '2024-08-30T11:54:53.217044-04:00', 'time_flip': 1725033293.2796795, 'time_flip_formatted': '2024-08-30T11:54:53.279680-04:00', 'prior_time_off': 1725033293.7879932, 'prior_time_off_str': '2024-08-30T11:54:53.787993-04:00'}
Time: 2024-08-30 11:54:53.788132, event: trigger, key0: 5
Skip, out of study range: {'event': 'trigger', 'acqNum': 50, 'logfn': '20240830_acq-short2_run-01-05.log', 'time': 1725033293.7881324, 'time_formatted': '2024-08-30T11:54:53.788132-04:00', 'keys': ['5'], 'keys_time': 1725033295.217011, 'keys_time_str': '2024-08-30T11:54:55.217011-04:00', 'time_flip': 1725033295.269686, 'time_flip_formatted': '2024-08-30T11:54:55.269686-04:00', 'prior_time_off': 1725033295.7776918, 'prior_time_off_str': '2024-08-30T11:54:55.777692-04:00'}
Time: 2024-08-30 11:54:55.777815, event: trigger, key0: 5
Skip, out of study range: {'event': 'trigger', 'acqNum': 51, 'logfn': '20240830_acq-short2_run-01-05.log', 'time': 1725033295.7778149, 'time_formatted': '2024-08-30T11:54:55.777815-04:00', 'keys': ['5'], 'keys_time': 1725033297.2171023, 'keys_time_str': '2024-08-30T11:54:57.217102-04:00', 'time_flip': 1725033297.2721684, 'time_flip_formatted': '2024-08-30T11:54:57.272168-04:00', 'prior_time_off': 1725033297.780578, 'prior_time_off_str': '2024-08-30T11:54:57.780578-04:00'}
Time: 2024-08-30 11:54:57.780732, event: trigger, key0: 5
Skip, out of study range: {'event': 'trigger', 'acqNum': 52, 'logfn': '20240830_acq-short2_run-01-05.log', 'time': 1725033297.7807324, 'time_formatted': '2024-08-30T11:54:57.780732-04:00', 'keys': ['5'], 'keys_time': 1725033299.217082, 'keys_time_str': '2024-08-30T11:54:59.217082-04:00', 'time_flip': 1725033299.270931, 'time_flip_formatted': '2024-08-30T11:54:59.270931-04:00', 'prior_time_off': 1725033299.7792535, 'prior_time_off_str': '2024-08-30T11:54:59.779253-04:00'}
Time: 2024-08-30 11:54:59.779405, event: trigger, key0: 5
Skip, out of study range: {'event': 'trigger', 'acqNum': 53, 'logfn': '20240830_acq-short2_run-01-05.log', 'time': 1725033299.7794054, 'time_formatted': '2024-08-30T11:54:59.779405-04:00', 'keys': ['5'], 'keys_time': 1725033301.2171235, 'keys_time_str': '2024-08-30T11:55:01.217124-04:00', 'time_flip': 1725033301.2834933, 'time_flip_formatted': '2024-08-30T11:55:01.283493-04:00', 'prior_time_off': 1725033301.7966828, 'prior_time_off_str': '2024-08-30T11:55:01.796683-04:00'}
Time: 2024-08-30 11:55:01.797098, event: trigger, key0: 5
Skip, out of study range: {'event': 'trigger', 'acqNum': 54, 'logfn': '20240830_acq-short2_run-01-05.log', 'time': 1725033301.7970977, 'time_formatted': '2024-08-30T11:55:01.797098-04:00', 'keys': ['5'], 'keys_time': 1725033303.2171397, 'keys_time_str': '2024-08-30T11:55:03.217140-04:00', 'time_flip': 1725033303.271472, 'time_flip_formatted': '2024-08-30T11:55:03.271472-04:00', 'prior_time_off': 1725033303.7796948, 'prior_time_off_str': '2024-08-30T11:55:03.779695-04:00'}
Time: 2024-08-30 11:55:03.779878, event: trigger, key0: 5
Skip, out of study range: {'event': 'trigger', 'acqNum': 55, 'logfn': '20240830_acq-short2_run-01-05.log', 'time': 1725033303.7798781, 'time_formatted': '2024-08-30T11:55:03.779878-04:00', 'keys': ['5'], 'keys_time': 1725033305.2171595, 'keys_time_str': '2024-08-30T11:55:05.217160-04:00', 'time_flip': 1725033305.2886493, 'time_flip_formatted': '2024-08-30T11:55:05.288649-04:00', 'prior_time_off': 1725033305.7967803, 'prior_time_off_str': '2024-08-30T11:55:05.796780-04:00'}
Time: 2024-08-30 11:55:05.796917, event: trigger, key0: 5
Skip, out of study range: {'event': 'trigger', 'acqNum': 56, 'logfn': '20240830_acq-short2_run-01-05.log', 'time': 1725033305.7969174, 'time_formatted': '2024-08-30T11:55:05.796917-04:00', 'keys': ['5'], 'keys_time': 1725033307.2172039, 'keys_time_str': '2024-08-30T11:55:07.217204-04:00', 'time_flip': 1725033307.274759, 'time_flip_formatted': '2024-08-30T11:55:07.274759-04:00', 'prior_time_off': 1725033307.7829714, 'prior_time_off_str': '2024-08-30T11:55:07.782971-04:00'}
Time: 2024-08-30 11:55:07.783113, event: trigger, key0: 5
Skip, out of study range: {'event': 'trigger', 'acqNum': 57, 'logfn': '20240830_acq-short2_run-01-05.log', 'time': 1725033307.7831125, 'time_formatted': '2024-08-30T11:55:07.783113-04:00', 'keys': ['5'], 'keys_time': 1725033309.2172847, 'keys_time_str': '2024-08-30T11:55:09.217285-04:00', 'time_flip': 1725033309.2726345, 'time_flip_formatted': '2024-08-30T11:55:09.272635-04:00', 'prior_time_off': 1725033309.7806501, 'prior_time_off_str': '2024-08-30T11:55:09.780650-04:00'}
Time: 2024-08-30 11:55:09.780785, event: trigger, key0: 5
Skip, out of study range: {'event': 'trigger', 'acqNum': 58, 'logfn': '20240830_acq-short2_run-01-05.log', 'time': 1725033309.7807853, 'time_formatted': '2024-08-30T11:55:09.780785-04:00', 'keys': ['5'], 'keys_time': 1725033311.217272, 'keys_time_str': '2024-08-30T11:55:11.217272-04:00', 'time_flip': 1725033311.2755778, 'time_flip_formatted': '2024-08-30T11:55:11.275578-04:00', 'prior_time_off': 1725033311.7835515, 'prior_time_off_str': '2024-08-30T11:55:11.783551-04:00'}
Time: 2024-08-30 11:55:11.783715, event: trigger, key0: 5
Skip, out of study range: {'event': 'trigger', 'acqNum': 59, 'logfn': '20240830_acq-short2_run-01-05.log', 'time': 1725033311.7837155, 'time_formatted': '2024-08-30T11:55:11.783715-04:00', 'keys': ['5'], 'keys_time': 1725033313.2172296, 'keys_time_str': '2024-08-30T11:55:13.217230-04:00', 'time_flip': 1725033313.2705634, 'time_flip_formatted': '2024-08-30T11:55:13.270563-04:00', 'prior_time_off': 1725033313.7787595, 'prior_time_off_str': '2024-08-30T11:55:13.778759-04:00'}
Time: 2024-08-30 11:55:13.778931, event: trigger, key0: 5
Skip, out of study range: {'event': 'trigger', 'acqNum': 60, 'logfn': '20240830_acq-short2_run-01-05.log', 'time': 1725033313.7789314, 'time_formatted': '2024-08-30T11:55:13.778931-04:00', 'keys': ['5'], 'keys_time': 1725033324.1403368, 'keys_time_str': '2024-08-30T11:55:24.140337-04:00', 'time_flip': 1725033324.1990237, 'time_flip_formatted': '2024-08-30T11:55:24.199024-04:00', 'prior_time_off': 1725033324.7043312, 'prior_time_off_str': '2024-08-30T11:55:24.704331-04:00'}
Time: 2024-08-30 11:55:24.704459, event: trigger, key0: 5
Skip, out of study range: {'event': 'trigger', 'acqNum': 61, 'logfn': '20240830_acq-short2_run-01-05.log', 'time': 1725033324.704459, 'time_formatted': '2024-08-30T11:55:24.704459-04:00', 'keys': ['5'], 'keys_time': 1725033326.1404064, 'keys_time_str': '2024-08-30T11:55:26.140406-04:00', 'time_flip': 1725033326.208553, 'time_flip_formatted': '2024-08-30T11:55:26.208553-04:00', 'prior_time_off': 1725033326.7164521, 'prior_time_off_str': '2024-08-30T11:55:26.716452-04:00'}
Time: 2024-08-30 11:55:26.716588, event: trigger, key0: 5
Skip, out of study range: {'event': 'trigger', 'acqNum': 62, 'logfn': '20240830_acq-short2_run-01-05.log', 'time': 1725033326.7165875, 'time_formatted': '2024-08-30T11:55:26.716588-04:00', 'keys': ['5'], 'keys_time': 1725033328.1403773, 'keys_time_str': '2024-08-30T11:55:28.140377-04:00', 'time_flip': 1725033328.1968758, 'time_flip_formatted': '2024-08-30T11:55:28.196876-04:00', 'prior_time_off': 1725033328.705041, 'prior_time_off_str': '2024-08-30T11:55:28.705041-04:00'}
Time: 2024-08-30 11:55:28.705179, event: trigger, key0: 5
Skip, out of study range: {'event': 'trigger', 'acqNum': 63, 'logfn': '20240830_acq-short2_run-01-05.log', 'time': 1725033328.7051787, 'time_formatted': '2024-08-30T11:55:28.705179-04:00', 'keys': ['5'], 'keys_time': 1725033330.1402574, 'keys_time_str': '2024-08-30T11:55:30.140257-04:00', 'time_flip': 1725033330.1939158, 'time_flip_formatted': '2024-08-30T11:55:30.193916-04:00', 'prior_time_off': 1725033330.7023757, 'prior_time_off_str': '2024-08-30T11:55:30.702376-04:00'}
Time: 2024-08-30 11:55:30.702536, event: trigger, key0: 5
Skip, out of study range: {'event': 'trigger', 'acqNum': 64, 'logfn': '20240830_acq-short2_run-01-05.log', 'time': 1725033330.702536, 'time_formatted': '2024-08-30T11:55:30.702536-04:00', 'keys': ['5'], 'keys_time': 1725033332.1404262, 'keys_time_str': '2024-08-30T11:55:32.140426-04:00', 'time_flip': 1725033332.225746, 'time_flip_formatted': '2024-08-30T11:55:32.225746-04:00', 'prior_time_off': 1725033332.733887, 'prior_time_off_str': '2024-08-30T11:55:32.733887-04:00'}
Time: 2024-08-30 11:55:32.734000, event: trigger, key0: 5
Skip, out of study range: {'event': 'trigger', 'acqNum': 65, 'logfn': '20240830_acq-short2_run-01-05.log', 'time': 1725033332.7340004, 'time_formatted': '2024-08-30T11:55:32.734000-04:00', 'keys': ['5'], 'keys_time': 1725033334.140376, 'keys_time_str': '2024-08-30T11:55:34.140376-04:00', 'time_flip': 1725033334.1917496, 'time_flip_formatted': '2024-08-30T11:55:34.191750-04:00', 'prior_time_off': 1725033334.6998491, 'prior_time_off_str': '2024-08-30T11:55:34.699849-04:00'}
Time: 2024-08-30 11:55:34.700015, event: trigger, key0: 5
Skip, out of study range: {'event': 'trigger', 'acqNum': 66, 'logfn': '20240830_acq-short2_run-01-05.log', 'time': 1725033334.700015, 'time_formatted': '2024-08-30T11:55:34.700015-04:00', 'keys': ['5'], 'keys_time': 1725033336.1404111, 'keys_time_str': '2024-08-30T11:55:36.140411-04:00', 'time_flip': 1725033336.193259, 'time_flip_formatted': '2024-08-30T11:55:36.193259-04:00', 'prior_time_off': 1725033336.7014928, 'prior_time_off_str': '2024-08-30T11:55:36.701493-04:00'}
Time: 2024-08-30 11:55:36.701685, event: trigger, key0: 5
Skip, out of study range: {'event': 'trigger', 'acqNum': 67, 'logfn': '20240830_acq-short2_run-01-05.log', 'time': 1725033336.701685, 'time_formatted': '2024-08-30T11:55:36.701685-04:00', 'keys': ['5'], 'keys_time': 1725033338.1403444, 'keys_time_str': '2024-08-30T11:55:38.140344-04:00', 'time_flip': 1725033338.1951883, 'time_flip_formatted': '2024-08-30T11:55:38.195188-04:00', 'prior_time_off': 1725033338.7034178, 'prior_time_off_str': '2024-08-30T11:55:38.703418-04:00'}
Time: 2024-08-30 11:55:38.703560, event: trigger, key0: 5
Skip, out of study range: {'event': 'trigger', 'acqNum': 68, 'logfn': '20240830_acq-short2_run-01-05.log', 'time': 1725033338.7035596, 'time_formatted': '2024-08-30T11:55:38.703560-04:00', 'keys': ['5'], 'keys_time': 1725033340.1404405, 'keys_time_str': '2024-08-30T11:55:40.140440-04:00', 'time_flip': 1725033340.195571, 'time_flip_formatted': '2024-08-30T11:55:40.195571-04:00', 'prior_time_off': 1725033340.703689, 'prior_time_off_str': '2024-08-30T11:55:40.703689-04:00'}
Time: 2024-08-30 11:55:40.703842, event: trigger, key0: 5
Skip, out of study range: {'event': 'trigger', 'acqNum': 69, 'logfn': '20240830_acq-short2_run-01-05.log', 'time': 1725033340.7038424, 'time_formatted': '2024-08-30T11:55:40.703842-04:00', 'keys': ['5'], 'keys_time': 1725033342.14046, 'keys_time_str': '2024-08-30T11:55:42.140460-04:00', 'time_flip': 1725033342.1944046, 'time_flip_formatted': '2024-08-30T11:55:42.194405-04:00', 'prior_time_off': 1725033342.705242, 'prior_time_off_str': '2024-08-30T11:55:42.705242-04:00'}
Time: 2024-08-30 11:55:42.705415, event: trigger, key0: 5
Skip, out of study range: {'event': 'trigger', 'acqNum': 70, 'logfn': '20240830_acq-short2_run-01-05.log', 'time': 1725033342.7054148, 'time_formatted': '2024-08-30T11:55:42.705415-04:00', 'keys': ['5'], 'keys_time': 1725033344.140427, 'keys_time_str': '2024-08-30T11:55:44.140427-04:00', 'time_flip': 1725033344.1947544, 'time_flip_formatted': '2024-08-30T11:55:44.194754-04:00', 'prior_time_off': 1725033344.7004967, 'prior_time_off_str': '2024-08-30T11:55:44.700497-04:00'}
Time: 2024-08-30 11:55:44.700649, event: trigger, key0: 5
Skip, out of study range: {'event': 'trigger', 'acqNum': 71, 'logfn': '20240830_acq-short2_run-01-05.log', 'time': 1725033344.7006485, 'time_formatted': '2024-08-30T11:55:44.700649-04:00', 'keys': ['5'], 'keys_time': 1725033346.14053, 'keys_time_str': '2024-08-30T11:55:46.140530-04:00', 'time_flip': 1725033346.2151134, 'time_flip_formatted': '2024-08-30T11:55:46.215113-04:00', 'prior_time_off': 1725033346.723305, 'prior_time_off_str': '2024-08-30T11:55:46.723305-04:00'}
Time: 2024-08-30 11:55:46.723526, event: trigger, key0: 5
Skip, out of study range: {'event': 'trigger', 'acqNum': 72, 'logfn': '20240830_acq-short2_run-01-05.log', 'time': 1725033346.7235265, 'time_formatted': '2024-08-30T11:55:46.723526-04:00', 'keys': ['5'], 'keys_time': 1725033348.1405675, 'keys_time_str': '2024-08-30T11:55:48.140568-04:00', 'time_flip': 1725033348.1950939, 'time_flip_formatted': '2024-08-30T11:55:48.195094-04:00', 'prior_time_off': 1725033348.7033288, 'prior_time_off_str': '2024-08-30T11:55:48.703329-04:00'}
Time: 2024-08-30 11:55:48.703474, event: trigger, key0: 5
Skip, out of study range: {'event': 'trigger', 'acqNum': 73, 'logfn': '20240830_acq-short2_run-01-05.log', 'time': 1725033348.7034738, 'time_formatted': '2024-08-30T11:55:48.703474-04:00', 'keys': ['5'], 'keys_time': 1725033350.1405873, 'keys_time_str': '2024-08-30T11:55:50.140587-04:00', 'time_flip': 1725033350.2098897, 'time_flip_formatted': '2024-08-30T11:55:50.209890-04:00', 'prior_time_off': 1725033350.718049, 'prior_time_off_str': '2024-08-30T11:55:50.718049-04:00'}
Time: 2024-08-30 11:55:50.718182, event: trigger, key0: 5
Skip, out of study range: {'event': 'trigger', 'acqNum': 74, 'logfn': '20240830_acq-short2_run-01-05.log', 'time': 1725033350.718182, 'time_formatted': '2024-08-30T11:55:50.718182-04:00', 'keys': ['5'], 'keys_time': 1725033352.140529, 'keys_time_str': '2024-08-30T11:55:52.140529-04:00', 'time_flip': 1725033352.2006307, 'time_flip_formatted': '2024-08-30T11:55:52.200631-04:00', 'prior_time_off': 1725033352.7089188, 'prior_time_off_str': '2024-08-30T11:55:52.708919-04:00'}
Time: 2024-08-30 11:55:52.709056, event: trigger, key0: q
Skip, out of study range: {'event': 'trigger', 'acqNum': 75, 'logfn': '20240830_acq-short2_run-01-05.log', 'time': 1725033352.7090557, 'time_formatted': '2024-08-30T11:55:52.709056-04:00', 'keys': ['q'], 'keys_time': 1725033358.5633333, 'keys_time_str': '2024-08-30T11:55:58.563333-04:00', 'time_flip': 1725033358.6276307, 'time_flip_formatted': '2024-08-30T11:55:58.627631-04:00', 'prior_time_off': 1725033359.138918, 'prior_time_off_str': '2024-08-30T11:55:59.138918-04:00'}
Psychopy log file: /Users/vmelnik/Projects/Dartmouth/branches/typhon/reproflow-data-sync/ses-20240830/psychopy/20240830_acq-short1_run-01.log
Time: 2024-08-30 11:35:34.128378, event: started, key0: None
Skip, out of study range: {'event': 'started', 'logfn': '20240830_acq-short1_run-01.log', 'time': 1725032134.1283784, 'time_formatted': '2024-08-30T11:35:34.128378-04:00'}
Time: 2024-08-30 11:35:35.512528, event: started, key0: None
Skip, out of study range: {'event': 'started', 'logfn': '20240830_acq-short1_run-01.log', 'time': 1725032135.5125277, 'time_formatted': '2024-08-30T11:35:35.512528-04:00'}
Psychopy log file: /Users/vmelnik/Projects/Dartmouth/branches/typhon/reproflow-data-sync/ses-20240830/psychopy/20240830_acq-short1_run-03.log
Time: 2024-08-30 11:39:15.217529, event: started, key0: None
Skip, out of study range: {'event': 'started', 'logfn': '20240830_acq-short1_run-03.log', 'time': 1725032355.217529, 'time_formatted': '2024-08-30T11:39:15.217529-04:00'}
Time: 2024-08-30 11:39:16.461369, event: started, key0: None
Skip, out of study range: {'event': 'started', 'logfn': '20240830_acq-short1_run-03.log', 'time': 1725032356.461369, 'time_formatted': '2024-08-30T11:39:16.461369-04:00'}
Psychopy log file: /Users/vmelnik/Projects/Dartmouth/branches/typhon/reproflow-data-sync/ses-20240830/psychopy/20240830_acq-short1_run-02.log
Time: 2024-08-30 11:37:53.691564, event: started, key0: None
Skip, out of study range: {'event': 'started', 'logfn': '20240830_acq-short1_run-02.log', 'time': 1725032273.6915636, 'time_formatted': '2024-08-30T11:37:53.691564-04:00'}
Time: 2024-08-30 11:37:54.942412, event: started, key0: None
Skip, out of study range: {'event': 'started', 'logfn': '20240830_acq-short1_run-02.log', 'time': 1725032274.9424117, 'time_formatted': '2024-08-30T11:37:54.942412-04:00'}
Psychopy log file: /Users/vmelnik/Projects/Dartmouth/branches/typhon/reproflow-data-sync/ses-20240830/psychopy/20240830_acq-short1_run-04.log
Time: 2024-08-30 11:42:57.119488, event: started, key0: None
Skip, out of study range: {'event': 'started', 'logfn': '20240830_acq-short1_run-04.log', 'time': 1725032577.1194878, 'time_formatted': '2024-08-30T11:42:57.119488-04:00'}
Time: 2024-08-30 11:42:58.068864, event: started, key0: None
Skip, out of study range: {'event': 'started', 'logfn': '20240830_acq-short1_run-04.log', 'time': 1725032578.068864, 'time_formatted': '2024-08-30T11:42:58.068864-04:00'}
Time: 2024-08-30 11:42:58.231349, event: trigger, key0: 5
Time: 2024-08-30 11:43:13.610831, event: trigger, key0: 5
Time: 2024-08-30 11:43:15.586647, event: trigger, key0: 5
Time: 2024-08-30 11:43:17.604089, event: trigger, key0: 5
Time: 2024-08-30 11:43:19.577579, event: trigger, key0: 5
Time: 2024-08-30 11:43:21.593169, event: trigger, key0: 5
Time: 2024-08-30 11:43:23.602196, event: trigger, key0: 5
Time: 2024-08-30 11:43:25.604981, event: trigger, key0: 5
Time: 2024-08-30 11:43:27.608953, event: trigger, key0: 5
Time: 2024-08-30 11:43:29.583545, event: trigger, key0: 5
Time: 2024-08-30 11:43:31.604498, event: trigger, key0: 5
Time: 2024-08-30 11:43:33.585569, event: trigger, key0: 5
Time: 2024-08-30 11:43:35.583561, event: trigger, key0: 5
Time: 2024-08-30 11:43:37.581908, event: trigger, key0: 5
Time: 2024-08-30 11:43:39.609301, event: trigger, key0: 5
Time: 2024-08-30 11:43:41.617222, event: trigger, key0: q
Skip, out of study range: {'event': 'trigger', 'acqNum': 15, 'logfn': '20240830_acq-short1_run-04.log', 'time': 1725032621.6172223, 'time_formatted': '2024-08-30T11:43:41.617222-04:00', 'keys': ['q'], 'keys_time': 1725032625.9667594, 'keys_time_str': '2024-08-30T11:43:45.966759-04:00', 'time_flip': 1725032626.0311294, 'time_flip_formatted': '2024-08-30T11:43:46.031129-04:00', 'prior_time_off': 1725032626.539266, 'prior_time_off_str': '2024-08-30T11:43:46.539266-04:00'}
Exit on   : 2024-09-02 15:03:57.566147
Exit code : 0
