dump_qrinfo.py tool
Started on    : 2024-10-29 18:02:58.965333, vmelnik@Uranus
Working dir   : /Users/vmelnik/Projects/Dartmouth/branches/reproflow-data-sync/code
Session path  : /Users/vmelnik/Projects/Dartmouth/branches/typhon/reproflow-data-sync/ses-20240604
Session ID    : ses-20240604
Dumps path    : /Users/vmelnik/Projects/Dartmouth/branches/typhon/reproflow-data-sync/ses-20240604/timing-dumps
DICOMS dump   : /Users/vmelnik/Projects/Dartmouth/branches/typhon/reproflow-data-sync/ses-20240604/timing-dumps/dump_dicoms.jsonl
Parsed QRs    : /Users/vmelnik/Projects/Dartmouth/branches/typhon/reproflow-data-sync/ses-20240604/timing-reprostim-videos
Loading tmap  : /Users/vmelnik/Projects/Dartmouth/branches/reproflow-data-sync/code/repronim_tmap.jsonl
              : TMap marks count 13 : [0]=2024-05-28T11:09:00.647672, [1]=2024-06-04T13:54:19.385115, [2]=2024-08-09T10:31:40.686521, [3]=2024-08-09T10:33:21.970882, [4]=2024-08-09T10:35:07.839213, [5]=2024-08-30T11:43:13.027994, [6]=2024-08-30T11:44:53.989127, [7]=2024-08-30T11:52:48.702265, [8]=2024-08-30T11:53:27.575961, [9]=2024-08-30T11:54:06.398548, [10]=2024-08-30T11:54:45.238364, [11]=2024-08-30T11:55:24.166825, [12]=2024-10-04T09:36:38.766137
No dumps config found under /Users/vmelnik/Projects/Dartmouth/branches/typhon/reproflow-data-sync/ses-20240604/timing-dumps-config.yaml path, using defaults
Study range   : dicoms 2024-06-04 13:50:51.985000 - 2024-06-04 14:05:47.492500
from_offset=372.12195733869567, to_offset=0.161328
offset=-371.96062933869564
from_offset=372.1246930360809, to_offset=0.317885
offset=-371.8068080360809
              : qrinfo 2024-06-04 13:44:40.024370661 - 2024-06-04 13:59:35.685691964
Reading parsed video QRs directory: /Users/vmelnik/Projects/Dartmouth/branches/typhon/reproflow-data-sync/ses-20240604/timing-reprostim-videos
  2024.06.04.13.51.24.278_2024.06.04.13.51.31.057.qrinfo.jsonl
Processing QR : /Users/vmelnik/Projects/Dartmouth/branches/typhon/reproflow-data-sync/ses-20240604/timing-reprostim-videos/2024.06.04.13.51.24.278_2024.06.04.13.51.31.057.qrinfo.jsonl
  Skipping 2024.06.04.13.51.24.278_2024.06.04.13.51.31.057.qrinfo.log
  2024.06.04.13.51.36.620_2024.06.04.13.58.20.763.qrinfo.jsonl
Processing QR : /Users/vmelnik/Projects/Dartmouth/branches/typhon/reproflow-data-sync/ses-20240604/timing-reprostim-videos/2024.06.04.13.51.36.620_2024.06.04.13.58.20.763.qrinfo.jsonl
  Skipping 2024.06.04.13.51.36.620_2024.06.04.13.58.20.763.qrinfo.log
Exit on   : 2024-10-29 18:02:58.994009
Exit code : 0
