dump_marks.py tool
Started on    : 2024-09-10 14:21:34.883218, vmelnik@Uranus
Working dir   : /Users/vmelnik/Projects/Dartmouth/branches/reproflow-data-sync/code
Session path  : /Users/vmelnik/Projects/Dartmouth/branches/typhon/reproflow-data-sync/ses-20240604
Session ID    : ses-20240604
Loading tmap  : /Users/vmelnik/Projects/Dartmouth/branches/reproflow-data-sync/code/repronim_tmap.jsonl
              : TMap marks count 5 : [0]=2024-05-28T11:09:00.647672, [1]=2024-06-04T13:54:19.385115, [2]=2024-08-09T10:31:40.686521, [3]=2024-08-09T10:33:21.970882, [4]=2024-08-09T10:35:07.839213
No dumps config found under /Users/vmelnik/Projects/Dartmouth/branches/typhon/reproflow-data-sync/ses-20240604/timing-dumps-config.yaml path, using defaults
Skip event object, type is not DicomsRecord: study-000001
Skip event object, type is not DicomsRecord: series-000001
Skip event object, type is not DicomsRecord: series-000002
Skip event object, type is not DicomsRecord: series-000003
Skip event object, type is not DicomsRecord: series-000004
Skip event object, type is not DicomsRecord: series-000005
Skip event object, type is not DicomsRecord: series-000006
Skip event object, type is not DicomsRecord: series-000007
Skip event object, type is not DicomsRecord: series-000008
from_offset=370.854828, to_offset=0.0
offset=-370.854828
from_offset=370.854828, to_offset=0.0
offset=-370.854828
from_offset=372.122385, to_offset=0.0
offset=-372.122385
from_offset=372.122385, to_offset=0.0
offset=-372.122385
from_offset=372.122385, to_offset=0.0
offset=-372.122385
from_offset=372.122385, to_offset=0.0
offset=-372.122385
from_offset=372.122385, to_offset=0.0
offset=-372.122385
from_offset=372.122385, to_offset=0.0
offset=-372.122385
Skip birch series (too small=1): ['birch-000001']
from_offset=0.0, to_offset=0.0
offset=0.0
from_offset=0.0, to_offset=0.0
offset=0.0
from_offset=0.0, to_offset=0.0
offset=0.0
from_offset=0.0, to_offset=0.0
offset=0.0
from_offset=0.0, to_offset=0.0
offset=0.0
from_offset=0.0, to_offset=0.0
offset=0.0
from_offset=0.317885, to_offset=0.0
offset=-0.317885
from_offset=0.317885, to_offset=0.0
offset=-0.317885
Skip qrinfo series (too small=1): ['qrinfo-000016']
from_offset=0.317885, to_offset=0.0
offset=-0.317885
from_offset=0.317885, to_offset=0.0
offset=-0.317885
from_offset=-0.015225999999999962, to_offset=0.0
offset=0.015225999999999962
from_offset=-0.015225999999999962, to_offset=0.0
offset=0.015225999999999962
from_offset=-0.015225999999999962, to_offset=0.0
offset=0.015225999999999962
from_offset=-0.015225999999999962, to_offset=0.0
offset=0.015225999999999962
from_offset=-0.015225999999999962, to_offset=0.0
offset=0.015225999999999962
from_offset=-0.015225999999999962, to_offset=0.0
offset=0.015225999999999962
from_offset=-0.03325, to_offset=0.0
offset=0.03325
from_offset=-0.03325, to_offset=0.0
offset=0.03325
from_offset=-0.007954000000000017, to_offset=0.0
offset=0.007954000000000017
from_offset=-0.007954000000000017, to_offset=0.0
offset=0.007954000000000017
from_offset=-0.007954000000000017, to_offset=0.0
offset=0.007954000000000017
from_offset=-0.007954000000000017, to_offset=0.0
offset=0.007954000000000017
from_offset=-0.007954000000000017, to_offset=0.0
offset=0.007954000000000017
from_offset=-0.007954000000000017, to_offset=0.0
offset=0.007954000000000017
Swimlane: dicoms
  Found 4 dicoms series
  Series: 005-func-bold_task-rest_run-1, count: 15, interval: 2.000, next_series_interval: 117.99, ids: dicoms-000140..dicoms-000154, clock time: 13:58:33--13:59:01, isotime: 13:52:22--13:52:50
  Series: 006-func-bold_task-rest_run-2, count: 15, interval: 2.000, next_series_interval: 91.98, ids: dicoms-000155..dicoms-000169, clock time: 14:00:31--14:00:59, isotime: 13:54:19--13:54:47
  Series: 007-func-bold_task-rest_run-3, count: 15, interval: 2.000, next_series_interval: 76.01, ids: dicoms-000170..dicoms-000184, clock time: 14:02:03--14:02:31, isotime: 13:55:51--13:56:19
  Series: 008-func-bold_task-rest_run-4, count: 15, interval: 2.000, next_series_interval: 0.00, ids: dicoms-000185..dicoms-000199, clock time: 14:03:19--14:03:47, isotime: 13:57:07--13:57:35
Swimlane: birch
  Found 3 birch series
  Series: birch-series-1, count: 15, interval: 1.999, next_series_interval: 91.37, ids: birch-000002..birch-000016, clock time: 13:54:19--13:54:47, isotime: 13:54:19--13:54:47
  Series: birch-series-2, count: 15, interval: 2.000, next_series_interval: 76.76, ids: birch-000017..birch-000031, clock time: 13:55:50--13:56:18, isotime: 13:55:50--13:56:18
  Series: birch-series-3, count: 15, interval: 2.000, next_series_interval: 0.00, ids: birch-000032..birch-000046, clock time: 13:57:07--13:57:35, isotime: 13:57:07--13:57:35
Swimlane: qrinfo
  Found 2 qrinfo series
  Series: qrinfo-series-1, count: 15, interval: 1.974, next_series_interval: 91.37, ids: qrinfo-000001..qrinfo-000015, clock time: 13:54:19--13:54:47, isotime: 13:54:19--13:54:47
  Series: qrinfo-series-2, count: 10, interval: 1.961, next_series_interval: 0.00, ids: qrinfo-000017..qrinfo-000026, clock time: 13:55:51--13:56:08, isotime: 13:55:50--13:56:08
Swimlane: psychopy
  Found 3 psychopy series
  Series: psychopy-series-1, count: 15, interval: 2.000, next_series_interval: 91.37, ids: psychopy-000001..psychopy-000015, clock time: 13:54:19--13:54:47, isotime: 13:54:19--13:54:47
  Series: psychopy-series-2, count: 15, interval: 2.000, next_series_interval: 76.76, ids: psychopy-000016..psychopy-000030, clock time: 13:55:50--13:56:18, isotime: 13:55:50--13:56:18
  Series: psychopy-series-3, count: 15, interval: 1.999, next_series_interval: 0.00, ids: psychopy-000031..psychopy-000045, clock time: 13:57:07--13:57:35, isotime: 13:57:07--13:57:35
Swimlane: reproevents
  Found 4 reproevents series
  Series: reproevents-series-1, count: 15, interval: 2.000, next_series_interval: 117.76, ids: reproevents-000001..reproevents-000015, clock time: 13:52:21--13:52:49, isotime: 13:52:21--13:52:49
  Series: reproevents-series-2, count: 15, interval: 2.000, next_series_interval: 91.37, ids: reproevents-000016..reproevents-000030, clock time: 13:54:19--13:54:47, isotime: 13:54:19--13:54:47
  Series: reproevents-series-3, count: 15, interval: 2.000, next_series_interval: 76.76, ids: reproevents-000031..reproevents-000045, clock time: 13:55:50--13:56:18, isotime: 13:55:50--13:56:18
  Series: reproevents-series-4, count: 15, interval: 2.000, next_series_interval: 0.00, ids: reproevents-000046..reproevents-000060, clock time: 13:57:07--13:57:35, isotime: 13:57:07--13:57:35
dicoms.005-func-bold_task-rest_run-1 : ['dicoms-000140', 'dicoms-000141', 'dicoms-000142', 'dicoms-000143', 'dicoms-000144', 'dicoms-000145', 'dicoms-000146', 'dicoms-000147', 'dicoms-000148', 'dicoms-000149', 'dicoms-000150', 'dicoms-000151', 'dicoms-000152', 'dicoms-000153', 'dicoms-000154']
dicoms.006-func-bold_task-rest_run-2 : ['dicoms-000155', 'dicoms-000156', 'dicoms-000157', 'dicoms-000158', 'dicoms-000159', 'dicoms-000160', 'dicoms-000161', 'dicoms-000162', 'dicoms-000163', 'dicoms-000164', 'dicoms-000165', 'dicoms-000166', 'dicoms-000167', 'dicoms-000168', 'dicoms-000169']
dicoms.007-func-bold_task-rest_run-3 : ['dicoms-000170', 'dicoms-000171', 'dicoms-000172', 'dicoms-000173', 'dicoms-000174', 'dicoms-000175', 'dicoms-000176', 'dicoms-000177', 'dicoms-000178', 'dicoms-000179', 'dicoms-000180', 'dicoms-000181', 'dicoms-000182', 'dicoms-000183', 'dicoms-000184']
dicoms.008-func-bold_task-rest_run-4 : ['dicoms-000185', 'dicoms-000186', 'dicoms-000187', 'dicoms-000188', 'dicoms-000189', 'dicoms-000190', 'dicoms-000191', 'dicoms-000192', 'dicoms-000193', 'dicoms-000194', 'dicoms-000195', 'dicoms-000196', 'dicoms-000197', 'dicoms-000198', 'dicoms-000199']
birch.birch-series-1 : ['birch-000002', 'birch-000003', 'birch-000004', 'birch-000005', 'birch-000006', 'birch-000007', 'birch-000008', 'birch-000009', 'birch-000010', 'birch-000011', 'birch-000012', 'birch-000013', 'birch-000014', 'birch-000015', 'birch-000016']
birch.birch-series-2 : ['birch-000017', 'birch-000018', 'birch-000019', 'birch-000020', 'birch-000021', 'birch-000022', 'birch-000023', 'birch-000024', 'birch-000025', 'birch-000026', 'birch-000027', 'birch-000028', 'birch-000029', 'birch-000030', 'birch-000031']
birch.birch-series-3 : ['birch-000032', 'birch-000033', 'birch-000034', 'birch-000035', 'birch-000036', 'birch-000037', 'birch-000038', 'birch-000039', 'birch-000040', 'birch-000041', 'birch-000042', 'birch-000043', 'birch-000044', 'birch-000045', 'birch-000046']
qrinfo.qrinfo-series-1 : ['qrinfo-000001', 'qrinfo-000002', 'qrinfo-000003', 'qrinfo-000004', 'qrinfo-000005', 'qrinfo-000006', 'qrinfo-000007', 'qrinfo-000008', 'qrinfo-000009', 'qrinfo-000010', 'qrinfo-000011', 'qrinfo-000012', 'qrinfo-000013', 'qrinfo-000014', 'qrinfo-000015']
qrinfo.qrinfo-series-2 : ['qrinfo-000017', 'qrinfo-000018', 'qrinfo-000019', 'qrinfo-000020', 'qrinfo-000021', 'qrinfo-000022', 'qrinfo-000023', 'qrinfo-000024', 'qrinfo-000025', 'qrinfo-000026']
psychopy.psychopy-series-1 : ['psychopy-000001', 'psychopy-000002', 'psychopy-000003', 'psychopy-000004', 'psychopy-000005', 'psychopy-000006', 'psychopy-000007', 'psychopy-000008', 'psychopy-000009', 'psychopy-000010', 'psychopy-000011', 'psychopy-000012', 'psychopy-000013', 'psychopy-000014', 'psychopy-000015']
psychopy.psychopy-series-2 : ['psychopy-000016', 'psychopy-000017', 'psychopy-000018', 'psychopy-000019', 'psychopy-000020', 'psychopy-000021', 'psychopy-000022', 'psychopy-000023', 'psychopy-000024', 'psychopy-000025', 'psychopy-000026', 'psychopy-000027', 'psychopy-000028', 'psychopy-000029', 'psychopy-000030']
psychopy.psychopy-series-3 : ['psychopy-000031', 'psychopy-000032', 'psychopy-000033', 'psychopy-000034', 'psychopy-000035', 'psychopy-000036', 'psychopy-000037', 'psychopy-000038', 'psychopy-000039', 'psychopy-000040', 'psychopy-000041', 'psychopy-000042', 'psychopy-000043', 'psychopy-000044', 'psychopy-000045']
reproevents.reproevents-series-1 : ['reproevents-000001', 'reproevents-000002', 'reproevents-000003', 'reproevents-000004', 'reproevents-000005', 'reproevents-000006', 'reproevents-000007', 'reproevents-000008', 'reproevents-000009', 'reproevents-000010', 'reproevents-000011', 'reproevents-000012', 'reproevents-000013', 'reproevents-000014', 'reproevents-000015']
reproevents.reproevents-series-2 : ['reproevents-000016', 'reproevents-000017', 'reproevents-000018', 'reproevents-000019', 'reproevents-000020', 'reproevents-000021', 'reproevents-000022', 'reproevents-000023', 'reproevents-000024', 'reproevents-000025', 'reproevents-000026', 'reproevents-000027', 'reproevents-000028', 'reproevents-000029', 'reproevents-000030']
reproevents.reproevents-series-3 : ['reproevents-000031', 'reproevents-000032', 'reproevents-000033', 'reproevents-000034', 'reproevents-000035', 'reproevents-000036', 'reproevents-000037', 'reproevents-000038', 'reproevents-000039', 'reproevents-000040', 'reproevents-000041', 'reproevents-000042', 'reproevents-000043', 'reproevents-000044', 'reproevents-000045']
reproevents.reproevents-series-4 : ['reproevents-000046', 'reproevents-000047', 'reproevents-000048', 'reproevents-000049', 'reproevents-000050', 'reproevents-000051', 'reproevents-000052', 'reproevents-000053', 'reproevents-000054', 'reproevents-000055', 'reproevents-000056', 'reproevents-000057', 'reproevents-000058', 'reproevents-000059', 'reproevents-000060']
Matching: sd1=005-func-bold_task-rest_run-1 with sd2=birch-series-1
 use k_min=0.95, k_max=1.05
 mismatch_2: 117.9875 / 91.37007
Matching: sd1=005-func-bold_task-rest_run-1 with sd2=birch-series-2
 use k_min=0.95, k_max=1.05
 mismatch_2: 117.9875 / 76.758381
Matching: sd1=005-func-bold_task-rest_run-1 with sd2=birch-series-3
 use k_min=0.95, k_max=1.05
 mismatch_4: 117.9875 / 0
Matching: sd1=005-func-bold_task-rest_run-1 with sd2=qrinfo-series-1
 use k_min=0.8, k_max=1.2
 mismatch_2: 117.9875 / 91.367
Matching: sd1=005-func-bold_task-rest_run-1 with sd2=qrinfo-series-2
 mismatch_7: 15 / 10
Matching: sd1=005-func-bold_task-rest_run-1 with sd2=psychopy-series-1
 use k_min=0.95, k_max=1.05
 mismatch_2: 117.9875 / 91.370256
Matching: sd1=005-func-bold_task-rest_run-1 with sd2=psychopy-series-2
 use k_min=0.95, k_max=1.05
 mismatch_2: 117.9875 / 76.761744
Matching: sd1=005-func-bold_task-rest_run-1 with sd2=psychopy-series-3
 use k_min=0.95, k_max=1.05
 mismatch_4: 117.9875 / 0
Matching: sd1=005-func-bold_task-rest_run-1 with sd2=reproevents-series-1
 use k_min=0.95, k_max=1.05
Matched series data: 005-func-bold_task-rest_run-1 / reproevents-series-1
    score                = 1.0157
    count                = 15 / 15
    interval             = 2.0 / 2.0000009285714286
    next_series_interval = 117.9875 / 117.760939
    isotime_start        = 2024-06-04 13:58:33.520000 / 2024-06-04 13:52:21.616222
    isotime_end          = 2024-06-04 13:59:01.520000 / 2024-06-04 13:52:49.616235
    synced_start         = 2024-06-04 13:52:22.665172 / 2024-06-04 13:52:21.649472
    synced_end           = 2024-06-04 13:52:50.665172 / 2024-06-04 13:52:49.649485
    series 1 IDs         = dicoms-000140 .. dicoms-000154
    series 2 IDs         = reproevents-000001 .. reproevents-000015
Matching: sd1=005-func-bold_task-rest_run-1 with sd2=reproevents-series-2
 use k_min=0.95, k_max=1.05
 mismatch_2: 117.9875 / 91.373726
Matched series: 005-func-bold_task-rest_run-1 -> reproevents-series-1
         score: 1.0157
store map_series[reproevents] -> reproevents-series-1
{"type":"MarkRecord","session_id":"ses-20240604","id":"mark-000001","kind":"Func series start","name":"005-func-bold_task-rest_run-1_start","target_ids":["dicoms-000140","reproevents-000001"],"dicoms_isotime":"2024-06-04T13:58:33.520000","dicoms_duration":28.0,"birch_isotime":null,"birch_duration":null,"qrinfo_isotime":null,"qrinfo_duration":null,"psychopy_isotime":null,"psychopy_duration":null,"reproevents_isotime":"2024-06-04T13:52:21.616222","reproevents_duration":28.000013}
{"type":"MarkRecord","session_id":"ses-20240604","id":"mark-000002","kind":"Func series scan","name":"005-func-bold_task-rest_run-1_scan-0","target_ids":["dicoms-000140","reproevents-000001"],"dicoms_isotime":"2024-06-04T13:58:33.520000","dicoms_duration":2.0,"birch_isotime":null,"birch_duration":null,"qrinfo_isotime":null,"qrinfo_duration":null,"psychopy_isotime":null,"psychopy_duration":null,"reproevents_isotime":"2024-06-04T13:52:21.616222","reproevents_duration":2.0000400000000127}
{"type":"MarkRecord","session_id":"ses-20240604","id":"mark-000003","kind":"Func series scan","name":"005-func-bold_task-rest_run-1_scan-1","target_ids":["dicoms-000141","reproevents-000002"],"dicoms_isotime":"2024-06-04T13:58:35.520000","dicoms_duration":2.0,"birch_isotime":null,"birch_duration":null,"qrinfo_isotime":null,"qrinfo_duration":null,"psychopy_isotime":null,"psychopy_duration":null,"reproevents_isotime":"2024-06-04T13:52:23.616238","reproevents_duration":2.000034000000028}
{"type":"MarkRecord","session_id":"ses-20240604","id":"mark-000004","kind":"Func series scan","name":"005-func-bold_task-rest_run-1_scan-2","target_ids":["dicoms-000142","reproevents-000003"],"dicoms_isotime":"2024-06-04T13:58:37.520000","dicoms_duration":2.0,"birch_isotime":null,"birch_duration":null,"qrinfo_isotime":null,"qrinfo_duration":null,"psychopy_isotime":null,"psychopy_duration":null,"reproevents_isotime":"2024-06-04T13:52:25.616243","reproevents_duration":2.0000609999999597}
{"type":"MarkRecord","session_id":"ses-20240604","id":"mark-000005","kind":"Func series scan","name":"005-func-bold_task-rest_run-1_scan-3","target_ids":["dicoms-000143","reproevents-000004"],"dicoms_isotime":"2024-06-04T13:58:39.520000","dicoms_duration":2.0,"birch_isotime":null,"birch_duration":null,"qrinfo_isotime":null,"qrinfo_duration":null,"psychopy_isotime":null,"psychopy_duration":null,"reproevents_isotime":"2024-06-04T13:52:27.616252","reproevents_duration":2.0000370000000203}
{"type":"MarkRecord","session_id":"ses-20240604","id":"mark-000006","kind":"Func series scan","name":"005-func-bold_task-rest_run-1_scan-4","target_ids":["dicoms-000144","reproevents-000005"],"dicoms_isotime":"2024-06-04T13:58:41.520000","dicoms_duration":2.0,"birch_isotime":null,"birch_duration":null,"qrinfo_isotime":null,"qrinfo_duration":null,"psychopy_isotime":null,"psychopy_duration":null,"reproevents_isotime":"2024-06-04T13:52:29.616213","reproevents_duration":2.00004899999999}
{"type":"MarkRecord","session_id":"ses-20240604","id":"mark-000007","kind":"Func series scan","name":"005-func-bold_task-rest_run-1_scan-5","target_ids":["dicoms-000145","reproevents-000006"],"dicoms_isotime":"2024-06-04T13:58:43.520000","dicoms_duration":2.0,"birch_isotime":null,"birch_duration":null,"qrinfo_isotime":null,"qrinfo_duration":null,"psychopy_isotime":null,"psychopy_duration":null,"reproevents_isotime":"2024-06-04T13:52:31.616198","reproevents_duration":2.00004100000001}
{"type":"MarkRecord","session_id":"ses-20240604","id":"mark-000008","kind":"Func series scan","name":"005-func-bold_task-rest_run-1_scan-6","target_ids":["dicoms-000146","reproevents-000007"],"dicoms_isotime":"2024-06-04T13:58:45.520000","dicoms_duration":2.0,"birch_isotime":null,"birch_duration":null,"qrinfo_isotime":null,"qrinfo_duration":null,"psychopy_isotime":null,"psychopy_duration":null,"reproevents_isotime":"2024-06-04T13:52:33.616201","reproevents_duration":2.0000860000000102}
{"type":"MarkRecord","session_id":"ses-20240604","id":"mark-000009","kind":"Func series scan","name":"005-func-bold_task-rest_run-1_scan-7","target_ids":["dicoms-000147","reproevents-000008"],"dicoms_isotime":"2024-06-04T13:58:47.520000","dicoms_duration":2.0,"birch_isotime":null,"birch_duration":null,"qrinfo_isotime":null,"qrinfo_duration":null,"psychopy_isotime":null,"psychopy_duration":null,"reproevents_isotime":"2024-06-04T13:52:35.616276","reproevents_duration":1.9999970000000076}
{"type":"MarkRecord","session_id":"ses-20240604","id":"mark-000010","kind":"Func series scan","name":"005-func-bold_task-rest_run-1_scan-8","target_ids":["dicoms-000148","reproevents-000009"],"dicoms_isotime":"2024-06-04T13:58:49.520000","dicoms_duration":2.0,"birch_isotime":null,"birch_duration":null,"qrinfo_isotime":null,"qrinfo_duration":null,"psychopy_isotime":null,"psychopy_duration":null,"reproevents_isotime":"2024-06-04T13:52:37.616239","reproevents_duration":2.00005299999998}
{"type":"MarkRecord","session_id":"ses-20240604","id":"mark-000011","kind":"Func series scan","name":"005-func-bold_task-rest_run-1_scan-9","target_ids":["dicoms-000149","reproevents-000010"],"dicoms_isotime":"2024-06-04T13:58:51.520000","dicoms_duration":2.0,"birch_isotime":null,"birch_duration":null,"qrinfo_isotime":null,"qrinfo_duration":null,"psychopy_isotime":null,"psychopy_duration":null,"reproevents_isotime":"2024-06-04T13:52:39.616190","reproevents_duration":2.00004100000001}
{"type":"MarkRecord","session_id":"ses-20240604","id":"mark-000012","kind":"Func series scan","name":"005-func-bold_task-rest_run-1_scan-10","target_ids":["dicoms-000150","reproevents-000011"],"dicoms_isotime":"2024-06-04T13:58:53.520000","dicoms_duration":2.0,"birch_isotime":null,"birch_duration":null,"qrinfo_isotime":null,"qrinfo_duration":null,"psychopy_isotime":null,"psychopy_duration":null,"reproevents_isotime":"2024-06-04T13:52:41.616227","reproevents_duration":2.000054999999975}
{"type":"MarkRecord","session_id":"ses-20240604","id":"mark-000013","kind":"Func series scan","name":"005-func-bold_task-rest_run-1_scan-11","target_ids":["dicoms-000151","reproevents-000012"],"dicoms_isotime":"2024-06-04T13:58:55.520000","dicoms_duration":2.0,"birch_isotime":null,"birch_duration":null,"qrinfo_isotime":null,"qrinfo_duration":null,"psychopy_isotime":null,"psychopy_duration":null,"reproevents_isotime":"2024-06-04T13:52:43.616285","reproevents_duration":2.000032000000033}
{"type":"MarkRecord","session_id":"ses-20240604","id":"mark-000014","kind":"Func series scan","name":"005-func-bold_task-rest_run-1_scan-12","target_ids":["dicoms-000152","reproevents-000013"],"dicoms_isotime":"2024-06-04T13:58:57.520000","dicoms_duration":2.0,"birch_isotime":null,"birch_duration":null,"qrinfo_isotime":null,"qrinfo_duration":null,"psychopy_isotime":null,"psychopy_duration":null,"reproevents_isotime":"2024-06-04T13:52:45.616239","reproevents_duration":2.0000350000000253}
{"type":"MarkRecord","session_id":"ses-20240604","id":"mark-000015","kind":"Func series scan","name":"005-func-bold_task-rest_run-1_scan-13","target_ids":["dicoms-000153","reproevents-000014"],"dicoms_isotime":"2024-06-04T13:58:59.520000","dicoms_duration":2.0,"birch_isotime":null,"birch_duration":null,"qrinfo_isotime":null,"qrinfo_duration":null,"psychopy_isotime":null,"psychopy_duration":null,"reproevents_isotime":"2024-06-04T13:52:47.616163","reproevents_duration":2.0000609999999597}
{"type":"MarkRecord","session_id":"ses-20240604","id":"mark-000016","kind":"Func series scan","name":"005-func-bold_task-rest_run-1_scan-14","target_ids":["dicoms-000154","reproevents-000015"],"dicoms_isotime":"2024-06-04T13:59:01.520000","dicoms_duration":null,"birch_isotime":null,"birch_duration":null,"qrinfo_isotime":null,"qrinfo_duration":null,"psychopy_isotime":null,"psychopy_duration":null,"reproevents_isotime":"2024-06-04T13:52:49.616235","reproevents_duration":null}
Mark: type='MarkRecord' session_id='ses-20240604' id='mark-000017' kind='Func series end' name='005-func-bold_task-rest_run-1_end' target_ids=['dicoms-000154'] dicoms_isotime=Timestamp('2024-06-04 13:59:01.520000') dicoms_duration=None birch_isotime=None birch_duration=None qrinfo_isotime=None qrinfo_duration=None psychopy_isotime=None psychopy_duration=None reproevents_isotime=None reproevents_duration=None
{"type":"MarkRecord","session_id":"ses-20240604","id":"mark-000017","kind":"Func series end","name":"005-func-bold_task-rest_run-1_end","target_ids":["dicoms-000154","reproevents-000015"],"dicoms_isotime":"2024-06-04T13:59:01.520000","dicoms_duration":null,"birch_isotime":null,"birch_duration":null,"qrinfo_isotime":null,"qrinfo_duration":null,"psychopy_isotime":null,"psychopy_duration":null,"reproevents_isotime":"2024-06-04T13:52:49.616235","reproevents_duration":null}
Matching: sd1=006-func-bold_task-rest_run-2 with sd2=birch-series-1
 use k_min=0.95, k_max=1.05
Matched series data: 006-func-bold_task-rest_run-2 / birch-series-1
    score                = 0.0
    count                = 15 / 15
    interval             = 2.0 / 1.9993725
    next_series_interval = 91.9775 / 91.37007
    isotime_start        = 2024-06-04 14:00:31.507500 / 2024-06-04 13:54:19.385115
    isotime_end          = 2024-06-04 14:00:59.507500 / 2024-06-04 13:54:47.376330
    synced_start         = 2024-06-04 13:54:19.385115 / 2024-06-04 13:54:19.385115
    synced_end           = 2024-06-04 13:54:47.385115 / 2024-06-04 13:54:47.376330
    series 1 IDs         = dicoms-000155 .. dicoms-000169
    series 2 IDs         = birch-000002 .. birch-000016
Matching: sd1=006-func-bold_task-rest_run-2 with sd2=birch-series-2
 use k_min=0.95, k_max=1.05
 mismatch_2: 91.9775 / 76.758381
Matched series: 006-func-bold_task-rest_run-2 -> birch-series-1
         score: 0.0
store map_series[birch] -> birch-series-1
Matching: sd1=birch-series-1 with sd2=qrinfo-series-1
 use k_min=0.8, k_max=1.2
Matched series data: birch-series-1 / qrinfo-series-1
    score                = 0.0
    count                = 15 / 15
    interval             = 1.9993725 / 1.973857142857143
    next_series_interval = 91.37007 / 91.367
    isotime_start        = 2024-06-04 13:54:19.385115 / 2024-06-04 13:54:19.703000
    isotime_end          = 2024-06-04 13:54:47.376330 / 2024-06-04 13:54:47.337000
    synced_start         = 2024-06-04 13:54:19.385115 / 2024-06-04 13:54:19.385115
    synced_end           = 2024-06-04 13:54:47.376330 / 2024-06-04 13:54:47.019115
    series 1 IDs         = birch-000002 .. birch-000016
    series 2 IDs         = qrinfo-000001 .. qrinfo-000015
Matching: sd1=birch-series-1 with sd2=qrinfo-series-2
 mismatch_7: 15 / 10
Matched series: birch-series-1 -> qrinfo-series-1
         score: 0.0
store map_series[qrinfo] -> qrinfo-series-1
Matching: sd1=birch-series-1 with sd2=psychopy-series-1
 use k_min=0.95, k_max=1.05
Matched series data: birch-series-1 / psychopy-series-1
    score                = 0.0
    count                = 15 / 15
    interval             = 1.9993725 / 1.999833142857143
    next_series_interval = 91.37007 / 91.370256
    isotime_start        = 2024-06-04 13:54:19.385115 / 2024-06-04 13:54:19.369889
    isotime_end          = 2024-06-04 13:54:47.376330 / 2024-06-04 13:54:47.367553
    synced_start         = 2024-06-04 13:54:19.385115 / 2024-06-04 13:54:19.385115
    synced_end           = 2024-06-04 13:54:47.376330 / 2024-06-04 13:54:47.382779
    series 1 IDs         = birch-000002 .. birch-000016
    series 2 IDs         = psychopy-000001 .. psychopy-000015
Matching: sd1=birch-series-1 with sd2=psychopy-series-2
 use k_min=0.95, k_max=1.05
 mismatch_2: 91.37007 / 76.761744
Matched series: birch-series-1 -> psychopy-series-1
         score: 0.0
store map_series[psychopy] -> psychopy-series-1
Matching: sd1=birch-series-1 with sd2=reproevents-series-1
 use k_min=0.95, k_max=1.05
 mismatch_2: 91.37007 / 117.760939
Matching: sd1=birch-series-1 with sd2=reproevents-series-2
 use k_min=0.95, k_max=1.05
Matched series data: birch-series-1 / reproevents-series-2
    score                = 0.0
    count                = 15 / 15
    interval             = 1.9993725 / 2.0000042857142857
    next_series_interval = 91.37007 / 91.373726
    isotime_start        = 2024-06-04 13:54:19.385115 / 2024-06-04 13:54:19.377161
    isotime_end          = 2024-06-04 13:54:47.376330 / 2024-06-04 13:54:47.377221
    synced_start         = 2024-06-04 13:54:19.385115 / 2024-06-04 13:54:19.385114999
    synced_end           = 2024-06-04 13:54:47.376330 / 2024-06-04 13:54:47.385174999
    series 1 IDs         = birch-000002 .. birch-000016
    series 2 IDs         = reproevents-000016 .. reproevents-000030
Matching: sd1=birch-series-1 with sd2=reproevents-series-3
 use k_min=0.95, k_max=1.05
 mismatch_2: 91.37007 / 76.761074
Matched series: birch-series-1 -> reproevents-series-2
         score: 0.0
store map_series[reproevents] -> reproevents-series-2
{"type":"MarkRecord","session_id":"ses-20240604","id":"mark-000018","kind":"Func series start","name":"006-func-bold_task-rest_run-2_start","target_ids":["dicoms-000155","birch-000002","qrinfo-000001","psychopy-000001","reproevents-000016"],"dicoms_isotime":"2024-06-04T14:00:31.507500","dicoms_duration":28.0,"birch_isotime":"2024-06-04T13:54:19.385115","birch_duration":27.991215,"qrinfo_isotime":"2024-06-04T13:54:19.703000","qrinfo_duration":27.634,"psychopy_isotime":"2024-06-04T13:54:19.369889","psychopy_duration":27.997664,"reproevents_isotime":"2024-06-04T13:54:19.377161","reproevents_duration":28.00006}
{"type":"MarkRecord","session_id":"ses-20240604","id":"mark-000019","kind":"Func series scan","name":"006-func-bold_task-rest_run-2_scan-0","target_ids":["dicoms-000155","birch-000002","qrinfo-000001","psychopy-000001","reproevents-000016"],"dicoms_isotime":"2024-06-04T14:00:31.507500","dicoms_duration":2.0,"birch_isotime":"2024-06-04T13:54:19.385115","birch_duration":1.9876770000000001,"qrinfo_isotime":"2024-06-04T13:54:19.703000","qrinfo_duration":1.634,"psychopy_isotime":"2024-06-04T13:54:19.369889","psychopy_duration":1.998443,"reproevents_isotime":"2024-06-04T13:54:19.377161","reproevents_duration":2.0000539999999773}
{"type":"MarkRecord","session_id":"ses-20240604","id":"mark-000020","kind":"Func series scan","name":"006-func-bold_task-rest_run-2_scan-1","target_ids":["dicoms-000156","birch-000003","qrinfo-000002","psychopy-000002","reproevents-000017"],"dicoms_isotime":"2024-06-04T14:00:33.507500","dicoms_duration":2.0,"birch_isotime":"2024-06-04T13:54:21.372792","birch_duration":2.002623,"qrinfo_isotime":"2024-06-04T13:54:21.337000","qrinfo_duration":2.016,"psychopy_isotime":"2024-06-04T13:54:21.368332","psychopy_duration":2.000034,"reproevents_isotime":"2024-06-04T13:54:21.377210","reproevents_duration":2.0000570000000835}
{"type":"MarkRecord","session_id":"ses-20240604","id":"mark-000021","kind":"Func series scan","name":"006-func-bold_task-rest_run-2_scan-2","target_ids":["dicoms-000157","birch-000004","qrinfo-000003","psychopy-000003","reproevents-000018"],"dicoms_isotime":"2024-06-04T14:00:35.507500","dicoms_duration":2.0,"birch_isotime":"2024-06-04T13:54:23.375415","birch_duration":2.001881,"qrinfo_isotime":"2024-06-04T13:54:23.353000","qrinfo_duration":1.984,"psychopy_isotime":"2024-06-04T13:54:23.368366","psychopy_duration":1.999899,"reproevents_isotime":"2024-06-04T13:54:23.377215","reproevents_duration":2.0000219999999445}
{"type":"MarkRecord","session_id":"ses-20240604","id":"mark-000022","kind":"Func series scan","name":"006-func-bold_task-rest_run-2_scan-3","target_ids":["dicoms-000158","birch-000005","qrinfo-000004","psychopy-000004","reproevents-000019"],"dicoms_isotime":"2024-06-04T14:00:37.507500","dicoms_duration":2.0,"birch_isotime":"2024-06-04T13:54:25.377296","birch_duration":1.999092,"qrinfo_isotime":"2024-06-04T13:54:25.337000","qrinfo_duration":2.0,"psychopy_isotime":"2024-06-04T13:54:25.368265","psychopy_duration":1.999803,"reproevents_isotime":"2024-06-04T13:54:25.377228","reproevents_duration":2.0000499999999874}
{"type":"MarkRecord","session_id":"ses-20240604","id":"mark-000023","kind":"Func series scan","name":"006-func-bold_task-rest_run-2_scan-4","target_ids":["dicoms-000159","birch-000006","qrinfo-000005","psychopy-000005","reproevents-000020"],"dicoms_isotime":"2024-06-04T14:00:39.507500","dicoms_duration":2.0,"birch_isotime":"2024-06-04T13:54:27.376388","birch_duration":1.997844,"qrinfo_isotime":"2024-06-04T13:54:27.337000","qrinfo_duration":2.0,"psychopy_isotime":"2024-06-04T13:54:27.368068","psychopy_duration":1.999824,"reproevents_isotime":"2024-06-04T13:54:27.377157","reproevents_duration":2.0000479999999925}
{"type":"MarkRecord","session_id":"ses-20240604","id":"mark-000024","kind":"Func series scan","name":"006-func-bold_task-rest_run-2_scan-5","target_ids":["dicoms-000160","birch-000007","qrinfo-000006","psychopy-000006","reproevents-000021"],"dicoms_isotime":"2024-06-04T14:00:41.507500","dicoms_duration":2.0,"birch_isotime":"2024-06-04T13:54:29.374232","birch_duration":2.003435,"qrinfo_isotime":"2024-06-04T13:54:29.337000","qrinfo_duration":2.0,"psychopy_isotime":"2024-06-04T13:54:29.367892","psychopy_duration":2.000115,"reproevents_isotime":"2024-06-04T13:54:29.377209","reproevents_duration":2.00004899999999}
{"type":"MarkRecord","session_id":"ses-20240604","id":"mark-000025","kind":"Func series scan","name":"006-func-bold_task-rest_run-2_scan-6","target_ids":["dicoms-000161","birch-000008","qrinfo-000007","psychopy-000007","reproevents-000022"],"dicoms_isotime":"2024-06-04T14:00:43.507500","dicoms_duration":2.0,"birch_isotime":"2024-06-04T13:54:31.377667","birch_duration":2.000028,"qrinfo_isotime":"2024-06-04T13:54:31.337000","qrinfo_duration":2.0,"psychopy_isotime":"2024-06-04T13:54:31.368007","psychopy_duration":1.999846,"reproevents_isotime":"2024-06-04T13:54:31.377193","reproevents_duration":2.000043000000005}
{"type":"MarkRecord","session_id":"ses-20240604","id":"mark-000026","kind":"Func series scan","name":"006-func-bold_task-rest_run-2_scan-7","target_ids":["dicoms-000162","birch-000009","qrinfo-000008","psychopy-000008","reproevents-000023"],"dicoms_isotime":"2024-06-04T14:00:45.507500","dicoms_duration":2.0,"birch_isotime":"2024-06-04T13:54:33.377695","birch_duration":1.9978609999999999,"qrinfo_isotime":"2024-06-04T13:54:33.337000","qrinfo_duration":2.0,"psychopy_isotime":"2024-06-04T13:54:33.367853","psychopy_duration":2.000084,"reproevents_isotime":"2024-06-04T13:54:33.377240","reproevents_duration":2.0000350000000253}
{"type":"MarkRecord","session_id":"ses-20240604","id":"mark-000027","kind":"Func series scan","name":"006-func-bold_task-rest_run-2_scan-8","target_ids":["dicoms-000163","birch-000010","qrinfo-000009","psychopy-000009","reproevents-000024"],"dicoms_isotime":"2024-06-04T14:00:47.507500","dicoms_duration":2.0,"birch_isotime":"2024-06-04T13:54:35.375556","birch_duration":2.002417,"qrinfo_isotime":"2024-06-04T13:54:35.337000","qrinfo_duration":2.0,"psychopy_isotime":"2024-06-04T13:54:35.367937","psychopy_duration":1.999752,"reproevents_isotime":"2024-06-04T13:54:35.377174","reproevents_duration":2.000036000000023}
{"type":"MarkRecord","session_id":"ses-20240604","id":"mark-000028","kind":"Func series scan","name":"006-func-bold_task-rest_run-2_scan-9","target_ids":["dicoms-000164","birch-000011","qrinfo-000010","psychopy-000010","reproevents-000025"],"dicoms_isotime":"2024-06-04T14:00:49.507500","dicoms_duration":2.0,"birch_isotime":"2024-06-04T13:54:37.377973","birch_duration":2.000379,"qrinfo_isotime":"2024-06-04T13:54:37.337000","qrinfo_duration":2.0,"psychopy_isotime":"2024-06-04T13:54:37.367689","psychopy_duration":2.00002,"reproevents_isotime":"2024-06-04T13:54:37.377170","reproevents_duration":2.0000459999999975}
{"type":"MarkRecord","session_id":"ses-20240604","id":"mark-000029","kind":"Func series scan","name":"006-func-bold_task-rest_run-2_scan-10","target_ids":["dicoms-000165","birch-000012","qrinfo-000011","psychopy-000011","reproevents-000026"],"dicoms_isotime":"2024-06-04T14:00:51.507500","dicoms_duration":2.0,"birch_isotime":"2024-06-04T13:54:39.378352","birch_duration":2.011105,"qrinfo_isotime":"2024-06-04T13:54:39.337000","qrinfo_duration":2.0,"psychopy_isotime":"2024-06-04T13:54:39.367709","psychopy_duration":1.9999470000000001,"reproevents_isotime":"2024-06-04T13:54:39.377220","reproevents_duration":2.000059999999962}
{"type":"MarkRecord","session_id":"ses-20240604","id":"mark-000030","kind":"Func series scan","name":"006-func-bold_task-rest_run-2_scan-11","target_ids":["dicoms-000166","birch-000013","qrinfo-000012","psychopy-000012","reproevents-000027"],"dicoms_isotime":"2024-06-04T14:00:53.507500","dicoms_duration":2.0,"birch_isotime":"2024-06-04T13:54:41.389457","birch_duration":2.004615,"qrinfo_isotime":"2024-06-04T13:54:41.337000","qrinfo_duration":2.0,"psychopy_isotime":"2024-06-04T13:54:41.367656","psychopy_duration":1.999849,"reproevents_isotime":"2024-06-04T13:54:41.377224","reproevents_duration":2.0000400000000127}
{"type":"MarkRecord","session_id":"ses-20240604","id":"mark-000031","kind":"Func series scan","name":"006-func-bold_task-rest_run-2_scan-12","target_ids":["dicoms-000167","birch-000014","qrinfo-000013","psychopy-000013","reproevents-000028"],"dicoms_isotime":"2024-06-04T14:00:55.507500","dicoms_duration":2.0,"birch_isotime":"2024-06-04T13:54:43.394072","birch_duration":1.980241,"qrinfo_isotime":"2024-06-04T13:54:43.337000","qrinfo_duration":2.016,"psychopy_isotime":"2024-06-04T13:54:43.367505","psychopy_duration":1.9999069999999999,"reproevents_isotime":"2024-06-04T13:54:43.377189","reproevents_duration":2.0000420000000076}
{"type":"MarkRecord","session_id":"ses-20240604","id":"mark-000032","kind":"Func series scan","name":"006-func-bold_task-rest_run-2_scan-13","target_ids":["dicoms-000168","birch-000015","qrinfo-000014","psychopy-000014","reproevents-000029"],"dicoms_isotime":"2024-06-04T14:00:57.507500","dicoms_duration":2.0,"birch_isotime":"2024-06-04T13:54:45.374313","birch_duration":2.002017,"qrinfo_isotime":"2024-06-04T13:54:45.353000","qrinfo_duration":1.984,"psychopy_isotime":"2024-06-04T13:54:45.367412","psychopy_duration":2.000141,"reproevents_isotime":"2024-06-04T13:54:45.377169","reproevents_duration":2.0000420000000076}
{"type":"MarkRecord","session_id":"ses-20240604","id":"mark-000033","kind":"Func series scan","name":"006-func-bold_task-rest_run-2_scan-14","target_ids":["dicoms-000169","birch-000016","qrinfo-000015","psychopy-000015","reproevents-000030"],"dicoms_isotime":"2024-06-04T14:00:59.507500","dicoms_duration":null,"birch_isotime":"2024-06-04T13:54:47.376330","birch_duration":null,"qrinfo_isotime":"2024-06-04T13:54:47.337000","qrinfo_duration":null,"psychopy_isotime":"2024-06-04T13:54:47.367553","psychopy_duration":null,"reproevents_isotime":"2024-06-04T13:54:47.377221","reproevents_duration":null}
Mark: type='MarkRecord' session_id='ses-20240604' id='mark-000034' kind='Func series end' name='006-func-bold_task-rest_run-2_end' target_ids=['dicoms-000169'] dicoms_isotime=Timestamp('2024-06-04 14:00:59.507500') dicoms_duration=None birch_isotime=None birch_duration=None qrinfo_isotime=None qrinfo_duration=None psychopy_isotime=None psychopy_duration=None reproevents_isotime=None reproevents_duration=None
{"type":"MarkRecord","session_id":"ses-20240604","id":"mark-000034","kind":"Func series end","name":"006-func-bold_task-rest_run-2_end","target_ids":["dicoms-000169","birch-000016","qrinfo-000015","psychopy-000015","reproevents-000030"],"dicoms_isotime":"2024-06-04T14:00:59.507500","dicoms_duration":null,"birch_isotime":"2024-06-04T13:54:47.376330","birch_duration":null,"qrinfo_isotime":"2024-06-04T13:54:47.337000","qrinfo_duration":null,"psychopy_isotime":"2024-06-04T13:54:47.367553","psychopy_duration":null,"reproevents_isotime":"2024-06-04T13:54:47.377221","reproevents_duration":null}
Matching: sd1=007-func-bold_task-rest_run-3 with sd2=birch-series-1
 use k_min=0.95, k_max=1.05
 mismatch_2: 76.0075 / 91.37007
Matching: sd1=007-func-bold_task-rest_run-3 with sd2=birch-series-2
 use k_min=0.95, k_max=1.05
Matched series data: 007-func-bold_task-rest_run-3 / birch-series-2
    score                = 0.60743
    count                = 15 / 15
    interval             = 2.0 / 2.0000407142857144
    next_series_interval = 76.0075 / 76.758381
    isotime_start        = 2024-06-04 14:02:03.485000 / 2024-06-04 13:55:50.755185
    isotime_end          = 2024-06-04 14:02:31.485000 / 2024-06-04 13:56:18.755755
    synced_start         = 2024-06-04 13:55:51.362615 / 2024-06-04 13:55:50.755185
    synced_end           = 2024-06-04 13:56:19.362615 / 2024-06-04 13:56:18.755755
    series 1 IDs         = dicoms-000170 .. dicoms-000184
    series 2 IDs         = birch-000017 .. birch-000031
Matching: sd1=007-func-bold_task-rest_run-3 with sd2=birch-series-3
 use k_min=0.95, k_max=1.05
 mismatch_4: 76.0075 / 0
Matched series: 007-func-bold_task-rest_run-3 -> birch-series-2
         score: 0.60743
store map_series[birch] -> birch-series-2
Matching: sd1=birch-series-2 with sd2=qrinfo-series-1
 use k_min=0.8, k_max=1.2
 mismatch_6: 2024-06-04 13:55:50.755185 / 2024-06-04 13:54:19.385115
Matching: sd1=birch-series-2 with sd2=qrinfo-series-2
 mismatch_7: 15 / 10
Matching: sd1=birch-series-2 with sd2=psychopy-series-1
 use k_min=0.95, k_max=1.05
 mismatch_2: 76.758381 / 91.370256
Matching: sd1=birch-series-2 with sd2=psychopy-series-2
 use k_min=0.95, k_max=1.05
Matched series data: birch-series-2 / psychopy-series-2
    score                = 0.00018600000000001948
    count                = 15 / 15
    interval             = 2.0000407142857144 / 1.9997905
    next_series_interval = 76.758381 / 76.761744
    isotime_start        = 2024-06-04 13:55:50.755185 / 2024-06-04 13:55:50.740145
    isotime_end          = 2024-06-04 13:56:18.755755 / 2024-06-04 13:56:18.737212
    synced_start         = 2024-06-04 13:55:50.755185 / 2024-06-04 13:55:50.755371
    synced_end           = 2024-06-04 13:56:18.755755 / 2024-06-04 13:56:18.752438
    series 1 IDs         = birch-000017 .. birch-000031
    series 2 IDs         = psychopy-000016 .. psychopy-000030
Matching: sd1=birch-series-2 with sd2=psychopy-series-3
 use k_min=0.95, k_max=1.05
 mismatch_4: 76.758381 / 0
Matched series: birch-series-2 -> psychopy-series-2
         score: 0.00018600000000001948
store map_series[psychopy] -> psychopy-series-2
Matching: sd1=birch-series-2 with sd2=reproevents-series-1
 use k_min=0.95, k_max=1.05
 mismatch_2: 76.758381 / 117.760939
Matching: sd1=birch-series-2 with sd2=reproevents-series-2
 use k_min=0.95, k_max=1.05
 mismatch_2: 76.758381 / 91.373726
Matching: sd1=birch-series-2 with sd2=reproevents-series-3
 use k_min=0.95, k_max=1.05
Matched series data: birch-series-2 / reproevents-series-3
    score                = 0.0036559999999999926
    count                = 15 / 15
    interval             = 2.0000407142857144 / 2.0
    next_series_interval = 76.758381 / 76.761074
    isotime_start        = 2024-06-04 13:55:50.755185 / 2024-06-04 13:55:50.750887
    isotime_end          = 2024-06-04 13:56:18.755755 / 2024-06-04 13:56:18.750887
    synced_start         = 2024-06-04 13:55:50.755185 / 2024-06-04 13:55:50.758840999
    synced_end           = 2024-06-04 13:56:18.755755 / 2024-06-04 13:56:18.758840999
    series 1 IDs         = birch-000017 .. birch-000031
    series 2 IDs         = reproevents-000031 .. reproevents-000045
Matching: sd1=birch-series-2 with sd2=reproevents-series-4
 use k_min=0.95, k_max=1.05
 mismatch_4: 76.758381 / 0
Matched series: birch-series-2 -> reproevents-series-3
         score: 0.0036559999999999926
store map_series[reproevents] -> reproevents-series-3
{"type":"MarkRecord","session_id":"ses-20240604","id":"mark-000035","kind":"Func series start","name":"007-func-bold_task-rest_run-3_start","target_ids":["dicoms-000170","birch-000017","psychopy-000016","reproevents-000031"],"dicoms_isotime":"2024-06-04T14:02:03.485000","dicoms_duration":28.0,"birch_isotime":"2024-06-04T13:55:50.755185","birch_duration":28.00057,"qrinfo_isotime":null,"qrinfo_duration":null,"psychopy_isotime":"2024-06-04T13:55:50.740145","psychopy_duration":27.997067,"reproevents_isotime":"2024-06-04T13:55:50.750887","reproevents_duration":28.0}
{"type":"MarkRecord","session_id":"ses-20240604","id":"mark-000036","kind":"Func series scan","name":"007-func-bold_task-rest_run-3_scan-0","target_ids":["dicoms-000170","birch-000017","psychopy-000016","reproevents-000031"],"dicoms_isotime":"2024-06-04T14:02:03.485000","dicoms_duration":2.0,"birch_isotime":"2024-06-04T13:55:50.755185","birch_duration":2.003725,"qrinfo_isotime":null,"qrinfo_duration":null,"psychopy_isotime":"2024-06-04T13:55:50.740145","psychopy_duration":1.998084,"reproevents_isotime":"2024-06-04T13:55:50.750887","reproevents_duration":2.0000420000000076}
{"type":"MarkRecord","session_id":"ses-20240604","id":"mark-000037","kind":"Func series scan","name":"007-func-bold_task-rest_run-3_scan-1","target_ids":["dicoms-000171","birch-000018","psychopy-000017","reproevents-000032"],"dicoms_isotime":"2024-06-04T14:02:05.485000","dicoms_duration":2.0,"birch_isotime":"2024-06-04T13:55:52.758910","birch_duration":1.987894,"qrinfo_isotime":null,"qrinfo_duration":null,"psychopy_isotime":"2024-06-04T13:55:52.738229","psychopy_duration":1.999925,"reproevents_isotime":"2024-06-04T13:55:52.750925","reproevents_duration":2.0000370000000203}
{"type":"MarkRecord","session_id":"ses-20240604","id":"mark-000038","kind":"Func series scan","name":"007-func-bold_task-rest_run-3_scan-2","target_ids":["dicoms-000172","birch-000019","psychopy-000018","reproevents-000033"],"dicoms_isotime":"2024-06-04T14:02:07.485000","dicoms_duration":2.0,"birch_isotime":"2024-06-04T13:55:54.746804","birch_duration":2.001216,"qrinfo_isotime":null,"qrinfo_duration":null,"psychopy_isotime":"2024-06-04T13:55:54.738154","psychopy_duration":1.999902,"reproevents_isotime":"2024-06-04T13:55:54.750925","reproevents_duration":2.0000499999999874}
{"type":"MarkRecord","session_id":"ses-20240604","id":"mark-000039","kind":"Func series scan","name":"007-func-bold_task-rest_run-3_scan-3","target_ids":["dicoms-000173","birch-000020","psychopy-000019","reproevents-000034"],"dicoms_isotime":"2024-06-04T14:02:09.485000","dicoms_duration":2.0,"birch_isotime":"2024-06-04T13:55:56.748020","birch_duration":2.006228,"qrinfo_isotime":null,"qrinfo_duration":null,"psychopy_isotime":"2024-06-04T13:55:56.738056","psychopy_duration":1.999805,"reproevents_isotime":"2024-06-04T13:55:56.750942","reproevents_duration":2.0000350000000253}
{"type":"MarkRecord","session_id":"ses-20240604","id":"mark-000040","kind":"Func series scan","name":"007-func-bold_task-rest_run-3_scan-4","target_ids":["dicoms-000174","birch-000021","psychopy-000020","reproevents-000035"],"dicoms_isotime":"2024-06-04T14:02:11.485000","dicoms_duration":2.0,"birch_isotime":"2024-06-04T13:55:58.754248","birch_duration":1.991774,"qrinfo_isotime":null,"qrinfo_duration":null,"psychopy_isotime":"2024-06-04T13:55:58.737861","psychopy_duration":2.000022,"reproevents_isotime":"2024-06-04T13:55:58.750891","reproevents_duration":2.0000539999999773}
{"type":"MarkRecord","session_id":"ses-20240604","id":"mark-000041","kind":"Func series scan","name":"007-func-bold_task-rest_run-3_scan-5","target_ids":["dicoms-000175","birch-000022","psychopy-000021","reproevents-000036"],"dicoms_isotime":"2024-06-04T14:02:13.485000","dicoms_duration":2.0,"birch_isotime":"2024-06-04T13:56:00.746022","birch_duration":2.00668,"qrinfo_isotime":null,"qrinfo_duration":null,"psychopy_isotime":"2024-06-04T13:56:00.737883","psychopy_duration":1.999869,"reproevents_isotime":"2024-06-04T13:56:00.750871","reproevents_duration":2.000043000000005}
{"type":"MarkRecord","session_id":"ses-20240604","id":"mark-000042","kind":"Func series scan","name":"007-func-bold_task-rest_run-3_scan-6","target_ids":["dicoms-000176","birch-000023","psychopy-000022","reproevents-000037"],"dicoms_isotime":"2024-06-04T14:02:15.485000","dicoms_duration":2.0,"birch_isotime":"2024-06-04T13:56:02.752702","birch_duration":2.003502,"qrinfo_isotime":null,"qrinfo_duration":null,"psychopy_isotime":"2024-06-04T13:56:02.737752","psychopy_duration":2.000117,"reproevents_isotime":"2024-06-04T13:56:02.750890","reproevents_duration":2.000045}
{"type":"MarkRecord","session_id":"ses-20240604","id":"mark-000043","kind":"Func series scan","name":"007-func-bold_task-rest_run-3_scan-7","target_ids":["dicoms-000177","birch-000024","psychopy-000023","reproevents-000038"],"dicoms_isotime":"2024-06-04T14:02:17.485000","dicoms_duration":2.0,"birch_isotime":"2024-06-04T13:56:04.756204","birch_duration":1.9970949999999998,"qrinfo_isotime":null,"qrinfo_duration":null,"psychopy_isotime":"2024-06-04T13:56:04.737869","psychopy_duration":1.999667,"reproevents_isotime":"2024-06-04T13:56:04.750870","reproevents_duration":2.0000519999999824}
{"type":"MarkRecord","session_id":"ses-20240604","id":"mark-000044","kind":"Func series scan","name":"007-func-bold_task-rest_run-3_scan-8","target_ids":["dicoms-000178","birch-000025","psychopy-000024","reproevents-000039"],"dicoms_isotime":"2024-06-04T14:02:19.485000","dicoms_duration":2.0,"birch_isotime":"2024-06-04T13:56:06.753299","birch_duration":2.002991,"qrinfo_isotime":null,"qrinfo_duration":null,"psychopy_isotime":"2024-06-04T13:56:06.737536","psychopy_duration":2.000122,"reproevents_isotime":"2024-06-04T13:56:06.750988","reproevents_duration":2.0000270000000455}
{"type":"MarkRecord","session_id":"ses-20240604","id":"mark-000045","kind":"Func series scan","name":"007-func-bold_task-rest_run-3_scan-9","target_ids":["dicoms-000179","birch-000026","psychopy-000025","reproevents-000040"],"dicoms_isotime":"2024-06-04T14:02:21.485000","dicoms_duration":2.0,"birch_isotime":"2024-06-04T13:56:08.756290","birch_duration":2.000184,"qrinfo_isotime":null,"qrinfo_duration":null,"psychopy_isotime":"2024-06-04T13:56:08.737658","psychopy_duration":1.9998559999999999,"reproevents_isotime":"2024-06-04T13:56:08.750951","reproevents_duration":2.0000569999999698}
{"type":"MarkRecord","session_id":"ses-20240604","id":"mark-000046","kind":"Func series scan","name":"007-func-bold_task-rest_run-3_scan-10","target_ids":["dicoms-000180","birch-000027","psychopy-000026","reproevents-000041"],"dicoms_isotime":"2024-06-04T14:02:23.485000","dicoms_duration":2.0,"birch_isotime":"2024-06-04T13:56:10.756474","birch_duration":1.999241,"qrinfo_isotime":null,"qrinfo_duration":null,"psychopy_isotime":"2024-06-04T13:56:10.737514","psychopy_duration":2.000027,"reproevents_isotime":"2024-06-04T13:56:10.750878","reproevents_duration":2.0000380000000177}
{"type":"MarkRecord","session_id":"ses-20240604","id":"mark-000047","kind":"Func series scan","name":"007-func-bold_task-rest_run-3_scan-11","target_ids":["dicoms-000181","birch-000028","psychopy-000027","reproevents-000042"],"dicoms_isotime":"2024-06-04T14:02:25.485000","dicoms_duration":2.0,"birch_isotime":"2024-06-04T13:56:12.755715","birch_duration":1.998766,"qrinfo_isotime":null,"qrinfo_duration":null,"psychopy_isotime":"2024-06-04T13:56:12.737541","psychopy_duration":1.999811,"reproevents_isotime":"2024-06-04T13:56:12.752450","reproevents_duration":2.00004899999999}
{"type":"MarkRecord","session_id":"ses-20240604","id":"mark-000048","kind":"Func series scan","name":"007-func-bold_task-rest_run-3_scan-12","target_ids":["dicoms-000182","birch-000029","psychopy-000028","reproevents-000043"],"dicoms_isotime":"2024-06-04T14:02:27.485000","dicoms_duration":2.0,"birch_isotime":"2024-06-04T13:56:14.754481","birch_duration":2.001439,"qrinfo_isotime":null,"qrinfo_duration":null,"psychopy_isotime":"2024-06-04T13:56:14.737352","psychopy_duration":2.000012,"reproevents_isotime":"2024-06-04T13:56:14.751045","reproevents_duration":2.0000459999999975}
{"type":"MarkRecord","session_id":"ses-20240604","id":"mark-000049","kind":"Func series scan","name":"007-func-bold_task-rest_run-3_scan-13","target_ids":["dicoms-000183","birch-000030","psychopy-000029","reproevents-000044"],"dicoms_isotime":"2024-06-04T14:02:29.485000","dicoms_duration":2.0,"birch_isotime":"2024-06-04T13:56:16.755920","birch_duration":1.999835,"qrinfo_isotime":null,"qrinfo_duration":null,"psychopy_isotime":"2024-06-04T13:56:16.737364","psychopy_duration":1.999848,"reproevents_isotime":"2024-06-04T13:56:16.750905","reproevents_duration":2.000032000000033}
{"type":"MarkRecord","session_id":"ses-20240604","id":"mark-000050","kind":"Func series scan","name":"007-func-bold_task-rest_run-3_scan-14","target_ids":["dicoms-000184","birch-000031","psychopy-000030","reproevents-000045"],"dicoms_isotime":"2024-06-04T14:02:31.485000","dicoms_duration":null,"birch_isotime":"2024-06-04T13:56:18.755755","birch_duration":null,"qrinfo_isotime":null,"qrinfo_duration":null,"psychopy_isotime":"2024-06-04T13:56:18.737212","psychopy_duration":null,"reproevents_isotime":"2024-06-04T13:56:18.750887","reproevents_duration":null}
Mark: type='MarkRecord' session_id='ses-20240604' id='mark-000051' kind='Func series end' name='007-func-bold_task-rest_run-3_end' target_ids=['dicoms-000184'] dicoms_isotime=Timestamp('2024-06-04 14:02:31.485000') dicoms_duration=None birch_isotime=None birch_duration=None qrinfo_isotime=None qrinfo_duration=None psychopy_isotime=None psychopy_duration=None reproevents_isotime=None reproevents_duration=None
{"type":"MarkRecord","session_id":"ses-20240604","id":"mark-000051","kind":"Func series end","name":"007-func-bold_task-rest_run-3_end","target_ids":["dicoms-000184","birch-000031","psychopy-000030","reproevents-000045"],"dicoms_isotime":"2024-06-04T14:02:31.485000","dicoms_duration":null,"birch_isotime":"2024-06-04T13:56:18.755755","birch_duration":null,"qrinfo_isotime":null,"qrinfo_duration":null,"psychopy_isotime":"2024-06-04T13:56:18.737212","psychopy_duration":null,"reproevents_isotime":"2024-06-04T13:56:18.750887","reproevents_duration":null}
Matching: sd1=008-func-bold_task-rest_run-4 with sd2=birch-series-1
 use k_min=0.95, k_max=1.05
 mismatch_3: 0.0 / 91.37007
Matching: sd1=008-func-bold_task-rest_run-4 with sd2=birch-series-2
 use k_min=0.95, k_max=1.05
 mismatch_3: 0.0 / 76.758381
Matching: sd1=008-func-bold_task-rest_run-4 with sd2=birch-series-3
 use k_min=0.95, k_max=1.05
Matched series data: 008-func-bold_task-rest_run-4 / birch-series-3
    score                = 0.143451
    count                = 15 / 15
    interval             = 2.0 / 1.9997632857142857
    next_series_interval = 0.0 / 0
    isotime_start        = 2024-06-04 14:03:19.492500 / 2024-06-04 13:57:07.513566
    isotime_end          = 2024-06-04 14:03:47.492500 / 2024-06-04 13:57:35.510252
    synced_start         = 2024-06-04 13:57:07.370115 / 2024-06-04 13:57:07.513566
    synced_end           = 2024-06-04 13:57:35.370115 / 2024-06-04 13:57:35.510252
    series 1 IDs         = dicoms-000185 .. dicoms-000199
    series 2 IDs         = birch-000032 .. birch-000046
Matched series: 008-func-bold_task-rest_run-4 -> birch-series-3
         score: 0.143451
store map_series[birch] -> birch-series-3
Matching: sd1=birch-series-3 with sd2=qrinfo-series-1
 use k_min=0.8, k_max=1.2
 mismatch_6: 2024-06-04 13:57:07.513566 / 2024-06-04 13:54:19.385115
Matching: sd1=birch-series-3 with sd2=qrinfo-series-2
 mismatch_7: 15 / 10
Matching: sd1=birch-series-3 with sd2=psychopy-series-1
 use k_min=0.95, k_max=1.05
 mismatch_3: 0 / 91.370256
Matching: sd1=birch-series-3 with sd2=psychopy-series-2
 use k_min=0.95, k_max=1.05
 mismatch_3: 0 / 76.761744
Matching: sd1=birch-series-3 with sd2=psychopy-series-3
 use k_min=0.95, k_max=1.05
Matched series data: birch-series-3 / psychopy-series-3
    score                = 0.0035490000000000244
    count                = 15 / 15
    interval             = 1.9997632857142857 / 1.9994760714285713
    next_series_interval = 0 / 0
    isotime_start        = 2024-06-04 13:57:07.513566 / 2024-06-04 13:57:07.501889
    isotime_end          = 2024-06-04 13:57:35.510252 / 2024-06-04 13:57:35.494554
    synced_start         = 2024-06-04 13:57:07.513566 / 2024-06-04 13:57:07.517115
    synced_end           = 2024-06-04 13:57:35.510252 / 2024-06-04 13:57:35.509780
    series 1 IDs         = birch-000032 .. birch-000046
    series 2 IDs         = psychopy-000031 .. psychopy-000045
Matched series: birch-series-3 -> psychopy-series-3
         score: 0.0035490000000000244
store map_series[psychopy] -> psychopy-series-3
Matching: sd1=birch-series-3 with sd2=reproevents-series-1
 use k_min=0.95, k_max=1.05
 mismatch_3: 0 / 117.760939
Matching: sd1=birch-series-3 with sd2=reproevents-series-2
 use k_min=0.95, k_max=1.05
 mismatch_3: 0 / 91.373726
Matching: sd1=birch-series-3 with sd2=reproevents-series-3
 use k_min=0.95, k_max=1.05
 mismatch_3: 0 / 76.761074
Matching: sd1=birch-series-3 with sd2=reproevents-series-4
 use k_min=0.95, k_max=1.05
Matched series data: birch-series-3 / reproevents-series-4
    score                = 0.006349000000000049
    count                = 15 / 15
    interval             = 1.9997632857142857 / 1.9999939999999998
    next_series_interval = 0 / 0
    isotime_start        = 2024-06-04 13:57:07.513566 / 2024-06-04 13:57:07.511961
    isotime_end          = 2024-06-04 13:57:35.510252 / 2024-06-04 13:57:35.511877
    synced_start         = 2024-06-04 13:57:07.513566 / 2024-06-04 13:57:07.519914999
    synced_end           = 2024-06-04 13:57:35.510252 / 2024-06-04 13:57:35.519830999
    series 1 IDs         = birch-000032 .. birch-000046
    series 2 IDs         = reproevents-000046 .. reproevents-000060
Matched series: birch-series-3 -> reproevents-series-4
         score: 0.006349000000000049
store map_series[reproevents] -> reproevents-series-4
{"type":"MarkRecord","session_id":"ses-20240604","id":"mark-000052","kind":"Func series start","name":"008-func-bold_task-rest_run-4_start","target_ids":["dicoms-000185","birch-000032","psychopy-000031","reproevents-000046"],"dicoms_isotime":"2024-06-04T14:03:19.492500","dicoms_duration":28.0,"birch_isotime":"2024-06-04T13:57:07.513566","birch_duration":27.996686,"qrinfo_isotime":null,"qrinfo_duration":null,"psychopy_isotime":"2024-06-04T13:57:07.501889","psychopy_duration":27.992665,"reproevents_isotime":"2024-06-04T13:57:07.511961","reproevents_duration":27.999916}
{"type":"MarkRecord","session_id":"ses-20240604","id":"mark-000053","kind":"Func series scan","name":"008-func-bold_task-rest_run-4_scan-0","target_ids":["dicoms-000185","birch-000032","psychopy-000031","reproevents-000046"],"dicoms_isotime":"2024-06-04T14:03:19.492500","dicoms_duration":2.0,"birch_isotime":"2024-06-04T13:57:07.513566","birch_duration":2.002067,"qrinfo_isotime":null,"qrinfo_duration":null,"psychopy_isotime":"2024-06-04T13:57:07.501889","psychopy_duration":1.993832,"reproevents_isotime":"2024-06-04T13:57:07.511961","reproevents_duration":2.0000559999999723}
{"type":"MarkRecord","session_id":"ses-20240604","id":"mark-000054","kind":"Func series scan","name":"008-func-bold_task-rest_run-4_scan-1","target_ids":["dicoms-000186","birch-000033","psychopy-000032","reproevents-000047"],"dicoms_isotime":"2024-06-04T14:03:21.492500","dicoms_duration":2.0,"birch_isotime":"2024-06-04T13:57:09.515633","birch_duration":2.000837,"qrinfo_isotime":null,"qrinfo_duration":null,"psychopy_isotime":"2024-06-04T13:57:09.495721","psychopy_duration":1.9997989999999999,"reproevents_isotime":"2024-06-04T13:57:09.511919","reproevents_duration":2.0000440000000026}
{"type":"MarkRecord","session_id":"ses-20240604","id":"mark-000055","kind":"Func series scan","name":"008-func-bold_task-rest_run-4_scan-2","target_ids":["dicoms-000187","birch-000034","psychopy-000033","reproevents-000048"],"dicoms_isotime":"2024-06-04T14:03:23.492500","dicoms_duration":2.0,"birch_isotime":"2024-06-04T13:57:11.516470","birch_duration":2.000347,"qrinfo_isotime":null,"qrinfo_duration":null,"psychopy_isotime":"2024-06-04T13:57:11.495520","psychopy_duration":2.000156,"reproevents_isotime":"2024-06-04T13:57:11.511903","reproevents_duration":2.000043000000005}
{"type":"MarkRecord","session_id":"ses-20240604","id":"mark-000056","kind":"Func series scan","name":"008-func-bold_task-rest_run-4_scan-3","target_ids":["dicoms-000188","birch-000035","psychopy-000034","reproevents-000049"],"dicoms_isotime":"2024-06-04T14:03:25.492500","dicoms_duration":2.0,"birch_isotime":"2024-06-04T13:57:13.516817","birch_duration":1.991879,"qrinfo_isotime":null,"qrinfo_duration":null,"psychopy_isotime":"2024-06-04T13:57:13.495676","psychopy_duration":1.999862,"reproevents_isotime":"2024-06-04T13:57:13.511940","reproevents_duration":2.00004899999999}
{"type":"MarkRecord","session_id":"ses-20240604","id":"mark-000057","kind":"Func series scan","name":"008-func-bold_task-rest_run-4_scan-4","target_ids":["dicoms-000189","birch-000036","psychopy-000035","reproevents-000050"],"dicoms_isotime":"2024-06-04T14:03:27.492500","dicoms_duration":2.0,"birch_isotime":"2024-06-04T13:57:15.508696","birch_duration":2.002695,"qrinfo_isotime":null,"qrinfo_duration":null,"psychopy_isotime":"2024-06-04T13:57:15.495538","psychopy_duration":1.999565,"reproevents_isotime":"2024-06-04T13:57:15.511932","reproevents_duration":2.0000400000000127}
{"type":"MarkRecord","session_id":"ses-20240604","id":"mark-000058","kind":"Func series scan","name":"008-func-bold_task-rest_run-4_scan-5","target_ids":["dicoms-000190","birch-000037","psychopy-000036","reproevents-000051"],"dicoms_isotime":"2024-06-04T14:03:29.492500","dicoms_duration":2.0,"birch_isotime":"2024-06-04T13:57:17.511391","birch_duration":2.000262,"qrinfo_isotime":null,"qrinfo_duration":null,"psychopy_isotime":"2024-06-04T13:57:17.495103","psychopy_duration":1.999879,"reproevents_isotime":"2024-06-04T13:57:17.511877","reproevents_duration":2.000043000000005}
{"type":"MarkRecord","session_id":"ses-20240604","id":"mark-000059","kind":"Func series scan","name":"008-func-bold_task-rest_run-4_scan-6","target_ids":["dicoms-000191","birch-000038","psychopy-000037","reproevents-000052"],"dicoms_isotime":"2024-06-04T14:03:31.492500","dicoms_duration":2.0,"birch_isotime":"2024-06-04T13:57:19.511653","birch_duration":2.003943,"qrinfo_isotime":null,"qrinfo_duration":null,"psychopy_isotime":"2024-06-04T13:57:19.494982","psychopy_duration":2.000141,"reproevents_isotime":"2024-06-04T13:57:19.511976","reproevents_duration":2.000043000000005}
{"type":"MarkRecord","session_id":"ses-20240604","id":"mark-000060","kind":"Func series scan","name":"008-func-bold_task-rest_run-4_scan-7","target_ids":["dicoms-000192","birch-000039","psychopy-000038","reproevents-000053"],"dicoms_isotime":"2024-06-04T14:03:33.492500","dicoms_duration":2.0,"birch_isotime":"2024-06-04T13:57:21.515596","birch_duration":1.999918,"qrinfo_isotime":null,"qrinfo_duration":null,"psychopy_isotime":"2024-06-04T13:57:21.495123","psychopy_duration":1.999864,"reproevents_isotime":"2024-06-04T13:57:21.512011","reproevents_duration":2.000045}
{"type":"MarkRecord","session_id":"ses-20240604","id":"mark-000061","kind":"Func series scan","name":"008-func-bold_task-rest_run-4_scan-8","target_ids":["dicoms-000193","birch-000040","psychopy-000039","reproevents-000054"],"dicoms_isotime":"2024-06-04T14:03:35.492500","dicoms_duration":2.0,"birch_isotime":"2024-06-04T13:57:23.515514","birch_duration":2.002322,"qrinfo_isotime":null,"qrinfo_duration":null,"psychopy_isotime":"2024-06-04T13:57:23.494987","psychopy_duration":2.000061,"reproevents_isotime":"2024-06-04T13:57:23.511917","reproevents_duration":2.00004100000001}
{"type":"MarkRecord","session_id":"ses-20240604","id":"mark-000062","kind":"Func series scan","name":"008-func-bold_task-rest_run-4_scan-9","target_ids":["dicoms-000194","birch-000041","psychopy-000040","reproevents-000055"],"dicoms_isotime":"2024-06-04T14:03:37.492500","dicoms_duration":2.0,"birch_isotime":"2024-06-04T13:57:25.517836","birch_duration":1.999116,"qrinfo_isotime":null,"qrinfo_duration":null,"psychopy_isotime":"2024-06-04T13:57:25.495048","psychopy_duration":1.999828,"reproevents_isotime":"2024-06-04T13:57:25.511937","reproevents_duration":2.000035999999909}
{"type":"MarkRecord","session_id":"ses-20240604","id":"mark-000063","kind":"Func series scan","name":"008-func-bold_task-rest_run-4_scan-10","target_ids":["dicoms-000195","birch-000042","psychopy-000041","reproevents-000056"],"dicoms_isotime":"2024-06-04T14:03:39.492500","dicoms_duration":2.0,"birch_isotime":"2024-06-04T13:57:27.516952","birch_duration":2.001067,"qrinfo_isotime":null,"qrinfo_duration":null,"psychopy_isotime":"2024-06-04T13:57:27.494876","psychopy_duration":1.99977,"reproevents_isotime":"2024-06-04T13:57:27.511896","reproevents_duration":2.000056000000086}
{"type":"MarkRecord","session_id":"ses-20240604","id":"mark-000064","kind":"Func series scan","name":"008-func-bold_task-rest_run-4_scan-11","target_ids":["dicoms-000196","birch-000043","psychopy-000042","reproevents-000057"],"dicoms_isotime":"2024-06-04T14:03:41.492500","dicoms_duration":2.0,"birch_isotime":"2024-06-04T13:57:29.518019","birch_duration":1.999797,"qrinfo_isotime":null,"qrinfo_duration":null,"psychopy_isotime":"2024-06-04T13:57:29.494646","psychopy_duration":2.00013,"reproevents_isotime":"2024-06-04T13:57:29.511986","reproevents_duration":2.0000420000000076}
{"type":"MarkRecord","session_id":"ses-20240604","id":"mark-000065","kind":"Func series scan","name":"008-func-bold_task-rest_run-4_scan-12","target_ids":["dicoms-000197","birch-000044","psychopy-000043","reproevents-000058"],"dicoms_isotime":"2024-06-04T14:03:43.492500","dicoms_duration":2.0,"birch_isotime":"2024-06-04T13:57:31.517816","birch_duration":1.999922,"qrinfo_isotime":null,"qrinfo_duration":null,"psychopy_isotime":"2024-06-04T13:57:31.494776","psychopy_duration":1.999794,"reproevents_isotime":"2024-06-04T13:57:31.511921","reproevents_duration":2.000039999999899}
{"type":"MarkRecord","session_id":"ses-20240604","id":"mark-000066","kind":"Func series scan","name":"008-func-bold_task-rest_run-4_scan-13","target_ids":["dicoms-000198","birch-000045","psychopy-000044","reproevents-000059"],"dicoms_isotime":"2024-06-04T14:03:45.492500","dicoms_duration":2.0,"birch_isotime":"2024-06-04T13:57:33.517738","birch_duration":1.992514,"qrinfo_isotime":null,"qrinfo_duration":null,"psychopy_isotime":"2024-06-04T13:57:33.494570","psychopy_duration":1.999984,"reproevents_isotime":"2024-06-04T13:57:33.511876","reproevents_duration":2.000036000000023}
{"type":"MarkRecord","session_id":"ses-20240604","id":"mark-000067","kind":"Func series scan","name":"008-func-bold_task-rest_run-4_scan-14","target_ids":["dicoms-000199","birch-000046","psychopy-000045","reproevents-000060"],"dicoms_isotime":"2024-06-04T14:03:47.492500","dicoms_duration":null,"birch_isotime":"2024-06-04T13:57:35.510252","birch_duration":null,"qrinfo_isotime":null,"qrinfo_duration":null,"psychopy_isotime":"2024-06-04T13:57:35.494554","psychopy_duration":null,"reproevents_isotime":"2024-06-04T13:57:35.511877","reproevents_duration":null}
Mark: type='MarkRecord' session_id='ses-20240604' id='mark-000068' kind='Func series end' name='008-func-bold_task-rest_run-4_end' target_ids=['dicoms-000199'] dicoms_isotime=Timestamp('2024-06-04 14:03:47.492500') dicoms_duration=None birch_isotime=None birch_duration=None qrinfo_isotime=None qrinfo_duration=None psychopy_isotime=None psychopy_duration=None reproevents_isotime=None reproevents_duration=None
{"type":"MarkRecord","session_id":"ses-20240604","id":"mark-000068","kind":"Func series end","name":"008-func-bold_task-rest_run-4_end","target_ids":["dicoms-000199","birch-000046","psychopy-000045","reproevents-000060"],"dicoms_isotime":"2024-06-04T14:03:47.492500","dicoms_duration":null,"birch_isotime":"2024-06-04T13:57:35.510252","birch_duration":null,"qrinfo_isotime":null,"qrinfo_duration":null,"psychopy_isotime":"2024-06-04T13:57:35.494554","psychopy_duration":null,"reproevents_isotime":"2024-06-04T13:57:35.511877","reproevents_duration":null}
Dicoms offsets: {'reproevents-series-1': 371.903778, 'birch-series-1': 372.122385, 'qrinfo-series-1': 371.8045, 'psychopy-series-1': 372.137611, 'reproevents-series-2': 372.130339, 'birch-series-2': 372.729815, 'psychopy-series-2': 372.744855, 'reproevents-series-3': 372.734113, 'birch-series-3': 371.978934, 'psychopy-series-3': 371.990611, 'reproevents-series-4': 371.980539}
Generated marks after pass 1, done:
  mark-000001 : ['dicoms-000140', 'reproevents-000001']
  mark-000002 : ['dicoms-000140', 'reproevents-000001']
  mark-000003 : ['dicoms-000141', 'reproevents-000002']
  mark-000004 : ['dicoms-000142', 'reproevents-000003']
  mark-000005 : ['dicoms-000143', 'reproevents-000004']
  mark-000006 : ['dicoms-000144', 'reproevents-000005']
  mark-000007 : ['dicoms-000145', 'reproevents-000006']
  mark-000008 : ['dicoms-000146', 'reproevents-000007']
  mark-000009 : ['dicoms-000147', 'reproevents-000008']
  mark-000010 : ['dicoms-000148', 'reproevents-000009']
  mark-000011 : ['dicoms-000149', 'reproevents-000010']
  mark-000012 : ['dicoms-000150', 'reproevents-000011']
  mark-000013 : ['dicoms-000151', 'reproevents-000012']
  mark-000014 : ['dicoms-000152', 'reproevents-000013']
  mark-000015 : ['dicoms-000153', 'reproevents-000014']
  mark-000016 : ['dicoms-000154', 'reproevents-000015']
  mark-000017 : ['dicoms-000154', 'reproevents-000015']
  mark-000018 : ['dicoms-000155', 'birch-000002', 'qrinfo-000001', 'psychopy-000001', 'reproevents-000016']
  mark-000019 : ['dicoms-000155', 'birch-000002', 'qrinfo-000001', 'psychopy-000001', 'reproevents-000016']
  mark-000020 : ['dicoms-000156', 'birch-000003', 'qrinfo-000002', 'psychopy-000002', 'reproevents-000017']
  mark-000021 : ['dicoms-000157', 'birch-000004', 'qrinfo-000003', 'psychopy-000003', 'reproevents-000018']
  mark-000022 : ['dicoms-000158', 'birch-000005', 'qrinfo-000004', 'psychopy-000004', 'reproevents-000019']
  mark-000023 : ['dicoms-000159', 'birch-000006', 'qrinfo-000005', 'psychopy-000005', 'reproevents-000020']
  mark-000024 : ['dicoms-000160', 'birch-000007', 'qrinfo-000006', 'psychopy-000006', 'reproevents-000021']
  mark-000025 : ['dicoms-000161', 'birch-000008', 'qrinfo-000007', 'psychopy-000007', 'reproevents-000022']
  mark-000026 : ['dicoms-000162', 'birch-000009', 'qrinfo-000008', 'psychopy-000008', 'reproevents-000023']
  mark-000027 : ['dicoms-000163', 'birch-000010', 'qrinfo-000009', 'psychopy-000009', 'reproevents-000024']
  mark-000028 : ['dicoms-000164', 'birch-000011', 'qrinfo-000010', 'psychopy-000010', 'reproevents-000025']
  mark-000029 : ['dicoms-000165', 'birch-000012', 'qrinfo-000011', 'psychopy-000011', 'reproevents-000026']
  mark-000030 : ['dicoms-000166', 'birch-000013', 'qrinfo-000012', 'psychopy-000012', 'reproevents-000027']
  mark-000031 : ['dicoms-000167', 'birch-000014', 'qrinfo-000013', 'psychopy-000013', 'reproevents-000028']
  mark-000032 : ['dicoms-000168', 'birch-000015', 'qrinfo-000014', 'psychopy-000014', 'reproevents-000029']
  mark-000033 : ['dicoms-000169', 'birch-000016', 'qrinfo-000015', 'psychopy-000015', 'reproevents-000030']
  mark-000034 : ['dicoms-000169', 'birch-000016', 'qrinfo-000015', 'psychopy-000015', 'reproevents-000030']
  mark-000035 : ['dicoms-000170', 'birch-000017', 'psychopy-000016', 'reproevents-000031']
  mark-000036 : ['dicoms-000170', 'birch-000017', 'psychopy-000016', 'reproevents-000031']
  mark-000037 : ['dicoms-000171', 'birch-000018', 'psychopy-000017', 'reproevents-000032']
  mark-000038 : ['dicoms-000172', 'birch-000019', 'psychopy-000018', 'reproevents-000033']
  mark-000039 : ['dicoms-000173', 'birch-000020', 'psychopy-000019', 'reproevents-000034']
  mark-000040 : ['dicoms-000174', 'birch-000021', 'psychopy-000020', 'reproevents-000035']
  mark-000041 : ['dicoms-000175', 'birch-000022', 'psychopy-000021', 'reproevents-000036']
  mark-000042 : ['dicoms-000176', 'birch-000023', 'psychopy-000022', 'reproevents-000037']
  mark-000043 : ['dicoms-000177', 'birch-000024', 'psychopy-000023', 'reproevents-000038']
  mark-000044 : ['dicoms-000178', 'birch-000025', 'psychopy-000024', 'reproevents-000039']
  mark-000045 : ['dicoms-000179', 'birch-000026', 'psychopy-000025', 'reproevents-000040']
  mark-000046 : ['dicoms-000180', 'birch-000027', 'psychopy-000026', 'reproevents-000041']
  mark-000047 : ['dicoms-000181', 'birch-000028', 'psychopy-000027', 'reproevents-000042']
  mark-000048 : ['dicoms-000182', 'birch-000029', 'psychopy-000028', 'reproevents-000043']
  mark-000049 : ['dicoms-000183', 'birch-000030', 'psychopy-000029', 'reproevents-000044']
  mark-000050 : ['dicoms-000184', 'birch-000031', 'psychopy-000030', 'reproevents-000045']
  mark-000051 : ['dicoms-000184', 'birch-000031', 'psychopy-000030', 'reproevents-000045']
  mark-000052 : ['dicoms-000185', 'birch-000032', 'psychopy-000031', 'reproevents-000046']
  mark-000053 : ['dicoms-000185', 'birch-000032', 'psychopy-000031', 'reproevents-000046']
  mark-000054 : ['dicoms-000186', 'birch-000033', 'psychopy-000032', 'reproevents-000047']
  mark-000055 : ['dicoms-000187', 'birch-000034', 'psychopy-000033', 'reproevents-000048']
  mark-000056 : ['dicoms-000188', 'birch-000035', 'psychopy-000034', 'reproevents-000049']
  mark-000057 : ['dicoms-000189', 'birch-000036', 'psychopy-000035', 'reproevents-000050']
  mark-000058 : ['dicoms-000190', 'birch-000037', 'psychopy-000036', 'reproevents-000051']
  mark-000059 : ['dicoms-000191', 'birch-000038', 'psychopy-000037', 'reproevents-000052']
  mark-000060 : ['dicoms-000192', 'birch-000039', 'psychopy-000038', 'reproevents-000053']
  mark-000061 : ['dicoms-000193', 'birch-000040', 'psychopy-000039', 'reproevents-000054']
  mark-000062 : ['dicoms-000194', 'birch-000041', 'psychopy-000040', 'reproevents-000055']
  mark-000063 : ['dicoms-000195', 'birch-000042', 'psychopy-000041', 'reproevents-000056']
  mark-000064 : ['dicoms-000196', 'birch-000043', 'psychopy-000042', 'reproevents-000057']
  mark-000065 : ['dicoms-000197', 'birch-000044', 'psychopy-000043', 'reproevents-000058']
  mark-000066 : ['dicoms-000198', 'birch-000045', 'psychopy-000044', 'reproevents-000059']
  mark-000067 : ['dicoms-000199', 'birch-000046', 'psychopy-000045', 'reproevents-000060']
  mark-000068 : ['dicoms-000199', 'birch-000046', 'psychopy-000045', 'reproevents-000060']
Done match marks with tmap service
Generated marks after pass 2, done:
  mark-000001 : ['dicoms-000140', 'reproevents-000001']
  mark-000002 : ['dicoms-000140', 'reproevents-000001']
  mark-000003 : ['dicoms-000141', 'reproevents-000002']
  mark-000004 : ['dicoms-000142', 'reproevents-000003']
  mark-000005 : ['dicoms-000143', 'reproevents-000004']
  mark-000006 : ['dicoms-000144', 'reproevents-000005']
  mark-000007 : ['dicoms-000145', 'reproevents-000006']
  mark-000008 : ['dicoms-000146', 'reproevents-000007']
  mark-000009 : ['dicoms-000147', 'reproevents-000008']
  mark-000010 : ['dicoms-000148', 'reproevents-000009']
  mark-000011 : ['dicoms-000149', 'reproevents-000010']
  mark-000012 : ['dicoms-000150', 'reproevents-000011']
  mark-000013 : ['dicoms-000151', 'reproevents-000012']
  mark-000014 : ['dicoms-000152', 'reproevents-000013']
  mark-000015 : ['dicoms-000153', 'reproevents-000014']
  mark-000016 : ['dicoms-000154', 'reproevents-000015']
  mark-000017 : ['dicoms-000154', 'reproevents-000015']
  mark-000018 : ['dicoms-000155', 'birch-000002', 'qrinfo-000001', 'psychopy-000001', 'reproevents-000016']
  mark-000019 : ['dicoms-000155', 'birch-000002', 'qrinfo-000001', 'psychopy-000001', 'reproevents-000016']
  mark-000020 : ['dicoms-000156', 'birch-000003', 'qrinfo-000002', 'psychopy-000002', 'reproevents-000017']
  mark-000021 : ['dicoms-000157', 'birch-000004', 'qrinfo-000003', 'psychopy-000003', 'reproevents-000018']
  mark-000022 : ['dicoms-000158', 'birch-000005', 'qrinfo-000004', 'psychopy-000004', 'reproevents-000019']
  mark-000023 : ['dicoms-000159', 'birch-000006', 'qrinfo-000005', 'psychopy-000005', 'reproevents-000020']
  mark-000024 : ['dicoms-000160', 'birch-000007', 'qrinfo-000006', 'psychopy-000006', 'reproevents-000021']
  mark-000025 : ['dicoms-000161', 'birch-000008', 'qrinfo-000007', 'psychopy-000007', 'reproevents-000022']
  mark-000026 : ['dicoms-000162', 'birch-000009', 'qrinfo-000008', 'psychopy-000008', 'reproevents-000023']
  mark-000027 : ['dicoms-000163', 'birch-000010', 'qrinfo-000009', 'psychopy-000009', 'reproevents-000024']
  mark-000028 : ['dicoms-000164', 'birch-000011', 'qrinfo-000010', 'psychopy-000010', 'reproevents-000025']
  mark-000029 : ['dicoms-000165', 'birch-000012', 'qrinfo-000011', 'psychopy-000011', 'reproevents-000026']
  mark-000030 : ['dicoms-000166', 'birch-000013', 'qrinfo-000012', 'psychopy-000012', 'reproevents-000027']
  mark-000031 : ['dicoms-000167', 'birch-000014', 'qrinfo-000013', 'psychopy-000013', 'reproevents-000028']
  mark-000032 : ['dicoms-000168', 'birch-000015', 'qrinfo-000014', 'psychopy-000014', 'reproevents-000029']
  mark-000033 : ['dicoms-000169', 'birch-000016', 'qrinfo-000015', 'psychopy-000015', 'reproevents-000030']
  mark-000034 : ['dicoms-000169', 'birch-000016', 'qrinfo-000015', 'psychopy-000015', 'reproevents-000030']
  mark-000035 : ['dicoms-000170', 'birch-000017', 'psychopy-000016', 'reproevents-000031']
  mark-000036 : ['dicoms-000170', 'birch-000017', 'psychopy-000016', 'reproevents-000031']
  mark-000037 : ['dicoms-000171', 'birch-000018', 'psychopy-000017', 'reproevents-000032']
  mark-000038 : ['dicoms-000172', 'birch-000019', 'psychopy-000018', 'reproevents-000033']
  mark-000039 : ['dicoms-000173', 'birch-000020', 'psychopy-000019', 'reproevents-000034']
  mark-000040 : ['dicoms-000174', 'birch-000021', 'psychopy-000020', 'reproevents-000035']
  mark-000041 : ['dicoms-000175', 'birch-000022', 'psychopy-000021', 'reproevents-000036']
  mark-000042 : ['dicoms-000176', 'birch-000023', 'psychopy-000022', 'reproevents-000037']
  mark-000043 : ['dicoms-000177', 'birch-000024', 'psychopy-000023', 'reproevents-000038']
  mark-000044 : ['dicoms-000178', 'birch-000025', 'psychopy-000024', 'reproevents-000039']
  mark-000045 : ['dicoms-000179', 'birch-000026', 'psychopy-000025', 'reproevents-000040']
  mark-000046 : ['dicoms-000180', 'birch-000027', 'psychopy-000026', 'reproevents-000041']
  mark-000047 : ['dicoms-000181', 'birch-000028', 'psychopy-000027', 'reproevents-000042']
  mark-000048 : ['dicoms-000182', 'birch-000029', 'psychopy-000028', 'reproevents-000043']
  mark-000049 : ['dicoms-000183', 'birch-000030', 'psychopy-000029', 'reproevents-000044']
  mark-000050 : ['dicoms-000184', 'birch-000031', 'psychopy-000030', 'reproevents-000045']
  mark-000051 : ['dicoms-000184', 'birch-000031', 'psychopy-000030', 'reproevents-000045']
  mark-000052 : ['dicoms-000185', 'birch-000032', 'psychopy-000031', 'reproevents-000046']
  mark-000053 : ['dicoms-000185', 'birch-000032', 'psychopy-000031', 'reproevents-000046']
  mark-000054 : ['dicoms-000186', 'birch-000033', 'psychopy-000032', 'reproevents-000047']
  mark-000055 : ['dicoms-000187', 'birch-000034', 'psychopy-000033', 'reproevents-000048']
  mark-000056 : ['dicoms-000188', 'birch-000035', 'psychopy-000034', 'reproevents-000049']
  mark-000057 : ['dicoms-000189', 'birch-000036', 'psychopy-000035', 'reproevents-000050']
  mark-000058 : ['dicoms-000190', 'birch-000037', 'psychopy-000036', 'reproevents-000051']
  mark-000059 : ['dicoms-000191', 'birch-000038', 'psychopy-000037', 'reproevents-000052']
  mark-000060 : ['dicoms-000192', 'birch-000039', 'psychopy-000038', 'reproevents-000053']
  mark-000061 : ['dicoms-000193', 'birch-000040', 'psychopy-000039', 'reproevents-000054']
  mark-000062 : ['dicoms-000194', 'birch-000041', 'psychopy-000040', 'reproevents-000055']
  mark-000063 : ['dicoms-000195', 'birch-000042', 'psychopy-000041', 'reproevents-000056']
  mark-000064 : ['dicoms-000196', 'birch-000043', 'psychopy-000042', 'reproevents-000057']
  mark-000065 : ['dicoms-000197', 'birch-000044', 'psychopy-000043', 'reproevents-000058']
  mark-000066 : ['dicoms-000198', 'birch-000045', 'psychopy-000044', 'reproevents-000059']
  mark-000067 : ['dicoms-000199', 'birch-000046', 'psychopy-000045', 'reproevents-000060']
  mark-000068 : ['dicoms-000199', 'birch-000046', 'psychopy-000045', 'reproevents-000060']
Exit on   : 2024-09-10 14:21:35.157203
Exit code : 0
